[0.060s] Invoking command in '/home/piai/turtlebot3_ws/src/build/turtlebot3_navigation2': CMAKE_PREFIX_PATH=/opt/ros/dashing CONDA_PROMPT_MODIFIER=(base) /usr/bin/cmake /home/piai/turtlebot3_ws/src/turtlebot3/turtlebot3_navigation2 -DAMENT_CMAKE_SYMLINK_INSTALL=1 -DCMAKE_INSTALL_PREFIX=/home/piai/turtlebot3_ws/src/install/turtlebot3_navigation2
[0.085s] -- Found ament_cmake: 0.7.6 (/opt/ros/dashing/share/ament_cmake/cmake)
[0.127s] -- Using PYTHON_EXECUTABLE: /home/piai/anaconda3/bin/python3
[0.414s] -- Override CMake install command with custom implementation using symlinks instead of copying resources
[0.527s] -- Configuring done
[0.537s] -- Generating done
[0.538s] -- Build files have been written to: /home/piai/turtlebot3_ws/src/build/turtlebot3_navigation2
[0.547s] Invoked command in '/home/piai/turtlebot3_ws/src/build/turtlebot3_navigation2' returned '0': CMAKE_PREFIX_PATH=/opt/ros/dashing CONDA_PROMPT_MODIFIER=(base) /usr/bin/cmake /home/piai/turtlebot3_ws/src/turtlebot3/turtlebot3_navigation2 -DAMENT_CMAKE_SYMLINK_INSTALL=1 -DCMAKE_INSTALL_PREFIX=/home/piai/turtlebot3_ws/src/install/turtlebot3_navigation2
[0.552s] Invoking command in '/home/piai/turtlebot3_ws/src/build/turtlebot3_navigation2': CMAKE_PREFIX_PATH=/opt/ros/dashing CONDA_PROMPT_MODIFIER=(base) /usr/bin/cmake --build /home/piai/turtlebot3_ws/src/build/turtlebot3_navigation2 -- -j20 -l20
[0.610s] Invoked command in '/home/piai/turtlebot3_ws/src/build/turtlebot3_navigation2' returned '0': CMAKE_PREFIX_PATH=/opt/ros/dashing CONDA_PROMPT_MODIFIER=(base) /usr/bin/cmake --build /home/piai/turtlebot3_ws/src/build/turtlebot3_navigation2 -- -j20 -l20
[0.680s] Invoking command in '/home/piai/turtlebot3_ws/src/build/turtlebot3_navigation2': CMAKE_PREFIX_PATH=/opt/ros/dashing CONDA_PROMPT_MODIFIER=(base) /usr/bin/cmake --build /home/piai/turtlebot3_ws/src/build/turtlebot3_navigation2 --target install -- -j20 -l20
[0.742s] [36mInstall the project...[0m
[0.752s] -- Install configuration: ""
[0.753s] -- Execute custom install script
[0.753s] -- Symlinking: /home/piai/turtlebot3_ws/src/install/turtlebot3_navigation2/share/turtlebot3_navigation2/launch/navigation2.launch.py
[0.766s] -- Symlinking: /home/piai/turtlebot3_ws/src/install/turtlebot3_navigation2/share/turtlebot3_navigation2/map/map.pgm
[0.776s] -- Symlinking: /home/piai/turtlebot3_ws/src/install/turtlebot3_navigation2/share/turtlebot3_navigation2/map/map.yaml
[0.787s] -- Symlinking: /home/piai/turtlebot3_ws/src/install/turtlebot3_navigation2/share/turtlebot3_navigation2/param/burger.yaml
[0.798s] -- Symlinking: /home/piai/turtlebot3_ws/src/install/turtlebot3_navigation2/share/turtlebot3_navigation2/param/waffle.yaml
[0.808s] -- Symlinking: /home/piai/turtlebot3_ws/src/install/turtlebot3_navigation2/share/turtlebot3_navigation2/param/waffle_pi.yaml
[0.829s] -- Symlinking: /home/piai/turtlebot3_ws/src/install/turtlebot3_navigation2/share/turtlebot3_navigation2/rviz/tb3_navigation2.rviz
[0.843s] -- Symlinking: /home/piai/turtlebot3_ws/src/install/turtlebot3_navigation2/share/ament_index/resource_index/package_run_dependencies/turtlebot3_navigation2
[0.854s] -- Symlinking: /home/piai/turtlebot3_ws/src/install/turtlebot3_navigation2/share/ament_index/resource_index/parent_prefix_path/turtlebot3_navigation2
[0.865s] -- Symlinking: /home/piai/turtlebot3_ws/src/install/turtlebot3_navigation2/share/turtlebot3_navigation2/environment/ament_prefix_path.sh
[0.876s] -- Symlinking: /home/piai/turtlebot3_ws/src/install/turtlebot3_navigation2/share/turtlebot3_navigation2/environment/path.sh
[0.892s] -- Symlinking: /home/piai/turtlebot3_ws/src/install/turtlebot3_navigation2/share/turtlebot3_navigation2/local_setup.bash
[0.906s] -- Symlinking: /home/piai/turtlebot3_ws/src/install/turtlebot3_navigation2/share/turtlebot3_navigation2/local_setup.sh
[0.919s] -- Symlinking: /home/piai/turtlebot3_ws/src/install/turtlebot3_navigation2/share/turtlebot3_navigation2/local_setup.zsh
[0.936s] -- Symlinking: /home/piai/turtlebot3_ws/src/install/turtlebot3_navigation2/share/ament_index/resource_index/packages/turtlebot3_navigation2
[0.950s] -- Symlinking: /home/piai/turtlebot3_ws/src/install/turtlebot3_navigation2/share/turtlebot3_navigation2/cmake/turtlebot3_navigation2Config.cmake
[0.967s] -- Symlinking: /home/piai/turtlebot3_ws/src/install/turtlebot3_navigation2/share/turtlebot3_navigation2/cmake/turtlebot3_navigation2Config-version.cmake
[0.988s] -- Symlinking: /home/piai/turtlebot3_ws/src/install/turtlebot3_navigation2/share/turtlebot3_navigation2/package.xml
