[0.027s] Invoking command in '/home/piai/turtlebot3_ws/src/build/turtlebot3_bringup': AMENT_PREFIX_PATH=/home/piai/turtlebot3_ws/src/install/turtlebot3_node:/home/piai/turtlebot3_ws/src/install/turtlebot3_msgs:/home/piai/turtlebot3_ws/src/install/turtlebot3_description:/home/piai/turtlebot3_ws/src/install/dynamixel_sdk:${AMENT_PREFIX_PATH} CMAKE_PREFIX_PATH=/home/piai/turtlebot3_ws/src/install/turtlebot3_node:/home/piai/turtlebot3_ws/src/install/turtlebot3_msgs:/home/piai/turtlebot3_ws/src/install/turtlebot3_description:/home/piai/turtlebot3_ws/src/install/dynamixel_sdk:/opt/ros/dashing CONDA_PROMPT_MODIFIER=(base) LD_LIBRARY_PATH=/home/piai/turtlebot3_ws/src/install/turtlebot3_msgs/lib:/home/piai/turtlebot3_ws/src/install/dynamixel_sdk/lib:${LD_LIBRARY_PATH} PYTHONPATH=/home/piai/turtlebot3_ws/src/install/turtlebot3_msgs/lib/python3.9/site-packages:${PYTHONPATH} /usr/bin/cmake /home/piai/turtlebot3_ws/src/turtlebot3/turtlebot3_bringup -DAMENT_CMAKE_SYMLINK_INSTALL=1 -DCMAKE_INSTALL_PREFIX=/home/piai/turtlebot3_ws/src/install/turtlebot3_bringup
[0.133s] -- The C compiler identification is GNU 7.5.0
[0.230s] -- The CXX compiler identification is GNU 7.5.0
[0.240s] -- Check for working C compiler: /usr/bin/cc
[0.376s] -- Check for working C compiler: /usr/bin/cc -- works
[0.376s] -- Detecting C compiler ABI info
[0.522s] -- Detecting C compiler ABI info - done
[0.534s] -- Detecting C compile features
[0.960s] -- Detecting C compile features - done
[0.966s] -- Check for working CXX compiler: /usr/bin/c++
[1.127s] -- Check for working CXX compiler: /usr/bin/c++ -- works
[1.129s] -- Detecting CXX compiler ABI info
[1.295s] -- Detecting CXX compiler ABI info - done
[1.308s] -- Detecting CXX compile features
[1.958s] -- Detecting CXX compile features - done
[1.963s] -- Found ament_cmake: 0.7.6 (/opt/ros/dashing/share/ament_cmake/cmake)
[2.020s] -- Found PythonInterp: /home/piai/anaconda3/bin/python3 (found suitable version "3.9.15", minimum required is "3") 
[2.020s] -- Using PYTHON_EXECUTABLE: /home/piai/anaconda3/bin/python3
[2.288s] -- Override CMake install command with custom implementation using symlinks instead of copying resources
[2.434s] -- Configuring done
[2.437s] -- Generating done
[2.439s] -- Build files have been written to: /home/piai/turtlebot3_ws/src/build/turtlebot3_bringup
[2.444s] Invoked command in '/home/piai/turtlebot3_ws/src/build/turtlebot3_bringup' returned '0': AMENT_PREFIX_PATH=/home/piai/turtlebot3_ws/src/install/turtlebot3_node:/home/piai/turtlebot3_ws/src/install/turtlebot3_msgs:/home/piai/turtlebot3_ws/src/install/turtlebot3_description:/home/piai/turtlebot3_ws/src/install/dynamixel_sdk:${AMENT_PREFIX_PATH} CMAKE_PREFIX_PATH=/home/piai/turtlebot3_ws/src/install/turtlebot3_node:/home/piai/turtlebot3_ws/src/install/turtlebot3_msgs:/home/piai/turtlebot3_ws/src/install/turtlebot3_description:/home/piai/turtlebot3_ws/src/install/dynamixel_sdk:/opt/ros/dashing CONDA_PROMPT_MODIFIER=(base) LD_LIBRARY_PATH=/home/piai/turtlebot3_ws/src/install/turtlebot3_msgs/lib:/home/piai/turtlebot3_ws/src/install/dynamixel_sdk/lib:${LD_LIBRARY_PATH} PYTHONPATH=/home/piai/turtlebot3_ws/src/install/turtlebot3_msgs/lib/python3.9/site-packages:${PYTHONPATH} /usr/bin/cmake /home/piai/turtlebot3_ws/src/turtlebot3/turtlebot3_bringup -DAMENT_CMAKE_SYMLINK_INSTALL=1 -DCMAKE_INSTALL_PREFIX=/home/piai/turtlebot3_ws/src/install/turtlebot3_bringup
[2.450s] Invoking command in '/home/piai/turtlebot3_ws/src/build/turtlebot3_bringup': AMENT_PREFIX_PATH=/home/piai/turtlebot3_ws/src/install/turtlebot3_node:/home/piai/turtlebot3_ws/src/install/turtlebot3_msgs:/home/piai/turtlebot3_ws/src/install/turtlebot3_description:/home/piai/turtlebot3_ws/src/install/dynamixel_sdk:${AMENT_PREFIX_PATH} CMAKE_PREFIX_PATH=/home/piai/turtlebot3_ws/src/install/turtlebot3_node:/home/piai/turtlebot3_ws/src/install/turtlebot3_msgs:/home/piai/turtlebot3_ws/src/install/turtlebot3_description:/home/piai/turtlebot3_ws/src/install/dynamixel_sdk:/opt/ros/dashing CONDA_PROMPT_MODIFIER=(base) LD_LIBRARY_PATH=/home/piai/turtlebot3_ws/src/install/turtlebot3_msgs/lib:/home/piai/turtlebot3_ws/src/install/dynamixel_sdk/lib:${LD_LIBRARY_PATH} PYTHONPATH=/home/piai/turtlebot3_ws/src/install/turtlebot3_msgs/lib/python3.9/site-packages:${PYTHONPATH} /usr/bin/cmake --build /home/piai/turtlebot3_ws/src/build/turtlebot3_bringup -- -j20 -l20
[2.529s] Invoked command in '/home/piai/turtlebot3_ws/src/build/turtlebot3_bringup' returned '0': AMENT_PREFIX_PATH=/home/piai/turtlebot3_ws/src/install/turtlebot3_node:/home/piai/turtlebot3_ws/src/install/turtlebot3_msgs:/home/piai/turtlebot3_ws/src/install/turtlebot3_description:/home/piai/turtlebot3_ws/src/install/dynamixel_sdk:${AMENT_PREFIX_PATH} CMAKE_PREFIX_PATH=/home/piai/turtlebot3_ws/src/install/turtlebot3_node:/home/piai/turtlebot3_ws/src/install/turtlebot3_msgs:/home/piai/turtlebot3_ws/src/install/turtlebot3_description:/home/piai/turtlebot3_ws/src/install/dynamixel_sdk:/opt/ros/dashing CONDA_PROMPT_MODIFIER=(base) LD_LIBRARY_PATH=/home/piai/turtlebot3_ws/src/install/turtlebot3_msgs/lib:/home/piai/turtlebot3_ws/src/install/dynamixel_sdk/lib:${LD_LIBRARY_PATH} PYTHONPATH=/home/piai/turtlebot3_ws/src/install/turtlebot3_msgs/lib/python3.9/site-packages:${PYTHONPATH} /usr/bin/cmake --build /home/piai/turtlebot3_ws/src/build/turtlebot3_bringup -- -j20 -l20
[2.584s] Invoking command in '/home/piai/turtlebot3_ws/src/build/turtlebot3_bringup': AMENT_PREFIX_PATH=/home/piai/turtlebot3_ws/src/install/turtlebot3_node:/home/piai/turtlebot3_ws/src/install/turtlebot3_msgs:/home/piai/turtlebot3_ws/src/install/turtlebot3_description:/home/piai/turtlebot3_ws/src/install/dynamixel_sdk:${AMENT_PREFIX_PATH} CMAKE_PREFIX_PATH=/home/piai/turtlebot3_ws/src/install/turtlebot3_node:/home/piai/turtlebot3_ws/src/install/turtlebot3_msgs:/home/piai/turtlebot3_ws/src/install/turtlebot3_description:/home/piai/turtlebot3_ws/src/install/dynamixel_sdk:/opt/ros/dashing CONDA_PROMPT_MODIFIER=(base) LD_LIBRARY_PATH=/home/piai/turtlebot3_ws/src/install/turtlebot3_msgs/lib:/home/piai/turtlebot3_ws/src/install/dynamixel_sdk/lib:${LD_LIBRARY_PATH} PYTHONPATH=/home/piai/turtlebot3_ws/src/install/turtlebot3_msgs/lib/python3.9/site-packages:${PYTHONPATH} /usr/bin/cmake --build /home/piai/turtlebot3_ws/src/build/turtlebot3_bringup --target install -- -j20 -l20
[2.694s] [36mInstall the project...[0m
[2.714s] -- Install configuration: ""
[2.714s] -- Execute custom install script
[2.715s] -- Symlinking: /home/piai/turtlebot3_ws/src/install/turtlebot3_bringup/share/turtlebot3_bringup/launch/robot.launch.py
[2.735s] -- Symlinking: /home/piai/turtlebot3_ws/src/install/turtlebot3_bringup/share/turtlebot3_bringup/launch/rviz2.launch.py
[2.755s] -- Symlinking: /home/piai/turtlebot3_ws/src/install/turtlebot3_bringup/share/turtlebot3_bringup/launch/turtlebot3_state_publisher.launch.py
[2.774s] -- Symlinking: /home/piai/turtlebot3_ws/src/install/turtlebot3_bringup/share/turtlebot3_bringup/param/burger.yaml
[2.793s] -- Symlinking: /home/piai/turtlebot3_ws/src/install/turtlebot3_bringup/share/turtlebot3_bringup/param/waffle.yaml
[2.814s] -- Symlinking: /home/piai/turtlebot3_ws/src/install/turtlebot3_bringup/share/turtlebot3_bringup/param/waffle_pi.yaml
[2.830s] -- Symlinking: /home/piai/turtlebot3_ws/src/install/turtlebot3_bringup/share/ament_index/resource_index/package_run_dependencies/turtlebot3_bringup
[2.841s] -- Symlinking: /home/piai/turtlebot3_ws/src/install/turtlebot3_bringup/share/ament_index/resource_index/parent_prefix_path/turtlebot3_bringup
[2.863s] -- Symlinking: /home/piai/turtlebot3_ws/src/install/turtlebot3_bringup/share/turtlebot3_bringup/environment/ament_prefix_path.sh
[2.883s] -- Symlinking: /home/piai/turtlebot3_ws/src/install/turtlebot3_bringup/share/turtlebot3_bringup/environment/path.sh
[2.904s] -- Symlinking: /home/piai/turtlebot3_ws/src/install/turtlebot3_bringup/share/turtlebot3_bringup/local_setup.bash
[2.925s] -- Symlinking: /home/piai/turtlebot3_ws/src/install/turtlebot3_bringup/share/turtlebot3_bringup/local_setup.sh
[2.946s] -- Symlinking: /home/piai/turtlebot3_ws/src/install/turtlebot3_bringup/share/turtlebot3_bringup/local_setup.zsh
[2.960s] -- Symlinking: /home/piai/turtlebot3_ws/src/install/turtlebot3_bringup/share/ament_index/resource_index/packages/turtlebot3_bringup
[2.971s] -- Symlinking: /home/piai/turtlebot3_ws/src/install/turtlebot3_bringup/share/turtlebot3_bringup/cmake/turtlebot3_bringupConfig.cmake
[2.993s] -- Symlinking: /home/piai/turtlebot3_ws/src/install/turtlebot3_bringup/share/turtlebot3_bringup/cmake/turtlebot3_bringupConfig-version.cmake
[3.012s] -- Symlinking: /home/piai/turtlebot3_ws/src/install/turtlebot3_bringup/share/turtlebot3_bringup/package.xml
[3.040s] Invoked command in '/home/piai/turtlebot3_ws/src/build/turtlebot3_bringup' returned '0': AMENT_PREFIX_PATH=/home/piai/turtlebot3_ws/src/install/turtlebot3_node:/home/piai/turtlebot3_ws/src/install/turtlebot3_msgs:/home/piai/turtlebot3_ws/src/install/turtlebot3_description:/home/piai/turtlebot3_ws/src/install/dynamixel_sdk:${AMENT_PREFIX_PATH} CMAKE_PREFIX_PATH=/home/piai/turtlebot3_ws/src/install/turtlebot3_node:/home/piai/turtlebot3_ws/src/install/turtlebot3_msgs:/home/piai/turtlebot3_ws/src/install/turtlebot3_description:/home/piai/turtlebot3_ws/src/install/dynamixel_sdk:/opt/ros/dashing CONDA_PROMPT_MODIFIER=(base) LD_LIBRARY_PATH=/home/piai/turtlebot3_ws/src/install/turtlebot3_msgs/lib:/home/piai/turtlebot3_ws/src/install/dynamixel_sdk/lib:${LD_LIBRARY_PATH} PYTHONPATH=/home/piai/turtlebot3_ws/src/install/turtlebot3_msgs/lib/python3.9/site-packages:${PYTHONPATH} /usr/bin/cmake --build /home/piai/turtlebot3_ws/src/build/turtlebot3_bringup --target install -- -j20 -l20
