Determining if the pthread_create exist failed with the following output:
Change Dir: /home/piai/turtlebot3_ws/src/build/turtlebot3_node/CMakeFiles/CMakeTmp

Run Build Command:"/usr/bin/make" "cmTC_cce0b/fast"
/usr/bin/make -f CMakeFiles/cmTC_cce0b.dir/build.make CMakeFiles/cmTC_cce0b.dir/build
make[1]: Entering directory '/home/piai/turtlebot3_ws/src/build/turtlebot3_node/CMakeFiles/CMakeTmp'
Building C object CMakeFiles/cmTC_cce0b.dir/CheckSymbolExists.c.o
/usr/bin/cc    -o CMakeFiles/cmTC_cce0b.dir/CheckSymbolExists.c.o   -c /home/piai/turtlebot3_ws/src/build/turtlebot3_node/CMakeFiles/CMakeTmp/CheckSymbolExists.c
Linking C executable cmTC_cce0b
/usr/bin/cmake -E cmake_link_script CMakeFiles/cmTC_cce0b.dir/link.txt --verbose=1
/usr/bin/cc      CMakeFiles/cmTC_cce0b.dir/CheckSymbolExists.c.o  -o cmTC_cce0b 
CMakeFiles/cmTC_cce0b.dir/CheckSymbolExists.c.o: In function `main':
CheckSymbolExists.c:(.text+0x1b): undefined reference to `pthread_create'
collect2: error: ld returned 1 exit status
CMakeFiles/cmTC_cce0b.dir/build.make:97: recipe for target 'cmTC_cce0b' failed
make[1]: *** [cmTC_cce0b] Error 1
make[1]: Leaving directory '/home/piai/turtlebot3_ws/src/build/turtlebot3_node/CMakeFiles/CMakeTmp'
Makefile:126: recipe for target 'cmTC_cce0b/fast' failed
make: *** [cmTC_cce0b/fast] Error 2

File /home/piai/turtlebot3_ws/src/build/turtlebot3_node/CMakeFiles/CMakeTmp/CheckSymbolExists.c:
/* */
#include <pthread.h>

int main(int argc, char** argv)
{
  (void)argv;
#ifndef pthread_create
  return ((int*)(&pthread_create))[argc];
#else
  (void)argc;
  return 0;
#endif
}

Determining if the function pthread_create exists in the pthreads failed with the following output:
Change Dir: /home/piai/turtlebot3_ws/src/build/turtlebot3_node/CMakeFiles/CMakeTmp

Run Build Command:"/usr/bin/make" "cmTC_76f0a/fast"
/usr/bin/make -f CMakeFiles/cmTC_76f0a.dir/build.make CMakeFiles/cmTC_76f0a.dir/build
make[1]: Entering directory '/home/piai/turtlebot3_ws/src/build/turtlebot3_node/CMakeFiles/CMakeTmp'
Building C object CMakeFiles/cmTC_76f0a.dir/CheckFunctionExists.c.o
/usr/bin/cc   -DCHECK_FUNCTION_EXISTS=pthread_create   -o CMakeFiles/cmTC_76f0a.dir/CheckFunctionExists.c.o   -c /usr/share/cmake-3.10/Modules/CheckFunctionExists.c
Linking C executable cmTC_76f0a
/usr/bin/cmake -E cmake_link_script CMakeFiles/cmTC_76f0a.dir/link.txt --verbose=1
/usr/bin/cc  -DCHECK_FUNCTION_EXISTS=pthread_create    CMakeFiles/cmTC_76f0a.dir/CheckFunctionExists.c.o  -o cmTC_76f0a -lpthreads 
/usr/bin/ld: cannot find -lpthreads
collect2: error: ld returned 1 exit status
CMakeFiles/cmTC_76f0a.dir/build.make:97: recipe for target 'cmTC_76f0a' failed
make[1]: *** [cmTC_76f0a] Error 1
make[1]: Leaving directory '/home/piai/turtlebot3_ws/src/build/turtlebot3_node/CMakeFiles/CMakeTmp'
Makefile:126: recipe for target 'cmTC_76f0a/fast' failed
make: *** [cmTC_76f0a/fast] Error 2


