[0.065s] Invoking command in '/home/piai/turtlebot3_ws/src/build/turtlebot3_description': CMAKE_PREFIX_PATH=/opt/ros/dashing CONDA_PROMPT_MODIFIER=(base) /usr/local/bin/cmake /home/piai/turtlebot3_ws/src/turtlebot3/turtlebot3_description -DAMENT_CMAKE_SYMLINK_INSTALL=1 -DCMAKE_INSTALL_PREFIX=/home/piai/turtlebot3_ws/src/install/turtlebot3_description
[0.197s] -- The C compiler identification is GNU 7.5.0
[0.329s] -- The CXX compiler identification is GNU 7.5.0
[0.348s] -- Detecting C compiler ABI info
[0.432s] -- Detecting C compiler ABI info - done
[0.448s] -- Check for working C compiler: /usr/bin/cc - skipped
[0.448s] -- Detecting C compile features
[0.449s] -- Detecting C compile features - done
[0.454s] -- Detecting CXX compiler ABI info
[0.559s] -- Detecting CXX compiler ABI info - done
[0.584s] -- Check for working CXX compiler: /usr/bin/c++ - skipped
[0.584s] -- Detecting CXX compile features
[0.585s] -- Detecting CXX compile features - done
[0.588s] -- Found ament_cmake: 0.7.6 (/opt/ros/dashing/share/ament_cmake/cmake)
[0.642s] -- Found PythonInterp: /home/piai/anaconda3/bin/python3 (found suitable version "3.9.15", minimum required is "3") 
[0.642s] -- Using PYTHON_EXECUTABLE: /home/piai/anaconda3/bin/python3
[0.950s] -- Override CMake install command with custom implementation using symlinks instead of copying resources
[0.973s] -- Found urdf: 2.2.0 (/opt/ros/dashing/share/urdf/cmake)
[1.127s] -- Configuring done
[1.138s] -- Generating done
[1.140s] -- Build files have been written to: /home/piai/turtlebot3_ws/src/build/turtlebot3_description
[1.158s] Invoked command in '/home/piai/turtlebot3_ws/src/build/turtlebot3_description' returned '0': CMAKE_PREFIX_PATH=/opt/ros/dashing CONDA_PROMPT_MODIFIER=(base) /usr/local/bin/cmake /home/piai/turtlebot3_ws/src/turtlebot3/turtlebot3_description -DAMENT_CMAKE_SYMLINK_INSTALL=1 -DCMAKE_INSTALL_PREFIX=/home/piai/turtlebot3_ws/src/install/turtlebot3_description
[1.163s] Invoking command in '/home/piai/turtlebot3_ws/src/build/turtlebot3_description': CMAKE_PREFIX_PATH=/opt/ros/dashing CONDA_PROMPT_MODIFIER=(base) /usr/local/bin/cmake --build /home/piai/turtlebot3_ws/src/build/turtlebot3_description -- -j20 -l20
[1.224s] Invoked command in '/home/piai/turtlebot3_ws/src/build/turtlebot3_description' returned '0': CMAKE_PREFIX_PATH=/opt/ros/dashing CONDA_PROMPT_MODIFIER=(base) /usr/local/bin/cmake --build /home/piai/turtlebot3_ws/src/build/turtlebot3_description -- -j20 -l20
[1.273s] Invoking command in '/home/piai/turtlebot3_ws/src/build/turtlebot3_description': CMAKE_PREFIX_PATH=/opt/ros/dashing CONDA_PROMPT_MODIFIER=(base) /usr/local/bin/cmake --install /home/piai/turtlebot3_ws/src/build/turtlebot3_description
[1.287s] -- Install configuration: ""
[1.287s] -- Execute custom install script
[1.288s] -- Symlinking: /home/piai/turtlebot3_ws/src/install/turtlebot3_description/share/turtlebot3_description/meshes/bases/burger_base.stl
[1.288s] -- Symlinking: /home/piai/turtlebot3_ws/src/install/turtlebot3_description/share/turtlebot3_description/meshes/bases/waffle_base.stl
[1.293s] -- Symlinking: /home/piai/turtlebot3_ws/src/install/turtlebot3_description/share/turtlebot3_description/meshes/bases/waffle_pi_base.stl
[1.297s] -- Symlinking: /home/piai/turtlebot3_ws/src/install/turtlebot3_description/share/turtlebot3_description/meshes/sensors/astra.dae
[1.304s] -- Symlinking: /home/piai/turtlebot3_ws/src/install/turtlebot3_description/share/turtlebot3_description/meshes/sensors/astra.jpg
[1.305s] -- Symlinking: /home/piai/turtlebot3_ws/src/install/turtlebot3_description/share/turtlebot3_description/meshes/sensors/lds.stl
[1.308s] -- Symlinking: /home/piai/turtlebot3_ws/src/install/turtlebot3_description/share/turtlebot3_description/meshes/sensors/r200.dae
[1.311s] -- Symlinking: /home/piai/turtlebot3_ws/src/install/turtlebot3_description/share/turtlebot3_description/meshes/sensors/r200.jpg
[1.318s] -- Symlinking: /home/piai/turtlebot3_ws/src/install/turtlebot3_description/share/turtlebot3_description/meshes/wheels/left_tire.stl
[1.319s] -- Symlinking: /home/piai/turtlebot3_ws/src/install/turtlebot3_description/share/turtlebot3_description/meshes/wheels/right_tire.stl
[1.322s] -- Symlinking: /home/piai/turtlebot3_ws/src/install/turtlebot3_description/share/turtlebot3_description/rviz/model.rviz
[1.327s] -- Symlinking: /home/piai/turtlebot3_ws/src/install/turtlebot3_description/share/turtlebot3_description/urdf/common_properties.urdf
[1.329s] -- Symlinking: /home/piai/turtlebot3_ws/src/install/turtlebot3_description/share/turtlebot3_description/urdf/turtlebot3_burger.urdf
[1.332s] -- Symlinking: /home/piai/turtlebot3_ws/src/install/turtlebot3_description/share/turtlebot3_description/urdf/turtlebot3_waffle.urdf
[1.336s] -- Symlinking: /home/piai/turtlebot3_ws/src/install/turtlebot3_description/share/turtlebot3_description/urdf/turtlebot3_waffle_pi.urdf
[1.343s] -- Symlinking: /home/piai/turtlebot3_ws/src/install/turtlebot3_description/share/ament_index/resource_index/package_run_dependencies/turtlebot3_description
[1.343s] -- Symlinking: /home/piai/turtlebot3_ws/src/install/turtlebot3_description/share/ament_index/resource_index/parent_prefix_path/turtlebot3_description
[1.346s] -- Symlinking: /home/piai/turtlebot3_ws/src/install/turtlebot3_description/share/turtlebot3_description/environment/ament_prefix_path.sh
[1.350s] -- Symlinking: /home/piai/turtlebot3_ws/src/install/turtlebot3_description/share/turtlebot3_description/environment/path.sh
[1.353s] -- Symlinking: /home/piai/turtlebot3_ws/src/install/turtlebot3_description/share/turtlebot3_description/local_setup.bash
[1.357s] -- Symlinking: /home/piai/turtlebot3_ws/src/install/turtlebot3_description/share/turtlebot3_description/local_setup.sh
[1.360s] -- Symlinking: /home/piai/turtlebot3_ws/src/install/turtlebot3_description/share/turtlebot3_description/local_setup.zsh
[1.363s] -- Symlinking: /home/piai/turtlebot3_ws/src/install/turtlebot3_description/share/ament_index/resource_index/packages/turtlebot3_description
[1.367s] -- Symlinking: /home/piai/turtlebot3_ws/src/install/turtlebot3_description/share/turtlebot3_description/cmake/turtlebot3_descriptionConfig.cmake
[1.371s] -- Symlinking: /home/piai/turtlebot3_ws/src/install/turtlebot3_description/share/turtlebot3_description/cmake/turtlebot3_descriptionConfig-version.cmake
[1.374s] -- Symlinking: /home/piai/turtlebot3_ws/src/install/turtlebot3_description/share/turtlebot3_description/package.xml
[1.390s] Invoked command in '/home/piai/turtlebot3_ws/src/build/turtlebot3_description' returned '0': CMAKE_PREFIX_PATH=/opt/ros/dashing CONDA_PROMPT_MODIFIER=(base) /usr/local/bin/cmake --install /home/piai/turtlebot3_ws/src/build/turtlebot3_description
