[0.066s] Invoking command in '/home/piai/turtlebot3_ws/src/build/turtlebot3_msgs': CMAKE_PREFIX_PATH=/opt/ros/dashing CONDA_PROMPT_MODIFIER=(base) /usr/bin/cmake /home/piai/turtlebot3_ws/src/turtlebot3_msgs -DAMENT_CMAKE_SYMLINK_INSTALL=1 -DCMAKE_INSTALL_PREFIX=/home/piai/turtlebot3_ws/src/install/turtlebot3_msgs
[0.161s] -- The C compiler identification is GNU 7.5.0
[0.268s] -- The CXX compiler identification is GNU 7.5.0
[0.278s] -- Check for working C compiler: /usr/bin/cc
[0.388s] -- Check for working C compiler: /usr/bin/cc -- works
[0.389s] -- Detecting C compiler ABI info
[0.500s] -- Detecting C compiler ABI info - done
[0.515s] -- Detecting C compile features
[0.884s] -- Detecting C compile features - done
[0.890s] -- Check for working CXX compiler: /usr/bin/c++
[0.999s] -- Check for working CXX compiler: /usr/bin/c++ -- works
[1.001s] -- Detecting CXX compiler ABI info
[1.144s] -- Detecting CXX compiler ABI info - done
[1.150s] -- Detecting CXX compile features
[1.717s] -- Detecting CXX compile features - done
[1.722s] -- Found action_msgs: 0.7.4 (/opt/ros/dashing/share/action_msgs/cmake)
[1.766s] -- Found PythonInterp: /home/piai/anaconda3/bin/python3 (found suitable version "3.9.15", minimum required is "3") 
[1.766s] -- Using PYTHON_EXECUTABLE: /home/piai/anaconda3/bin/python3
[2.054s] -- Override CMake install command with custom implementation using symlinks instead of copying resources
[2.083s] -- Found rosidl_adapter: 0.7.10 (/opt/ros/dashing/share/rosidl_adapter/cmake)
[2.129s] -- Found ament_cmake: 0.7.6 (/opt/ros/dashing/share/ament_cmake/cmake)
[2.152s] -- Found rosidl_default_generators: 0.7.0 (/opt/ros/dashing/share/rosidl_default_generators/cmake)
[2.262s] -- Found OpenSSL: /usr/lib/x86_64-linux-gnu/libcrypto.so (found version "1.1.1") 
[2.290s] -- Found FastRTPS: /opt/ros/dashing/include  
[2.357s] -- Found std_msgs: 0.7.1 (/opt/ros/dashing/share/std_msgs/cmake)
[2.410s] -- Found PythonInterp: /home/piai/anaconda3/bin/python3 (found version "3.9.15") 
[2.469s] CMake Error at /opt/ros/dashing/share/rosidl_adapter/cmake/rosidl_adapt_interfaces.cmake:60 (message):
[2.469s]   execute_process(/home/piai/anaconda3/bin/python3 -m rosidl_adapter
[2.469s]   --package-name turtlebot3_msgs --arguments-file
[2.469s]   /home/piai/turtlebot3_ws/src/build/turtlebot3_msgs/rosidl_adapter__arguments__turtlebot3_msgs.json
[2.470s]   --output-dir
[2.470s]   /home/piai/turtlebot3_ws/src/build/turtlebot3_msgs/rosidl_adapter/turtlebot3_msgs
[2.470s]   --output-file
[2.470s]   /home/piai/turtlebot3_ws/src/build/turtlebot3_msgs/rosidl_adapter/turtlebot3_msgs.idls)
[2.470s]   returned error code 1:
[2.470s] 
[2.471s]   Traceback (most recent call last):
[2.471s] 
[2.471s]     File "/home/piai/anaconda3/lib/python3.9/runpy.py", line 197, in _run_module_as_main
[2.471s]       return _run_code(code, main_globals, None,
[2.471s]     File "/home/piai/anaconda3/lib/python3.9/runpy.py", line 87, in _run_code
[2.472s]       exec(code, run_globals)
[2.472s]     File "/opt/ros/dashing/lib/python3.6/site-packages/rosidl_adapter/__main__.py", line 19, in <module>
[2.472s]       sys.exit(main())
[2.472s]     File "/opt/ros/dashing/lib/python3.6/site-packages/rosidl_adapter/main.py", line 53, in main
[2.472s]       abs_idl_file = convert_to_idl(
[2.472s]     File "/opt/ros/dashing/lib/python3.6/site-packages/rosidl_adapter/__init__.py", line 18, in convert_to_idl
[2.473s]       from rosidl_adapter.msg import convert_msg_to_idl
[2.473s]     File "/opt/ros/dashing/lib/python3.6/site-packages/rosidl_adapter/msg/__init__.py", line 16, in <module>
[2.474s]       from rosidl_adapter.resource import expand_template
[2.475s]     File "/opt/ros/dashing/lib/python3.6/site-packages/rosidl_adapter/resource/__init__.py", line 19, in <module>
[2.475s]       import em
[2.475s] 
[2.475s]   ModuleNotFoundError: No module named 'em'
[2.476s] 
[2.476s] Call Stack (most recent call first):
[2.476s]   /opt/ros/dashing/share/rosidl_cmake/cmake/rosidl_generate_interfaces.cmake:130 (rosidl_adapt_interfaces)
[2.476s]   CMakeLists.txt:45 (rosidl_generate_interfaces)
[2.477s] 
[2.477s] 
[2.478s] -- Configuring incomplete, errors occurred!
[2.478s] See also "/home/piai/turtlebot3_ws/src/build/turtlebot3_msgs/CMakeFiles/CMakeOutput.log".
