[0.024s] Invoking command in '/home/piai/turtlebot3_ws/src/build/turtlebot3_node': AMENT_PREFIX_PATH=/home/piai/turtlebot3_ws/src/install/turtlebot3_msgs:/home/piai/turtlebot3_ws/src/install/dynamixel_sdk:${AMENT_PREFIX_PATH} CMAKE_PREFIX_PATH=/home/piai/turtlebot3_ws/src/install/turtlebot3_msgs:/home/piai/turtlebot3_ws/src/install/dynamixel_sdk:/opt/ros/dashing CONDA_PROMPT_MODIFIER=(base) LD_LIBRARY_PATH=/home/piai/turtlebot3_ws/src/install/turtlebot3_msgs/lib:/home/piai/turtlebot3_ws/src/install/dynamixel_sdk/lib:${LD_LIBRARY_PATH} PYTHONPATH=/home/piai/turtlebot3_ws/src/install/turtlebot3_msgs/lib/python3.9/site-packages:${PYTHONPATH} /usr/bin/cmake /home/piai/turtlebot3_ws/src/turtlebot3/turtlebot3_node -DAMENT_CMAKE_SYMLINK_INSTALL=1 -DCMAKE_INSTALL_PREFIX=/home/piai/turtlebot3_ws/src/install/turtlebot3_node
[0.128s] -- The C compiler identification is GNU 7.5.0
[0.225s] -- The CXX compiler identification is GNU 7.5.0
[0.234s] -- Check for working C compiler: /usr/bin/cc
[0.379s] -- Check for working C compiler: /usr/bin/cc -- works
[0.380s] -- Detecting C compiler ABI info
[0.520s] -- Detecting C compiler ABI info - done
[0.533s] -- Detecting C compile features
[0.902s] -- Detecting C compile features - done
[0.906s] -- Check for working CXX compiler: /usr/bin/c++
[1.030s] -- Check for working CXX compiler: /usr/bin/c++ -- works
[1.030s] -- Detecting CXX compiler ABI info
[1.192s] -- Detecting CXX compiler ABI info - done
[1.206s] -- Detecting CXX compile features
[1.901s] -- Detecting CXX compile features - done
[1.907s] -- Found ament_cmake: 0.7.6 (/opt/ros/dashing/share/ament_cmake/cmake)
[1.966s] -- Found PythonInterp: /home/piai/anaconda3/bin/python3 (found suitable version "3.9.15", minimum required is "3") 
[1.966s] -- Using PYTHON_EXECUTABLE: /home/piai/anaconda3/bin/python3
[2.255s] -- Override CMake install command with custom implementation using symlinks instead of copying resources
[2.289s] -- Found dynamixel_sdk: 3.7.40 (/home/piai/turtlebot3_ws/src/install/dynamixel_sdk/share/dynamixel_sdk/cmake)
[2.294s] -- Found geometry_msgs: 0.7.1 (/opt/ros/dashing/share/geometry_msgs/cmake)
[2.322s] -- Found rosidl_adapter: 0.7.10 (/opt/ros/dashing/share/rosidl_adapter/cmake)
[2.367s] -- Found message_filters: 3.1.3 (/opt/ros/dashing/share/message_filters/cmake)
[2.371s] -- Found nav_msgs: 0.7.1 (/opt/ros/dashing/share/nav_msgs/cmake)
[2.383s] -- Found rclcpp: 0.7.16 (/opt/ros/dashing/share/rclcpp/cmake)
[2.396s] -- Found rmw_implementation_cmake: 0.7.2 (/opt/ros/dashing/share/rmw_implementation_cmake/cmake)
[2.398s] -- Using RMW implementation 'rmw_fastrtps_cpp' as default
[2.398s] -- Looking for pthread.h
[2.550s] -- Looking for pthread.h - found
[2.550s] -- Looking for pthread_create
[2.700s] -- Looking for pthread_create - not found
[2.700s] -- Looking for pthread_create in pthreads
[2.830s] -- Looking for pthread_create in pthreads - not found
[2.831s] -- Looking for pthread_create in pthread
[2.975s] -- Looking for pthread_create in pthread - found
[2.977s] -- Found Threads: TRUE  
[3.022s] -- Found sensor_msgs: 0.7.1 (/opt/ros/dashing/share/sensor_msgs/cmake)
[3.034s] -- Found std_srvs: 0.7.1 (/opt/ros/dashing/share/std_srvs/cmake)
[3.041s] -- Found tf2: 0.11.6 (/opt/ros/dashing/share/tf2/cmake)
[3.046s] -- Found tf2_ros: 0.11.6 (/opt/ros/dashing/share/tf2_ros/cmake)
[3.093s] -- Found turtlebot3_msgs: 2.2.1 (/home/piai/turtlebot3_ws/src/install/turtlebot3_msgs/share/turtlebot3_msgs/cmake)
[3.435s] -- Configuring done
[3.480s] -- Generating done
[3.481s] -- Build files have been written to: /home/piai/turtlebot3_ws/src/build/turtlebot3_node
[3.487s] Invoked command in '/home/piai/turtlebot3_ws/src/build/turtlebot3_node' returned '0': AMENT_PREFIX_PATH=/home/piai/turtlebot3_ws/src/install/turtlebot3_msgs:/home/piai/turtlebot3_ws/src/install/dynamixel_sdk:${AMENT_PREFIX_PATH} CMAKE_PREFIX_PATH=/home/piai/turtlebot3_ws/src/install/turtlebot3_msgs:/home/piai/turtlebot3_ws/src/install/dynamixel_sdk:/opt/ros/dashing CONDA_PROMPT_MODIFIER=(base) LD_LIBRARY_PATH=/home/piai/turtlebot3_ws/src/install/turtlebot3_msgs/lib:/home/piai/turtlebot3_ws/src/install/dynamixel_sdk/lib:${LD_LIBRARY_PATH} PYTHONPATH=/home/piai/turtlebot3_ws/src/install/turtlebot3_msgs/lib/python3.9/site-packages:${PYTHONPATH} /usr/bin/cmake /home/piai/turtlebot3_ws/src/turtlebot3/turtlebot3_node -DAMENT_CMAKE_SYMLINK_INSTALL=1 -DCMAKE_INSTALL_PREFIX=/home/piai/turtlebot3_ws/src/install/turtlebot3_node
[3.492s] Invoking command in '/home/piai/turtlebot3_ws/src/build/turtlebot3_node': AMENT_PREFIX_PATH=/home/piai/turtlebot3_ws/src/install/turtlebot3_msgs:/home/piai/turtlebot3_ws/src/install/dynamixel_sdk:${AMENT_PREFIX_PATH} CMAKE_PREFIX_PATH=/home/piai/turtlebot3_ws/src/install/turtlebot3_msgs:/home/piai/turtlebot3_ws/src/install/dynamixel_sdk:/opt/ros/dashing CONDA_PROMPT_MODIFIER=(base) LD_LIBRARY_PATH=/home/piai/turtlebot3_ws/src/install/turtlebot3_msgs/lib:/home/piai/turtlebot3_ws/src/install/dynamixel_sdk/lib:${LD_LIBRARY_PATH} PYTHONPATH=/home/piai/turtlebot3_ws/src/install/turtlebot3_msgs/lib/python3.9/site-packages:${PYTHONPATH} /usr/bin/cmake --build /home/piai/turtlebot3_ws/src/build/turtlebot3_node -- -j20 -l20
[3.578s] [35m[1mScanning dependencies of target turtlebot3_node_lib[0m
[3.671s] [  7%] [32mBuilding CXX object CMakeFiles/turtlebot3_node_lib.dir/src/sensors/joint_state.cpp.o[0m
[3.677s] [ 14%] [32mBuilding CXX object CMakeFiles/turtlebot3_node_lib.dir/src/devices/sound.cpp.o[0m
[3.679s] [ 21%] [32mBuilding CXX object CMakeFiles/turtlebot3_node_lib.dir/src/diff_drive_controller.cpp.o[0m
[3.679s] [ 28%] [32mBuilding CXX object CMakeFiles/turtlebot3_node_lib.dir/src/turtlebot3.cpp.o[0m
[3.680s] [ 35%] [32mBuilding CXX object CMakeFiles/turtlebot3_node_lib.dir/src/sensors/sensor_state.cpp.o[0m
[3.681s] [ 42%] [32mBuilding CXX object CMakeFiles/turtlebot3_node_lib.dir/src/devices/motor_power.cpp.o[0m
[3.683s] [ 50%] [32mBuilding CXX object CMakeFiles/turtlebot3_node_lib.dir/src/devices/reset.cpp.o[0m
[3.684s] [ 57%] [32mBuilding CXX object CMakeFiles/turtlebot3_node_lib.dir/src/sensors/imu.cpp.o[0m
[3.684s] [ 64%] [32mBuilding CXX object CMakeFiles/turtlebot3_node_lib.dir/src/odometry.cpp.o[0m
[3.685s] [ 71%] [32mBuilding CXX object CMakeFiles/turtlebot3_node_lib.dir/src/dynamixel_sdk_wrapper.cpp.o[0m
[3.686s] [ 78%] [32mBuilding CXX object CMakeFiles/turtlebot3_node_lib.dir/src/sensors/battery_state.cpp.o[0m
[10.163s] [ 85%] [32m[1mLinking CXX static library libturtlebot3_node_lib.a[0m
[10.380s] [ 85%] Built target turtlebot3_node_lib
[10.402s] [35m[1mScanning dependencies of target turtlebot3_ros[0m
[10.466s] [ 92%] [32mBuilding CXX object CMakeFiles/turtlebot3_ros.dir/src/node_main.cpp.o[0m
[12.066s] [100%] [32m[1mLinking CXX executable turtlebot3_ros[0m
[12.837s] [100%] Built target turtlebot3_ros
[12.851s] Invoked command in '/home/piai/turtlebot3_ws/src/build/turtlebot3_node' returned '0': AMENT_PREFIX_PATH=/home/piai/turtlebot3_ws/src/install/turtlebot3_msgs:/home/piai/turtlebot3_ws/src/install/dynamixel_sdk:${AMENT_PREFIX_PATH} CMAKE_PREFIX_PATH=/home/piai/turtlebot3_ws/src/install/turtlebot3_msgs:/home/piai/turtlebot3_ws/src/install/dynamixel_sdk:/opt/ros/dashing CONDA_PROMPT_MODIFIER=(base) LD_LIBRARY_PATH=/home/piai/turtlebot3_ws/src/install/turtlebot3_msgs/lib:/home/piai/turtlebot3_ws/src/install/dynamixel_sdk/lib:${LD_LIBRARY_PATH} PYTHONPATH=/home/piai/turtlebot3_ws/src/install/turtlebot3_msgs/lib/python3.9/site-packages:${PYTHONPATH} /usr/bin/cmake --build /home/piai/turtlebot3_ws/src/build/turtlebot3_node -- -j20 -l20
[12.953s] Invoking command in '/home/piai/turtlebot3_ws/src/build/turtlebot3_node': AMENT_PREFIX_PATH=/home/piai/turtlebot3_ws/src/install/turtlebot3_msgs:/home/piai/turtlebot3_ws/src/install/dynamixel_sdk:${AMENT_PREFIX_PATH} CMAKE_PREFIX_PATH=/home/piai/turtlebot3_ws/src/install/turtlebot3_msgs:/home/piai/turtlebot3_ws/src/install/dynamixel_sdk:/opt/ros/dashing CONDA_PROMPT_MODIFIER=(base) LD_LIBRARY_PATH=/home/piai/turtlebot3_ws/src/install/turtlebot3_msgs/lib:/home/piai/turtlebot3_ws/src/install/dynamixel_sdk/lib:${LD_LIBRARY_PATH} PYTHONPATH=/home/piai/turtlebot3_ws/src/install/turtlebot3_msgs/lib/python3.9/site-packages:${PYTHONPATH} /usr/bin/cmake --build /home/piai/turtlebot3_ws/src/build/turtlebot3_node --target install -- -j20 -l20
[13.098s] [ 85%] Built target turtlebot3_node_lib
[13.166s] [100%] Built target turtlebot3_ros
[13.211s] [36mInstall the project...[0m
[13.233s] -- Install configuration: ""
[13.234s] -- Execute custom install script
[13.235s] -- Symlinking: /home/piai/turtlebot3_ws/src/install/turtlebot3_node/share/turtlebot3_node/param/burger.yaml
[13.257s] -- Symlinking: /home/piai/turtlebot3_ws/src/install/turtlebot3_node/share/turtlebot3_node/param/waffle.yaml
[13.274s] -- Symlinking: /home/piai/turtlebot3_ws/src/install/turtlebot3_node/share/turtlebot3_node/param/waffle_pi.yaml
[13.298s] -- Symlinking: /home/piai/turtlebot3_ws/src/install/turtlebot3_node/lib/turtlebot3_node/turtlebot3_ros
[13.319s] -- Symlinking: /home/piai/turtlebot3_ws/src/install/turtlebot3_node/share/ament_index/resource_index/package_run_dependencies/turtlebot3_node
[13.335s] -- Symlinking: /home/piai/turtlebot3_ws/src/install/turtlebot3_node/share/ament_index/resource_index/parent_prefix_path/turtlebot3_node
[13.347s] -- Symlinking: /home/piai/turtlebot3_ws/src/install/turtlebot3_node/share/turtlebot3_node/environment/ament_prefix_path.sh
[13.369s] -- Symlinking: /home/piai/turtlebot3_ws/src/install/turtlebot3_node/share/turtlebot3_node/environment/path.sh
[13.385s] -- Symlinking: /home/piai/turtlebot3_ws/src/install/turtlebot3_node/share/turtlebot3_node/local_setup.bash
[13.396s] -- Symlinking: /home/piai/turtlebot3_ws/src/install/turtlebot3_node/share/turtlebot3_node/local_setup.sh
[13.408s] -- Symlinking: /home/piai/turtlebot3_ws/src/install/turtlebot3_node/share/turtlebot3_node/local_setup.zsh
[13.424s] -- Symlinking: /home/piai/turtlebot3_ws/src/install/turtlebot3_node/share/ament_index/resource_index/packages/turtlebot3_node
[13.436s] -- Symlinking: /home/piai/turtlebot3_ws/src/install/turtlebot3_node/share/turtlebot3_node/cmake/ament_cmake_export_include_directories-extras.cmake
[13.458s] -- Symlinking: /home/piai/turtlebot3_ws/src/install/turtlebot3_node/share/turtlebot3_node/cmake/turtlebot3_nodeConfig.cmake
[13.476s] -- Symlinking: /home/piai/turtlebot3_ws/src/install/turtlebot3_node/share/turtlebot3_node/cmake/turtlebot3_nodeConfig-version.cmake
[13.498s] -- Symlinking: /home/piai/turtlebot3_ws/src/install/turtlebot3_node/share/turtlebot3_node/package.xml
[13.529s] Invoked command in '/home/piai/turtlebot3_ws/src/build/turtlebot3_node' returned '0': AMENT_PREFIX_PATH=/home/piai/turtlebot3_ws/src/install/turtlebot3_msgs:/home/piai/turtlebot3_ws/src/install/dynamixel_sdk:${AMENT_PREFIX_PATH} CMAKE_PREFIX_PATH=/home/piai/turtlebot3_ws/src/install/turtlebot3_msgs:/home/piai/turtlebot3_ws/src/install/dynamixel_sdk:/opt/ros/dashing CONDA_PROMPT_MODIFIER=(base) LD_LIBRARY_PATH=/home/piai/turtlebot3_ws/src/install/turtlebot3_msgs/lib:/home/piai/turtlebot3_ws/src/install/dynamixel_sdk/lib:${LD_LIBRARY_PATH} PYTHONPATH=/home/piai/turtlebot3_ws/src/install/turtlebot3_msgs/lib/python3.9/site-packages:${PYTHONPATH} /usr/bin/cmake --build /home/piai/turtlebot3_ws/src/build/turtlebot3_node --target install -- -j20 -l20
