[0.062s] Invoking command in '/home/piai/turtlebot3_ws/src/build/turtlebot3_cartographer': CMAKE_PREFIX_PATH=/opt/ros/dashing CONDA_PROMPT_MODIFIER=(base) /usr/bin/cmake /home/piai/turtlebot3_ws/src/turtlebot3/turtlebot3_cartographer -DAMENT_CMAKE_SYMLINK_INSTALL=1 -DCMAKE_INSTALL_PREFIX=/home/piai/turtlebot3_ws/src/install/turtlebot3_cartographer
[0.141s] -- The C compiler identification is GNU 7.5.0
[0.250s] -- The CXX compiler identification is GNU 7.5.0
[0.259s] -- Check for working C compiler: /usr/bin/cc
[0.355s] -- Check for working C compiler: /usr/bin/cc -- works
[0.356s] -- Detecting C compiler ABI info
[0.461s] -- Detecting C compiler ABI info - done
[0.466s] -- Detecting C compile features
[0.829s] -- Detecting C compile features - done
[0.831s] -- Check for working CXX compiler: /usr/bin/c++
[0.970s] -- Check for working CXX compiler: /usr/bin/c++ -- works
[0.970s] -- Detecting CXX compiler ABI info
[1.097s] -- Detecting CXX compiler ABI info - done
[1.110s] -- Detecting CXX compile features
[1.681s] -- Detecting CXX compile features - done
[1.686s] -- Found ament_cmake: 0.7.6 (/opt/ros/dashing/share/ament_cmake/cmake)
[1.740s] -- Found PythonInterp: /home/piai/anaconda3/bin/python3 (found suitable version "3.9.15", minimum required is "3") 
[1.741s] -- Using PYTHON_EXECUTABLE: /home/piai/anaconda3/bin/python3
[2.044s] -- Override CMake install command with custom implementation using symlinks instead of copying resources
[2.120s] Traceback (most recent call last):
[2.120s]   File "/opt/ros/dashing/share/ament_cmake_core/cmake/core/package_xml_2_cmake.py", line 21, in <module>
[2.120s]     from catkin_pkg.package import parse_package_string
[2.120s] ModuleNotFoundError: No module named 'catkin_pkg'
[2.124s] CMake Error at /opt/ros/dashing/share/ament_cmake_core/cmake/core/ament_package_xml.cmake:94 (message):
[2.124s]   execute_process(/home/piai/anaconda3/bin/python3
[2.124s]   /opt/ros/dashing/share/ament_cmake_core/cmake/core/package_xml_2_cmake.py
[2.125s]   /home/piai/turtlebot3_ws/src/turtlebot3/turtlebot3_cartographer/package.xml
[2.125s]   /home/piai/turtlebot3_ws/src/build/turtlebot3_cartographer/ament_cmake_core/package.cmake)
[2.125s]   returned error code 1
[2.125s] Call Stack (most recent call first):
[2.125s]   /opt/ros/dashing/share/ament_cmake_core/cmake/core/ament_package_xml.cmake:49 (_ament_package_xml)
[2.126s]   /opt/ros/dashing/share/ament_cmake_core/cmake/core/ament_package.cmake:63 (ament_package_xml)
[2.126s]   CMakeLists.txt:23 (ament_package)
[2.126s] 
[2.126s] 
[2.127s] -- Configuring incomplete, errors occurred!
[2.127s] See also "/home/piai/turtlebot3_ws/src/build/turtlebot3_cartographer/CMakeFiles/CMakeOutput.log".
