[0.066s] Invoking command in '/home/piai/turtlebot3_ws/src/build/turtlebot3_description': CMAKE_PREFIX_PATH=/opt/ros/dashing CONDA_PROMPT_MODIFIER=(base) /usr/bin/cmake /home/piai/turtlebot3_ws/src/turtlebot3/turtlebot3_description -DAMENT_CMAKE_SYMLINK_INSTALL=1 -DCMAKE_INSTALL_PREFIX=/home/piai/turtlebot3_ws/src/install/turtlebot3_description
[0.160s] -- The C compiler identification is GNU 7.5.0
[0.257s] -- The CXX compiler identification is GNU 7.5.0
[0.261s] -- Check for working C compiler: /usr/bin/cc
[0.373s] -- Check for working C compiler: /usr/bin/cc -- works
[0.374s] -- Detecting C compiler ABI info
[0.514s] -- Detecting C compiler ABI info - done
[0.529s] -- Detecting C compile features
[0.851s] -- Detecting C compile features - done
[0.855s] -- Check for working CXX compiler: /usr/bin/c++
[0.984s] -- Check for working CXX compiler: /usr/bin/c++ -- works
[0.987s] -- Detecting CXX compiler ABI info
[1.130s] -- Detecting CXX compiler ABI info - done
[1.143s] -- Detecting CXX compile features
[1.697s] -- Detecting CXX compile features - done
[1.700s] -- Found ament_cmake: 0.7.6 (/opt/ros/dashing/share/ament_cmake/cmake)
[1.756s] -- Found PythonInterp: /home/piai/anaconda3/bin/python3 (found suitable version "3.9.15", minimum required is "3") 
[1.756s] -- Using PYTHON_EXECUTABLE: /home/piai/anaconda3/bin/python3
[2.053s] -- Override CMake install command with custom implementation using symlinks instead of copying resources
[2.088s] -- Found urdf: 2.2.0 (/opt/ros/dashing/share/urdf/cmake)
[2.154s] Traceback (most recent call last):
[2.155s]   File "/opt/ros/dashing/share/ament_cmake_core/cmake/core/package_xml_2_cmake.py", line 21, in <module>
[2.155s]     from catkin_pkg.package import parse_package_string
[2.155s] ModuleNotFoundError: No module named 'catkin_pkg'
[2.159s] CMake Error at /opt/ros/dashing/share/ament_cmake_core/cmake/core/ament_package_xml.cmake:94 (message):
[2.159s]   execute_process(/home/piai/anaconda3/bin/python3
[2.159s]   /opt/ros/dashing/share/ament_cmake_core/cmake/core/package_xml_2_cmake.py
[2.159s]   /home/piai/turtlebot3_ws/src/turtlebot3/turtlebot3_description/package.xml
[2.160s]   /home/piai/turtlebot3_ws/src/build/turtlebot3_description/ament_cmake_core/package.cmake)
[2.160s]   returned error code 1
[2.160s] Call Stack (most recent call first):
[2.160s]   /opt/ros/dashing/share/ament_cmake_core/cmake/core/ament_package_xml.cmake:49 (_ament_package_xml)
[2.160s]   /opt/ros/dashing/share/ament_cmake_core/cmake/core/ament_package.cmake:63 (ament_package_xml)
[2.161s]   CMakeLists.txt:31 (ament_package)
[2.161s] 
[2.161s] 
[2.161s] -- Configuring incomplete, errors occurred!
[2.161s] See also "/home/piai/turtlebot3_ws/src/build/turtlebot3_description/CMakeFiles/CMakeOutput.log".
