[0.026s] Invoking command in '/home/piai/turtlebot3_ws/src/build/turtlebot3_node': AMENT_PREFIX_PATH=/home/piai/turtlebot3_ws/src/install/turtlebot3_msgs:/home/piai/turtlebot3_ws/src/install/dynamixel_sdk:${AMENT_PREFIX_PATH} CMAKE_PREFIX_PATH=/home/piai/turtlebot3_ws/src/install/turtlebot3_msgs:/home/piai/turtlebot3_ws/src/install/dynamixel_sdk:/opt/ros/dashing CONDA_PROMPT_MODIFIER=(base) LD_LIBRARY_PATH=/home/piai/turtlebot3_ws/src/install/turtlebot3_msgs/lib:/home/piai/turtlebot3_ws/src/install/dynamixel_sdk/lib:/usr/lib/x86_64-linux-gnu/gazebo-9/plugins:/opt/ros/dashing/opt/yaml_cpp_vendor/lib:/opt/ros/dashing/opt/rviz_ogre_vendor/lib:/opt/ros/dashing/lib:/usr/local/cuda/lib64 PYTHONPATH=/home/piai/turtlebot3_ws/src/install/turtlebot3_msgs/lib/python3.9/site-packages:${PYTHONPATH} /usr/local/bin/cmake /home/piai/turtlebot3_ws/src/turtlebot3/turtlebot3_node -DAMENT_CMAKE_SYMLINK_INSTALL=1 -DCMAKE_INSTALL_PREFIX=/home/piai/turtlebot3_ws/src/install/turtlebot3_node
[0.129s] -- The C compiler identification is GNU 7.5.0
[0.231s] -- The CXX compiler identification is GNU 7.5.0
[0.249s] -- Detecting C compiler ABI info
[0.358s] -- Detecting C compiler ABI info - done
[0.379s] -- Check for working C compiler: /usr/bin/cc - skipped
[0.380s] -- Detecting C compile features
[0.380s] -- Detecting C compile features - done
[0.385s] -- Detecting CXX compiler ABI info
[0.508s] -- Detecting CXX compiler ABI info - done
[0.530s] -- Check for working CXX compiler: /usr/bin/c++ - skipped
[0.531s] -- Detecting CXX compile features
[0.532s] -- Detecting CXX compile features - done
[0.535s] -- Found ament_cmake: 0.7.6 (/opt/ros/dashing/share/ament_cmake/cmake)
[0.587s] -- Found PythonInterp: /home/piai/anaconda3/bin/python3 (found suitable version "3.9.15", minimum required is "3") 
[0.588s] -- Using PYTHON_EXECUTABLE: /home/piai/anaconda3/bin/python3
[0.871s] -- Override CMake install command with custom implementation using symlinks instead of copying resources
[0.908s] -- Found dynamixel_sdk: 3.7.40 (/home/piai/turtlebot3_ws/src/install/dynamixel_sdk/share/dynamixel_sdk/cmake)
[0.912s] -- Found geometry_msgs: 0.7.1 (/opt/ros/dashing/share/geometry_msgs/cmake)
[0.928s] -- Found rosidl_adapter: 0.7.10 (/opt/ros/dashing/share/rosidl_adapter/cmake)
[0.970s] -- Found message_filters: 3.1.3 (/opt/ros/dashing/share/message_filters/cmake)
[0.973s] -- Found nav_msgs: 0.7.1 (/opt/ros/dashing/share/nav_msgs/cmake)
[0.985s] -- Found rclcpp: 0.7.16 (/opt/ros/dashing/share/rclcpp/cmake)
[0.998s] -- Found rmw_implementation_cmake: 0.7.2 (/opt/ros/dashing/share/rmw_implementation_cmake/cmake)
[0.999s] -- Using RMW implementation 'rmw_fastrtps_cpp' as default
[1.000s] -- Looking for pthread.h
[1.110s] -- Looking for pthread.h - found
[1.110s] -- Performing Test CMAKE_HAVE_LIBC_PTHREAD
[1.236s] -- Performing Test CMAKE_HAVE_LIBC_PTHREAD - Failed
[1.237s] -- Looking for pthread_create in pthreads
[1.337s] -- Looking for pthread_create in pthreads - not found
[1.338s] -- Looking for pthread_create in pthread
[1.459s] -- Looking for pthread_create in pthread - found
[1.462s] -- Found Threads: TRUE  
[1.502s] -- Found sensor_msgs: 0.7.1 (/opt/ros/dashing/share/sensor_msgs/cmake)
[1.514s] -- Found std_srvs: 0.7.1 (/opt/ros/dashing/share/std_srvs/cmake)
[1.519s] -- Found tf2: 0.11.6 (/opt/ros/dashing/share/tf2/cmake)
[1.525s] -- Found tf2_ros: 0.11.6 (/opt/ros/dashing/share/tf2_ros/cmake)
[1.570s] -- Found turtlebot3_msgs: 2.2.1 (/home/piai/turtlebot3_ws/src/install/turtlebot3_msgs/share/turtlebot3_msgs/cmake)
[1.925s] -- Configuring done
[1.977s] -- Generating done
[1.977s] -- Build files have been written to: /home/piai/turtlebot3_ws/src/build/turtlebot3_node
[1.984s] Invoked command in '/home/piai/turtlebot3_ws/src/build/turtlebot3_node' returned '0': AMENT_PREFIX_PATH=/home/piai/turtlebot3_ws/src/install/turtlebot3_msgs:/home/piai/turtlebot3_ws/src/install/dynamixel_sdk:${AMENT_PREFIX_PATH} CMAKE_PREFIX_PATH=/home/piai/turtlebot3_ws/src/install/turtlebot3_msgs:/home/piai/turtlebot3_ws/src/install/dynamixel_sdk:/opt/ros/dashing CONDA_PROMPT_MODIFIER=(base) LD_LIBRARY_PATH=/home/piai/turtlebot3_ws/src/install/turtlebot3_msgs/lib:/home/piai/turtlebot3_ws/src/install/dynamixel_sdk/lib:/usr/lib/x86_64-linux-gnu/gazebo-9/plugins:/opt/ros/dashing/opt/yaml_cpp_vendor/lib:/opt/ros/dashing/opt/rviz_ogre_vendor/lib:/opt/ros/dashing/lib:/usr/local/cuda/lib64 PYTHONPATH=/home/piai/turtlebot3_ws/src/install/turtlebot3_msgs/lib/python3.9/site-packages:${PYTHONPATH} /usr/local/bin/cmake /home/piai/turtlebot3_ws/src/turtlebot3/turtlebot3_node -DAMENT_CMAKE_SYMLINK_INSTALL=1 -DCMAKE_INSTALL_PREFIX=/home/piai/turtlebot3_ws/src/install/turtlebot3_node
[1.989s] Invoking command in '/home/piai/turtlebot3_ws/src/build/turtlebot3_node': AMENT_PREFIX_PATH=/home/piai/turtlebot3_ws/src/install/turtlebot3_msgs:/home/piai/turtlebot3_ws/src/install/dynamixel_sdk:${AMENT_PREFIX_PATH} CMAKE_PREFIX_PATH=/home/piai/turtlebot3_ws/src/install/turtlebot3_msgs:/home/piai/turtlebot3_ws/src/install/dynamixel_sdk:/opt/ros/dashing CONDA_PROMPT_MODIFIER=(base) LD_LIBRARY_PATH=/home/piai/turtlebot3_ws/src/install/turtlebot3_msgs/lib:/home/piai/turtlebot3_ws/src/install/dynamixel_sdk/lib:/usr/lib/x86_64-linux-gnu/gazebo-9/plugins:/opt/ros/dashing/opt/yaml_cpp_vendor/lib:/opt/ros/dashing/opt/rviz_ogre_vendor/lib:/opt/ros/dashing/lib:/usr/local/cuda/lib64 PYTHONPATH=/home/piai/turtlebot3_ws/src/install/turtlebot3_msgs/lib/python3.9/site-packages:${PYTHONPATH} /usr/local/bin/cmake --build /home/piai/turtlebot3_ws/src/build/turtlebot3_node -- -j20 -l20
[2.049s] [  7%] [32mBuilding CXX object CMakeFiles/turtlebot3_node_lib.dir/src/devices/motor_power.cpp.o[0m
[2.050s] [ 14%] [32mBuilding CXX object CMakeFiles/turtlebot3_node_lib.dir/src/devices/reset.cpp.o[0m
[2.050s] [ 21%] [32mBuilding CXX object CMakeFiles/turtlebot3_node_lib.dir/src/devices/sound.cpp.o[0m
[2.050s] [ 28%] [32mBuilding CXX object CMakeFiles/turtlebot3_node_lib.dir/src/dynamixel_sdk_wrapper.cpp.o[0m
[2.051s] [ 35%] [32mBuilding CXX object CMakeFiles/turtlebot3_node_lib.dir/src/sensors/battery_state.cpp.o[0m
[2.051s] [ 42%] [32mBuilding CXX object CMakeFiles/turtlebot3_node_lib.dir/src/diff_drive_controller.cpp.o[0m
[2.052s] [ 50%] [32mBuilding CXX object CMakeFiles/turtlebot3_node_lib.dir/src/sensors/imu.cpp.o[0m
[2.052s] [ 57%] [32mBuilding CXX object CMakeFiles/turtlebot3_node_lib.dir/src/turtlebot3.cpp.o[0m
[2.053s] [ 64%] [32mBuilding CXX object CMakeFiles/turtlebot3_node_lib.dir/src/odometry.cpp.o[0m
[2.054s] [ 71%] [32mBuilding CXX object CMakeFiles/turtlebot3_node_lib.dir/src/sensors/joint_state.cpp.o[0m
[2.055s] [ 78%] [32mBuilding CXX object CMakeFiles/turtlebot3_node_lib.dir/src/sensors/sensor_state.cpp.o[0m
[8.546s] [ 85%] [32m[1mLinking CXX static library libturtlebot3_node_lib.a[0m
[8.715s] [ 85%] Built target turtlebot3_node_lib
[8.740s] [ 92%] [32mBuilding CXX object CMakeFiles/turtlebot3_ros.dir/src/node_main.cpp.o[0m
[10.286s] [100%] [32m[1mLinking CXX executable turtlebot3_ros[0m
[11.030s] [100%] Built target turtlebot3_ros
[11.042s] Invoked command in '/home/piai/turtlebot3_ws/src/build/turtlebot3_node' returned '0': AMENT_PREFIX_PATH=/home/piai/turtlebot3_ws/src/install/turtlebot3_msgs:/home/piai/turtlebot3_ws/src/install/dynamixel_sdk:${AMENT_PREFIX_PATH} CMAKE_PREFIX_PATH=/home/piai/turtlebot3_ws/src/install/turtlebot3_msgs:/home/piai/turtlebot3_ws/src/install/dynamixel_sdk:/opt/ros/dashing CONDA_PROMPT_MODIFIER=(base) LD_LIBRARY_PATH=/home/piai/turtlebot3_ws/src/install/turtlebot3_msgs/lib:/home/piai/turtlebot3_ws/src/install/dynamixel_sdk/lib:/usr/lib/x86_64-linux-gnu/gazebo-9/plugins:/opt/ros/dashing/opt/yaml_cpp_vendor/lib:/opt/ros/dashing/opt/rviz_ogre_vendor/lib:/opt/ros/dashing/lib:/usr/local/cuda/lib64 PYTHONPATH=/home/piai/turtlebot3_ws/src/install/turtlebot3_msgs/lib/python3.9/site-packages:${PYTHONPATH} /usr/local/bin/cmake --build /home/piai/turtlebot3_ws/src/build/turtlebot3_node -- -j20 -l20
[11.152s] Invoking command in '/home/piai/turtlebot3_ws/src/build/turtlebot3_node': AMENT_PREFIX_PATH=/home/piai/turtlebot3_ws/src/install/turtlebot3_msgs:/home/piai/turtlebot3_ws/src/install/dynamixel_sdk:${AMENT_PREFIX_PATH} CMAKE_PREFIX_PATH=/home/piai/turtlebot3_ws/src/install/turtlebot3_msgs:/home/piai/turtlebot3_ws/src/install/dynamixel_sdk:/opt/ros/dashing CONDA_PROMPT_MODIFIER=(base) LD_LIBRARY_PATH=/home/piai/turtlebot3_ws/src/install/turtlebot3_msgs/lib:/home/piai/turtlebot3_ws/src/install/dynamixel_sdk/lib:/usr/lib/x86_64-linux-gnu/gazebo-9/plugins:/opt/ros/dashing/opt/yaml_cpp_vendor/lib:/opt/ros/dashing/opt/rviz_ogre_vendor/lib:/opt/ros/dashing/lib:/usr/local/cuda/lib64 PYTHONPATH=/home/piai/turtlebot3_ws/src/install/turtlebot3_msgs/lib/python3.9/site-packages:${PYTHONPATH} /usr/local/bin/cmake --install /home/piai/turtlebot3_ws/src/build/turtlebot3_node
[11.161s] -- Install configuration: ""
[11.162s] -- Execute custom install script
[11.163s] -- Symlinking: /home/piai/turtlebot3_ws/src/install/turtlebot3_node/share/turtlebot3_node/param/burger.yaml
[11.172s] -- Symlinking: /home/piai/turtlebot3_ws/src/install/turtlebot3_node/share/turtlebot3_node/param/waffle.yaml
[11.180s] -- Symlinking: /home/piai/turtlebot3_ws/src/install/turtlebot3_node/share/turtlebot3_node/param/waffle_pi.yaml
[11.188s] -- Symlinking: /home/piai/turtlebot3_ws/src/install/turtlebot3_node/lib/turtlebot3_node/turtlebot3_ros
[11.197s] -- Symlinking: /home/piai/turtlebot3_ws/src/install/turtlebot3_node/share/ament_index/resource_index/package_run_dependencies/turtlebot3_node
[11.205s] -- Symlinking: /home/piai/turtlebot3_ws/src/install/turtlebot3_node/share/ament_index/resource_index/parent_prefix_path/turtlebot3_node
[11.213s] -- Symlinking: /home/piai/turtlebot3_ws/src/install/turtlebot3_node/share/turtlebot3_node/environment/ament_prefix_path.sh
[11.220s] -- Symlinking: /home/piai/turtlebot3_ws/src/install/turtlebot3_node/share/turtlebot3_node/environment/path.sh
[11.228s] -- Symlinking: /home/piai/turtlebot3_ws/src/install/turtlebot3_node/share/turtlebot3_node/local_setup.bash
[11.235s] -- Symlinking: /home/piai/turtlebot3_ws/src/install/turtlebot3_node/share/turtlebot3_node/local_setup.sh
[11.244s] -- Symlinking: /home/piai/turtlebot3_ws/src/install/turtlebot3_node/share/turtlebot3_node/local_setup.zsh
[11.252s] -- Symlinking: /home/piai/turtlebot3_ws/src/install/turtlebot3_node/share/ament_index/resource_index/packages/turtlebot3_node
[11.260s] -- Symlinking: /home/piai/turtlebot3_ws/src/install/turtlebot3_node/share/turtlebot3_node/cmake/ament_cmake_export_include_directories-extras.cmake
[11.268s] -- Symlinking: /home/piai/turtlebot3_ws/src/install/turtlebot3_node/share/turtlebot3_node/cmake/turtlebot3_nodeConfig.cmake
[11.276s] -- Symlinking: /home/piai/turtlebot3_ws/src/install/turtlebot3_node/share/turtlebot3_node/cmake/turtlebot3_nodeConfig-version.cmake
[11.284s] -- Symlinking: /home/piai/turtlebot3_ws/src/install/turtlebot3_node/share/turtlebot3_node/package.xml
[11.299s] Invoked command in '/home/piai/turtlebot3_ws/src/build/turtlebot3_node' returned '0': AMENT_PREFIX_PATH=/home/piai/turtlebot3_ws/src/install/turtlebot3_msgs:/home/piai/turtlebot3_ws/src/install/dynamixel_sdk:${AMENT_PREFIX_PATH} CMAKE_PREFIX_PATH=/home/piai/turtlebot3_ws/src/install/turtlebot3_msgs:/home/piai/turtlebot3_ws/src/install/dynamixel_sdk:/opt/ros/dashing CONDA_PROMPT_MODIFIER=(base) LD_LIBRARY_PATH=/home/piai/turtlebot3_ws/src/install/turtlebot3_msgs/lib:/home/piai/turtlebot3_ws/src/install/dynamixel_sdk/lib:/usr/lib/x86_64-linux-gnu/gazebo-9/plugins:/opt/ros/dashing/opt/yaml_cpp_vendor/lib:/opt/ros/dashing/opt/rviz_ogre_vendor/lib:/opt/ros/dashing/lib:/usr/local/cuda/lib64 PYTHONPATH=/home/piai/turtlebot3_ws/src/install/turtlebot3_msgs/lib/python3.9/site-packages:${PYTHONPATH} /usr/local/bin/cmake --install /home/piai/turtlebot3_ws/src/build/turtlebot3_node
