[0.062s] Invoking command in '/home/piai/turtlebot3_ws/src/build/dynamixel_sdk_custom_interfaces': CMAKE_PREFIX_PATH=/opt/ros/dashing CONDA_PROMPT_MODIFIER=(base) /usr/bin/cmake /home/piai/turtlebot3_ws/src/DynamixelSDK/dynamixel_sdk_custom_interfaces -DAMENT_CMAKE_SYMLINK_INSTALL=1 -DCMAKE_INSTALL_PREFIX=/home/piai/turtlebot3_ws/src/install/dynamixel_sdk_custom_interfaces
[0.088s] -- Found ament_cmake: 0.7.6 (/opt/ros/dashing/share/ament_cmake/cmake)
[0.140s] -- Found PythonInterp: /home/piai/anaconda3/bin/python3 (found suitable version "3.9.15", minimum required is "3") 
[0.140s] -- Using PYTHON_EXECUTABLE: /home/piai/anaconda3/bin/python3
[0.440s] -- Override CMake install command with custom implementation using symlinks instead of copying resources
[0.455s] -- Found builtin_interfaces: 0.7.4 (/opt/ros/dashing/share/builtin_interfaces/cmake)
[0.468s] -- Found rosidl_adapter: 0.7.10 (/opt/ros/dashing/share/rosidl_adapter/cmake)
[0.524s] -- Found rosidl_default_generators: 0.7.0 (/opt/ros/dashing/share/rosidl_default_generators/cmake)
[0.680s] -- Found PythonInterp: /home/piai/anaconda3/bin/python3 (found version "3.9.15") 
[0.886s] -- Using single matching rosidl_typesupport_c: rosidl_typesupport_fastrtps_c
[0.892s] -- Using single matching rosidl_typesupport_cpp: rosidl_typesupport_fastrtps_cpp
[1.000s] -- Found rmw_implementation_cmake: 0.7.2 (/opt/ros/dashing/share/rmw_implementation_cmake/cmake)
[1.051s] -- Found PythonInterp: /home/piai/anaconda3/bin/python3 (found suitable version "3.9.15", minimum required is "3.5") 
[1.055s] -- Found python_cmake_module: 0.7.11 (/opt/ros/dashing/share/python_cmake_module/cmake)
[1.122s] -- Found PythonLibs: /home/piai/anaconda3/lib/libpython3.9.so (found suitable version "3.9.15", minimum required is "3.5") 
[1.122s] -- Using PYTHON_EXECUTABLE: /home/piai/anaconda3/bin/python3
[1.122s] -- Using PYTHON_INCLUDE_DIRS: /home/piai/anaconda3/include/python3.9
[1.123s] -- Using PYTHON_LIBRARIES: /home/piai/anaconda3/lib/libpython3.9.so
[1.173s] -- Found PythonExtra: .so  
[1.790s] -- Using numpy include directory: /home/piai/anaconda3/lib/python3.9/site-packages/numpy/core/include
[1.820s] -- Configuring done
[1.852s] CMake Warning at /opt/ros/dashing/share/rosidl_generator_py/cmake/rosidl_generator_py_generate_interfaces.cmake:176 (add_library):
[1.852s]   Cannot generate a safe runtime search path for target
[1.852s]   dynamixel_sdk_custom_interfaces__python because files in some directories
[1.853s]   may conflict with libraries in implicit directories:
[1.853s] 
[1.853s]     runtime library [libssl.so.1.1] in /usr/lib/x86_64-linux-gnu may be hidden by files in:
[1.853s]       /home/piai/anaconda3/lib
[1.853s]     runtime library [libcrypto.so.1.1] in /usr/lib/x86_64-linux-gnu may be hidden by files in:
[1.854s]       /home/piai/anaconda3/lib
[1.854s] 
[1.854s]   Some of these libraries may not be found correctly.
[1.854s] Call Stack (most recent call first):
[1.854s]   /opt/ros/dashing/share/ament_cmake_core/cmake/core/ament_execute_extensions.cmake:48 (include)
[1.854s]   /opt/ros/dashing/share/rosidl_cmake/cmake/rosidl_generate_interfaces.cmake:286 (ament_execute_extensions)
[1.855s]   CMakeLists.txt:31 (rosidl_generate_interfaces)
[1.855s] 
[1.855s] 
[1.860s] CMake Warning at /opt/ros/dashing/share/rosidl_generator_py/cmake/rosidl_generator_py_generate_interfaces.cmake:229 (add_library):
[1.860s]   Cannot generate a safe runtime search path for target
[1.861s]   dynamixel_sdk_custom_interfaces__rosidl_typesupport_c__pyext because files
[1.861s]   in some directories may conflict with libraries in implicit directories:
[1.861s] 
[1.861s]     runtime library [libssl.so.1.1] in /usr/lib/x86_64-linux-gnu may be hidden by files in:
[1.861s]       /home/piai/anaconda3/lib
[1.862s]     runtime library [libcrypto.so.1.1] in /usr/lib/x86_64-linux-gnu may be hidden by files in:
[1.862s]       /home/piai/anaconda3/lib
[1.862s] 
[1.862s]   Some of these libraries may not be found correctly.
[1.862s] Call Stack (most recent call first):
[1.862s]   /opt/ros/dashing/share/ament_cmake_core/cmake/core/ament_execute_extensions.cmake:48 (include)
[1.863s]   /opt/ros/dashing/share/rosidl_cmake/cmake/rosidl_generate_interfaces.cmake:286 (ament_execute_extensions)
[1.863s]   CMakeLists.txt:31 (rosidl_generate_interfaces)
[1.863s] 
[1.863s] 
[1.870s] CMake Warning at /opt/ros/dashing/share/rosidl_generator_py/cmake/rosidl_generator_py_generate_interfaces.cmake:229 (add_library):
[1.870s]   Cannot generate a safe runtime search path for target
[1.871s]   dynamixel_sdk_custom_interfaces__rosidl_typesupport_fastrtps_c__pyext
[1.871s]   because files in some directories may conflict with libraries in implicit
[1.871s]   directories:
[1.871s] 
[1.871s]     runtime library [libssl.so.1.1] in /usr/lib/x86_64-linux-gnu may be hidden by files in:
[1.872s]       /home/piai/anaconda3/lib
[1.872s]     runtime library [libcrypto.so.1.1] in /usr/lib/x86_64-linux-gnu may be hidden by files in:
[1.872s]       /home/piai/anaconda3/lib
[1.872s] 
[1.872s]   Some of these libraries may not be found correctly.
[1.872s] Call Stack (most recent call first):
[1.873s]   /opt/ros/dashing/share/ament_cmake_core/cmake/core/ament_execute_extensions.cmake:48 (include)
[1.873s]   /opt/ros/dashing/share/rosidl_cmake/cmake/rosidl_generate_interfaces.cmake:286 (ament_execute_extensions)
[1.873s]   CMakeLists.txt:31 (rosidl_generate_interfaces)
[1.873s] 
[1.873s] 
[1.875s] -- Generating done
[1.878s] -- Build files have been written to: /home/piai/turtlebot3_ws/src/build/dynamixel_sdk_custom_interfaces
[1.885s] Invoked command in '/home/piai/turtlebot3_ws/src/build/dynamixel_sdk_custom_interfaces' returned '0': CMAKE_PREFIX_PATH=/opt/ros/dashing CONDA_PROMPT_MODIFIER=(base) /usr/bin/cmake /home/piai/turtlebot3_ws/src/DynamixelSDK/dynamixel_sdk_custom_interfaces -DAMENT_CMAKE_SYMLINK_INSTALL=1 -DCMAKE_INSTALL_PREFIX=/home/piai/turtlebot3_ws/src/install/dynamixel_sdk_custom_interfaces
[1.890s] Invoking command in '/home/piai/turtlebot3_ws/src/build/dynamixel_sdk_custom_interfaces': CMAKE_PREFIX_PATH=/opt/ros/dashing CONDA_PROMPT_MODIFIER=(base) /usr/bin/cmake --build /home/piai/turtlebot3_ws/src/build/dynamixel_sdk_custom_interfaces -- -j20 -l20
[1.980s] [35m[1mScanning dependencies of target dynamixel_sdk_custom_interfaces__cpp[0m
[1.981s] [  2%] [34m[1mGenerating C code for ROS interfaces[0m
[2.006s] [  5%] [34m[1mGenerating C++ code for ROS interfaces[0m
[2.038s] Traceback (most recent call last):
[2.039s]   File "/opt/ros/dashing/share/rosidl_generator_c/cmake/../../../lib/rosidl_generator_c/rosidl_generator_c", line 8, in <module>
[2.039s]     from rosidl_generator_c import generate_c
[2.039s]   File "/opt/ros/dashing/lib/python3.6/site-packages/rosidl_generator_c/__init__.py", line 15, in <module>
[2.039s]     from rosidl_cmake import convert_camel_case_to_lower_case_underscore
[2.040s]   File "/opt/ros/dashing/lib/python3.6/site-packages/rosidl_cmake/__init__.py", line 24, in <module>
[2.040s]     from rosidl_parser.parser import parse_idl_file
[2.040s]   File "/opt/ros/dashing/lib/python3.6/site-packages/rosidl_parser/parser.py", line 20, in <module>
[2.040s]     from lark import Lark
[2.040s] ModuleNotFoundError: No module named 'lark'
[2.044s] CMakeFiles/dynamixel_sdk_custom_interfaces__rosidl_generator_c.dir/build.make:77: recipe for target 'rosidl_generator_c/dynamixel_sdk_custom_interfaces/msg/set_position.h' failed
[2.045s] make[2]: *** [rosidl_generator_c/dynamixel_sdk_custom_interfaces/msg/set_position.h] Error 1
[2.045s] CMakeFiles/Makefile2:105: recipe for target 'CMakeFiles/dynamixel_sdk_custom_interfaces__rosidl_generator_c.dir/all' failed
[2.045s] make[1]: *** [CMakeFiles/dynamixel_sdk_custom_interfaces__rosidl_generator_c.dir/all] Error 2
[2.045s] make[1]: *** Waiting for unfinished jobs....
[2.076s] Traceback (most recent call last):
[2.077s]   File "/opt/ros/dashing/share/rosidl_generator_cpp/cmake/../../../lib/rosidl_generator_cpp/rosidl_generator_cpp", line 8, in <module>
[2.077s]     from rosidl_generator_cpp import generate_cpp
[2.077s]   File "/opt/ros/dashing/lib/python3.6/site-packages/rosidl_generator_cpp/__init__.py", line 17, in <module>
[2.077s]     from rosidl_cmake import generate_files
[2.077s]   File "/opt/ros/dashing/lib/python3.6/site-packages/rosidl_cmake/__init__.py", line 24, in <module>
[2.078s]     from rosidl_parser.parser import parse_idl_file
[2.078s]   File "/opt/ros/dashing/lib/python3.6/site-packages/rosidl_parser/parser.py", line 20, in <module>
[2.078s]     from lark import Lark
[2.078s] ModuleNotFoundError: No module named 'lark'
[2.083s] make[2]: *** [rosidl_generator_cpp/dynamixel_sdk_custom_interfaces/msg/set_position.hpp] Error 1
[2.083s] CMakeFiles/dynamixel_sdk_custom_interfaces__cpp.dir/build.make:78: recipe for target 'rosidl_generator_cpp/dynamixel_sdk_custom_interfaces/msg/set_position.hpp' failed
[2.083s] CMakeFiles/Makefile2:142: recipe for target 'CMakeFiles/dynamixel_sdk_custom_interfaces__cpp.dir/all' failed
[2.083s] make[1]: *** [CMakeFiles/dynamixel_sdk_custom_interfaces__cpp.dir/all] Error 2
[2.084s] Makefile:140: recipe for target 'all' failed
[2.084s] make: *** [all] Error 2
[2.088s] Invoked command in '/home/piai/turtlebot3_ws/src/build/dynamixel_sdk_custom_interfaces' returned '2': CMAKE_PREFIX_PATH=/opt/ros/dashing CONDA_PROMPT_MODIFIER=(base) /usr/bin/cmake --build /home/piai/turtlebot3_ws/src/build/dynamixel_sdk_custom_interfaces -- -j20 -l20
