[0.031s] Invoking command in '/home/piai/turtlebot3_ws/src/build/turtlebot3_bringup': AMENT_PREFIX_PATH=/home/piai/turtlebot3_ws/src/install/turtlebot3_node:/home/piai/turtlebot3_ws/src/install/turtlebot3_msgs:/home/piai/turtlebot3_ws/src/install/turtlebot3_description:/home/piai/turtlebot3_ws/src/install/dynamixel_sdk:${AMENT_PREFIX_PATH} CMAKE_PREFIX_PATH=/home/piai/turtlebot3_ws/src/install/turtlebot3_node:/home/piai/turtlebot3_ws/src/install/turtlebot3_msgs:/home/piai/turtlebot3_ws/src/install/turtlebot3_description:/home/piai/turtlebot3_ws/src/install/dynamixel_sdk:/opt/ros/dashing CONDA_PROMPT_MODIFIER=(base) LD_LIBRARY_PATH=/home/piai/turtlebot3_ws/src/install/turtlebot3_msgs/lib:/home/piai/turtlebot3_ws/src/install/dynamixel_sdk/lib:/usr/lib/x86_64-linux-gnu/gazebo-9/plugins:/opt/ros/dashing/opt/yaml_cpp_vendor/lib:/opt/ros/dashing/opt/rviz_ogre_vendor/lib:/opt/ros/dashing/lib:/usr/local/cuda/lib64 PYTHONPATH=/home/piai/turtlebot3_ws/src/install/turtlebot3_msgs/lib/python3.9/site-packages:${PYTHONPATH} /usr/local/bin/cmake /home/piai/turtlebot3_ws/src/turtlebot3/turtlebot3_bringup -DAMENT_CMAKE_SYMLINK_INSTALL=1 -DCMAKE_INSTALL_PREFIX=/home/piai/turtlebot3_ws/src/install/turtlebot3_bringup
[0.133s] -- The C compiler identification is GNU 7.5.0
[0.243s] -- The CXX compiler identification is GNU 7.5.0
[0.261s] -- Detecting C compiler ABI info
[0.373s] -- Detecting C compiler ABI info - done
[0.394s] -- Check for working C compiler: /usr/bin/cc - skipped
[0.394s] -- Detecting C compile features
[0.394s] -- Detecting C compile features - done
[0.399s] -- Detecting CXX compiler ABI info
[0.522s] -- Detecting CXX compiler ABI info - done
[0.533s] -- Check for working CXX compiler: /usr/bin/c++ - skipped
[0.533s] -- Detecting CXX compile features
[0.533s] -- Detecting CXX compile features - done
[0.536s] -- Found ament_cmake: 0.7.6 (/opt/ros/dashing/share/ament_cmake/cmake)
[0.589s] -- Found PythonInterp: /home/piai/anaconda3/bin/python3 (found suitable version "3.9.15", minimum required is "3") 
[0.589s] -- Using PYTHON_EXECUTABLE: /home/piai/anaconda3/bin/python3
[0.855s] -- Override CMake install command with custom implementation using symlinks instead of copying resources
[0.996s] -- Configuring done
[1.000s] -- Generating done
[1.001s] -- Build files have been written to: /home/piai/turtlebot3_ws/src/build/turtlebot3_bringup
[1.007s] Invoked command in '/home/piai/turtlebot3_ws/src/build/turtlebot3_bringup' returned '0': AMENT_PREFIX_PATH=/home/piai/turtlebot3_ws/src/install/turtlebot3_node:/home/piai/turtlebot3_ws/src/install/turtlebot3_msgs:/home/piai/turtlebot3_ws/src/install/turtlebot3_description:/home/piai/turtlebot3_ws/src/install/dynamixel_sdk:${AMENT_PREFIX_PATH} CMAKE_PREFIX_PATH=/home/piai/turtlebot3_ws/src/install/turtlebot3_node:/home/piai/turtlebot3_ws/src/install/turtlebot3_msgs:/home/piai/turtlebot3_ws/src/install/turtlebot3_description:/home/piai/turtlebot3_ws/src/install/dynamixel_sdk:/opt/ros/dashing CONDA_PROMPT_MODIFIER=(base) LD_LIBRARY_PATH=/home/piai/turtlebot3_ws/src/install/turtlebot3_msgs/lib:/home/piai/turtlebot3_ws/src/install/dynamixel_sdk/lib:/usr/lib/x86_64-linux-gnu/gazebo-9/plugins:/opt/ros/dashing/opt/yaml_cpp_vendor/lib:/opt/ros/dashing/opt/rviz_ogre_vendor/lib:/opt/ros/dashing/lib:/usr/local/cuda/lib64 PYTHONPATH=/home/piai/turtlebot3_ws/src/install/turtlebot3_msgs/lib/python3.9/site-packages:${PYTHONPATH} /usr/local/bin/cmake /home/piai/turtlebot3_ws/src/turtlebot3/turtlebot3_bringup -DAMENT_CMAKE_SYMLINK_INSTALL=1 -DCMAKE_INSTALL_PREFIX=/home/piai/turtlebot3_ws/src/install/turtlebot3_bringup
[1.013s] Invoking command in '/home/piai/turtlebot3_ws/src/build/turtlebot3_bringup': AMENT_PREFIX_PATH=/home/piai/turtlebot3_ws/src/install/turtlebot3_node:/home/piai/turtlebot3_ws/src/install/turtlebot3_msgs:/home/piai/turtlebot3_ws/src/install/turtlebot3_description:/home/piai/turtlebot3_ws/src/install/dynamixel_sdk:${AMENT_PREFIX_PATH} CMAKE_PREFIX_PATH=/home/piai/turtlebot3_ws/src/install/turtlebot3_node:/home/piai/turtlebot3_ws/src/install/turtlebot3_msgs:/home/piai/turtlebot3_ws/src/install/turtlebot3_description:/home/piai/turtlebot3_ws/src/install/dynamixel_sdk:/opt/ros/dashing CONDA_PROMPT_MODIFIER=(base) LD_LIBRARY_PATH=/home/piai/turtlebot3_ws/src/install/turtlebot3_msgs/lib:/home/piai/turtlebot3_ws/src/install/dynamixel_sdk/lib:/usr/lib/x86_64-linux-gnu/gazebo-9/plugins:/opt/ros/dashing/opt/yaml_cpp_vendor/lib:/opt/ros/dashing/opt/rviz_ogre_vendor/lib:/opt/ros/dashing/lib:/usr/local/cuda/lib64 PYTHONPATH=/home/piai/turtlebot3_ws/src/install/turtlebot3_msgs/lib/python3.9/site-packages:${PYTHONPATH} /usr/local/bin/cmake --build /home/piai/turtlebot3_ws/src/build/turtlebot3_bringup -- -j20 -l20
[1.054s] Invoked command in '/home/piai/turtlebot3_ws/src/build/turtlebot3_bringup' returned '0': AMENT_PREFIX_PATH=/home/piai/turtlebot3_ws/src/install/turtlebot3_node:/home/piai/turtlebot3_ws/src/install/turtlebot3_msgs:/home/piai/turtlebot3_ws/src/install/turtlebot3_description:/home/piai/turtlebot3_ws/src/install/dynamixel_sdk:${AMENT_PREFIX_PATH} CMAKE_PREFIX_PATH=/home/piai/turtlebot3_ws/src/install/turtlebot3_node:/home/piai/turtlebot3_ws/src/install/turtlebot3_msgs:/home/piai/turtlebot3_ws/src/install/turtlebot3_description:/home/piai/turtlebot3_ws/src/install/dynamixel_sdk:/opt/ros/dashing CONDA_PROMPT_MODIFIER=(base) LD_LIBRARY_PATH=/home/piai/turtlebot3_ws/src/install/turtlebot3_msgs/lib:/home/piai/turtlebot3_ws/src/install/dynamixel_sdk/lib:/usr/lib/x86_64-linux-gnu/gazebo-9/plugins:/opt/ros/dashing/opt/yaml_cpp_vendor/lib:/opt/ros/dashing/opt/rviz_ogre_vendor/lib:/opt/ros/dashing/lib:/usr/local/cuda/lib64 PYTHONPATH=/home/piai/turtlebot3_ws/src/install/turtlebot3_msgs/lib/python3.9/site-packages:${PYTHONPATH} /usr/local/bin/cmake --build /home/piai/turtlebot3_ws/src/build/turtlebot3_bringup -- -j20 -l20
[1.100s] Invoking command in '/home/piai/turtlebot3_ws/src/build/turtlebot3_bringup': AMENT_PREFIX_PATH=/home/piai/turtlebot3_ws/src/install/turtlebot3_node:/home/piai/turtlebot3_ws/src/install/turtlebot3_msgs:/home/piai/turtlebot3_ws/src/install/turtlebot3_description:/home/piai/turtlebot3_ws/src/install/dynamixel_sdk:${AMENT_PREFIX_PATH} CMAKE_PREFIX_PATH=/home/piai/turtlebot3_ws/src/install/turtlebot3_node:/home/piai/turtlebot3_ws/src/install/turtlebot3_msgs:/home/piai/turtlebot3_ws/src/install/turtlebot3_description:/home/piai/turtlebot3_ws/src/install/dynamixel_sdk:/opt/ros/dashing CONDA_PROMPT_MODIFIER=(base) LD_LIBRARY_PATH=/home/piai/turtlebot3_ws/src/install/turtlebot3_msgs/lib:/home/piai/turtlebot3_ws/src/install/dynamixel_sdk/lib:/usr/lib/x86_64-linux-gnu/gazebo-9/plugins:/opt/ros/dashing/opt/yaml_cpp_vendor/lib:/opt/ros/dashing/opt/rviz_ogre_vendor/lib:/opt/ros/dashing/lib:/usr/local/cuda/lib64 PYTHONPATH=/home/piai/turtlebot3_ws/src/install/turtlebot3_msgs/lib/python3.9/site-packages:${PYTHONPATH} /usr/local/bin/cmake --install /home/piai/turtlebot3_ws/src/build/turtlebot3_bringup
[1.110s] -- Install configuration: ""
[1.111s] -- Execute custom install script
[1.111s] -- Symlinking: /home/piai/turtlebot3_ws/src/install/turtlebot3_bringup/share/turtlebot3_bringup/launch/robot.launch.py
[1.120s] -- Symlinking: /home/piai/turtlebot3_ws/src/install/turtlebot3_bringup/share/turtlebot3_bringup/launch/rviz2.launch.py
[1.129s] -- Symlinking: /home/piai/turtlebot3_ws/src/install/turtlebot3_bringup/share/turtlebot3_bringup/launch/turtlebot3_state_publisher.launch.py
[1.137s] -- Symlinking: /home/piai/turtlebot3_ws/src/install/turtlebot3_bringup/share/turtlebot3_bringup/param/burger.yaml
[1.146s] -- Symlinking: /home/piai/turtlebot3_ws/src/install/turtlebot3_bringup/share/turtlebot3_bringup/param/waffle.yaml
[1.154s] -- Symlinking: /home/piai/turtlebot3_ws/src/install/turtlebot3_bringup/share/turtlebot3_bringup/param/waffle_pi.yaml
[1.163s] -- Symlinking: /home/piai/turtlebot3_ws/src/install/turtlebot3_bringup/share/ament_index/resource_index/package_run_dependencies/turtlebot3_bringup
[1.172s] -- Symlinking: /home/piai/turtlebot3_ws/src/install/turtlebot3_bringup/share/ament_index/resource_index/parent_prefix_path/turtlebot3_bringup
[1.179s] -- Symlinking: /home/piai/turtlebot3_ws/src/install/turtlebot3_bringup/share/turtlebot3_bringup/environment/ament_prefix_path.sh
[1.189s] -- Symlinking: /home/piai/turtlebot3_ws/src/install/turtlebot3_bringup/share/turtlebot3_bringup/environment/path.sh
[1.196s] -- Symlinking: /home/piai/turtlebot3_ws/src/install/turtlebot3_bringup/share/turtlebot3_bringup/local_setup.bash
[1.203s] -- Symlinking: /home/piai/turtlebot3_ws/src/install/turtlebot3_bringup/share/turtlebot3_bringup/local_setup.sh
[1.211s] -- Symlinking: /home/piai/turtlebot3_ws/src/install/turtlebot3_bringup/share/turtlebot3_bringup/local_setup.zsh
[1.218s] -- Symlinking: /home/piai/turtlebot3_ws/src/install/turtlebot3_bringup/share/ament_index/resource_index/packages/turtlebot3_bringup
[1.227s] -- Symlinking: /home/piai/turtlebot3_ws/src/install/turtlebot3_bringup/share/turtlebot3_bringup/cmake/turtlebot3_bringupConfig.cmake
[1.235s] -- Symlinking: /home/piai/turtlebot3_ws/src/install/turtlebot3_bringup/share/turtlebot3_bringup/cmake/turtlebot3_bringupConfig-version.cmake
[1.243s] -- Symlinking: /home/piai/turtlebot3_ws/src/install/turtlebot3_bringup/share/turtlebot3_bringup/package.xml
[1.260s] Invoked command in '/home/piai/turtlebot3_ws/src/build/turtlebot3_bringup' returned '0': AMENT_PREFIX_PATH=/home/piai/turtlebot3_ws/src/install/turtlebot3_node:/home/piai/turtlebot3_ws/src/install/turtlebot3_msgs:/home/piai/turtlebot3_ws/src/install/turtlebot3_description:/home/piai/turtlebot3_ws/src/install/dynamixel_sdk:${AMENT_PREFIX_PATH} CMAKE_PREFIX_PATH=/home/piai/turtlebot3_ws/src/install/turtlebot3_node:/home/piai/turtlebot3_ws/src/install/turtlebot3_msgs:/home/piai/turtlebot3_ws/src/install/turtlebot3_description:/home/piai/turtlebot3_ws/src/install/dynamixel_sdk:/opt/ros/dashing CONDA_PROMPT_MODIFIER=(base) LD_LIBRARY_PATH=/home/piai/turtlebot3_ws/src/install/turtlebot3_msgs/lib:/home/piai/turtlebot3_ws/src/install/dynamixel_sdk/lib:/usr/lib/x86_64-linux-gnu/gazebo-9/plugins:/opt/ros/dashing/opt/yaml_cpp_vendor/lib:/opt/ros/dashing/opt/rviz_ogre_vendor/lib:/opt/ros/dashing/lib:/usr/local/cuda/lib64 PYTHONPATH=/home/piai/turtlebot3_ws/src/install/turtlebot3_msgs/lib/python3.9/site-packages:${PYTHONPATH} /usr/local/bin/cmake --install /home/piai/turtlebot3_ws/src/build/turtlebot3_bringup
