[0.171s] DEBUG:colcon:Command line arguments: ['/usr/bin/colcon', 'list', '-p', '--base-paths', '/home/piai/C4-over-flowers-for-AI/turtlebot3_ws']
[0.172s] DEBUG:colcon:Parsed command line arguments: Namespace(allow_overriding=[], base_paths=['/home/piai/C4-over-flowers-for-AI/turtlebot3_ws'], build_base='build', ignore_user_meta=False, log_base=None, log_level=None, main=<bound method ListVerb.main of <colcon_package_information.verb.list.ListVerb object at 0x7f9461753550>>, metas=['./colcon.meta'], names_only=False, packages_above=None, packages_above_and_dependencies=None, packages_above_depth=None, packages_end=None, packages_ignore=None, packages_ignore_regex=None, packages_select=None, packages_select_build_failed=False, packages_select_by_dep=None, packages_select_regex=None, packages_select_test_failures=False, packages_skip=None, packages_skip_build_finished=False, packages_skip_by_dep=None, packages_skip_regex=None, packages_skip_test_passed=False, packages_skip_up_to=None, packages_start=None, packages_up_to=None, packages_up_to_regex=None, paths=None, paths_only=True, topological_graph=False, topological_graph_density=False, topological_graph_dot=False, topological_graph_dot_cluster=False, topological_graph_dot_include_skipped=False, topological_graph_legend=False, topological_order=False, verb_extension=<colcon_package_information.verb.list.ListVerb object at 0x7f9461753550>, verb_name='list', verb_parser=<colcon_defaults.argument_parser.defaults.DefaultArgumentsDecorator object at 0x7f94616dd5f8>)
[0.198s] Level 1:colcon.colcon_core.package_discovery:discover_packages(colcon_meta) check parameters
[0.198s] Level 1:colcon.colcon_core.package_discovery:discover_packages(recursive) check parameters
[0.198s] Level 1:colcon.colcon_core.package_discovery:discover_packages(ignore) check parameters
[0.198s] Level 1:colcon.colcon_core.package_discovery:discover_packages(path) check parameters
[0.198s] Level 1:colcon.colcon_core.package_discovery:discover_packages(recursive) discover
[0.198s] INFO:colcon.colcon_core.package_discovery:Crawling recursively for packages in '/home/piai/C4-over-flowers-for-AI/turtlebot3_ws'
[0.199s] Level 1:colcon.colcon_core.package_identification:_identify(/home/piai/C4-over-flowers-for-AI/turtlebot3_ws) by extensions ['ignore', 'ignore_ament_install']
[0.199s] Level 1:colcon.colcon_core.package_identification:_identify(/home/piai/C4-over-flowers-for-AI/turtlebot3_ws) by extension 'ignore'
[0.199s] Level 1:colcon.colcon_core.package_identification:_identify(/home/piai/C4-over-flowers-for-AI/turtlebot3_ws) by extension 'ignore_ament_install'
[0.199s] Level 1:colcon.colcon_core.package_identification:_identify(/home/piai/C4-over-flowers-for-AI/turtlebot3_ws) by extensions ['colcon_pkg']
[0.199s] Level 1:colcon.colcon_core.package_identification:_identify(/home/piai/C4-over-flowers-for-AI/turtlebot3_ws) by extension 'colcon_pkg'
[0.199s] Level 1:colcon.colcon_core.package_identification:_identify(/home/piai/C4-over-flowers-for-AI/turtlebot3_ws) by extensions ['colcon_meta']
[0.199s] Level 1:colcon.colcon_core.package_identification:_identify(/home/piai/C4-over-flowers-for-AI/turtlebot3_ws) by extension 'colcon_meta'
[0.199s] Level 1:colcon.colcon_core.package_identification:_identify(/home/piai/C4-over-flowers-for-AI/turtlebot3_ws) by extensions ['ros']
[0.199s] Level 1:colcon.colcon_core.package_identification:_identify(/home/piai/C4-over-flowers-for-AI/turtlebot3_ws) by extension 'ros'
[0.222s] Level 1:colcon.colcon_core.package_identification:_identify(/home/piai/C4-over-flowers-for-AI/turtlebot3_ws) by extensions ['cmake', 'python']
[0.222s] Level 1:colcon.colcon_core.package_identification:_identify(/home/piai/C4-over-flowers-for-AI/turtlebot3_ws) by extension 'cmake'
[0.222s] Level 1:colcon.colcon_core.package_identification:_identify(/home/piai/C4-over-flowers-for-AI/turtlebot3_ws) by extension 'python'
[0.222s] Level 1:colcon.colcon_core.package_identification:_identify(/home/piai/C4-over-flowers-for-AI/turtlebot3_ws) by extensions ['python_setup_py']
[0.222s] Level 1:colcon.colcon_core.package_identification:_identify(/home/piai/C4-over-flowers-for-AI/turtlebot3_ws) by extension 'python_setup_py'
[0.222s] Level 1:colcon.colcon_core.package_identification:_identify(/home/piai/C4-over-flowers-for-AI/turtlebot3_ws/log) by extensions ['ignore', 'ignore_ament_install']
[0.222s] Level 1:colcon.colcon_core.package_identification:_identify(/home/piai/C4-over-flowers-for-AI/turtlebot3_ws/log) by extension 'ignore'
[0.222s] Level 1:colcon.colcon_core.package_identification:_identify(/home/piai/C4-over-flowers-for-AI/turtlebot3_ws/log) ignored
[0.223s] Level 1:colcon.colcon_core.package_identification:_identify(/home/piai/C4-over-flowers-for-AI/turtlebot3_ws/src) by extensions ['ignore', 'ignore_ament_install']
[0.223s] Level 1:colcon.colcon_core.package_identification:_identify(/home/piai/C4-over-flowers-for-AI/turtlebot3_ws/src) by extension 'ignore'
[0.223s] Level 1:colcon.colcon_core.package_identification:_identify(/home/piai/C4-over-flowers-for-AI/turtlebot3_ws/src) by extension 'ignore_ament_install'
[0.223s] Level 1:colcon.colcon_core.package_identification:_identify(/home/piai/C4-over-flowers-for-AI/turtlebot3_ws/src) by extensions ['colcon_pkg']
[0.223s] Level 1:colcon.colcon_core.package_identification:_identify(/home/piai/C4-over-flowers-for-AI/turtlebot3_ws/src) by extension 'colcon_pkg'
[0.223s] Level 1:colcon.colcon_core.package_identification:_identify(/home/piai/C4-over-flowers-for-AI/turtlebot3_ws/src) by extensions ['colcon_meta']
[0.223s] Level 1:colcon.colcon_core.package_identification:_identify(/home/piai/C4-over-flowers-for-AI/turtlebot3_ws/src) by extension 'colcon_meta'
[0.223s] Level 1:colcon.colcon_core.package_identification:_identify(/home/piai/C4-over-flowers-for-AI/turtlebot3_ws/src) by extensions ['ros']
[0.223s] Level 1:colcon.colcon_core.package_identification:_identify(/home/piai/C4-over-flowers-for-AI/turtlebot3_ws/src) by extension 'ros'
[0.223s] Level 1:colcon.colcon_core.package_identification:_identify(/home/piai/C4-over-flowers-for-AI/turtlebot3_ws/src) by extensions ['cmake', 'python']
[0.223s] Level 1:colcon.colcon_core.package_identification:_identify(/home/piai/C4-over-flowers-for-AI/turtlebot3_ws/src) by extension 'cmake'
[0.223s] Level 1:colcon.colcon_core.package_identification:_identify(/home/piai/C4-over-flowers-for-AI/turtlebot3_ws/src) by extension 'python'
[0.223s] Level 1:colcon.colcon_core.package_identification:_identify(/home/piai/C4-over-flowers-for-AI/turtlebot3_ws/src) by extensions ['python_setup_py']
[0.223s] Level 1:colcon.colcon_core.package_identification:_identify(/home/piai/C4-over-flowers-for-AI/turtlebot3_ws/src) by extension 'python_setup_py'
[0.224s] Level 1:colcon.colcon_core.package_identification:_identify(/home/piai/C4-over-flowers-for-AI/turtlebot3_ws/src/DynamixelSDK) by extensions ['ignore', 'ignore_ament_install']
[0.224s] Level 1:colcon.colcon_core.package_identification:_identify(/home/piai/C4-over-flowers-for-AI/turtlebot3_ws/src/DynamixelSDK) by extension 'ignore'
[0.224s] Level 1:colcon.colcon_core.package_identification:_identify(/home/piai/C4-over-flowers-for-AI/turtlebot3_ws/src/DynamixelSDK) by extension 'ignore_ament_install'
[0.224s] Level 1:colcon.colcon_core.package_identification:_identify(/home/piai/C4-over-flowers-for-AI/turtlebot3_ws/src/DynamixelSDK) by extensions ['colcon_pkg']
[0.224s] Level 1:colcon.colcon_core.package_identification:_identify(/home/piai/C4-over-flowers-for-AI/turtlebot3_ws/src/DynamixelSDK) by extension 'colcon_pkg'
[0.224s] Level 1:colcon.colcon_core.package_identification:_identify(/home/piai/C4-over-flowers-for-AI/turtlebot3_ws/src/DynamixelSDK) by extensions ['colcon_meta']
[0.224s] Level 1:colcon.colcon_core.package_identification:_identify(/home/piai/C4-over-flowers-for-AI/turtlebot3_ws/src/DynamixelSDK) by extension 'colcon_meta'
[0.224s] Level 1:colcon.colcon_core.package_identification:_identify(/home/piai/C4-over-flowers-for-AI/turtlebot3_ws/src/DynamixelSDK) by extensions ['ros']
[0.224s] Level 1:colcon.colcon_core.package_identification:_identify(/home/piai/C4-over-flowers-for-AI/turtlebot3_ws/src/DynamixelSDK) by extension 'ros'
[0.224s] Level 1:colcon.colcon_core.package_identification:_identify(/home/piai/C4-over-flowers-for-AI/turtlebot3_ws/src/DynamixelSDK) by extensions ['cmake', 'python']
[0.224s] Level 1:colcon.colcon_core.package_identification:_identify(/home/piai/C4-over-flowers-for-AI/turtlebot3_ws/src/DynamixelSDK) by extension 'cmake'
[0.224s] Level 1:colcon.colcon_core.package_identification:_identify(/home/piai/C4-over-flowers-for-AI/turtlebot3_ws/src/DynamixelSDK) by extension 'python'
[0.224s] Level 1:colcon.colcon_core.package_identification:_identify(/home/piai/C4-over-flowers-for-AI/turtlebot3_ws/src/DynamixelSDK) by extensions ['python_setup_py']
[0.224s] Level 1:colcon.colcon_core.package_identification:_identify(/home/piai/C4-over-flowers-for-AI/turtlebot3_ws/src/DynamixelSDK) by extension 'python_setup_py'
[0.224s] Level 1:colcon.colcon_core.package_identification:_identify(/home/piai/C4-over-flowers-for-AI/turtlebot3_ws/src/DynamixelSDK/dynamixel_sdk) by extensions ['ignore', 'ignore_ament_install']
[0.224s] Level 1:colcon.colcon_core.package_identification:_identify(/home/piai/C4-over-flowers-for-AI/turtlebot3_ws/src/DynamixelSDK/dynamixel_sdk) by extension 'ignore'
[0.225s] Level 1:colcon.colcon_core.package_identification:_identify(/home/piai/C4-over-flowers-for-AI/turtlebot3_ws/src/DynamixelSDK/dynamixel_sdk) by extension 'ignore_ament_install'
[0.225s] Level 1:colcon.colcon_core.package_identification:_identify(/home/piai/C4-over-flowers-for-AI/turtlebot3_ws/src/DynamixelSDK/dynamixel_sdk) by extensions ['colcon_pkg']
[0.225s] Level 1:colcon.colcon_core.package_identification:_identify(/home/piai/C4-over-flowers-for-AI/turtlebot3_ws/src/DynamixelSDK/dynamixel_sdk) by extension 'colcon_pkg'
[0.225s] Level 1:colcon.colcon_core.package_identification:_identify(/home/piai/C4-over-flowers-for-AI/turtlebot3_ws/src/DynamixelSDK/dynamixel_sdk) by extensions ['colcon_meta']
[0.225s] Level 1:colcon.colcon_core.package_identification:_identify(/home/piai/C4-over-flowers-for-AI/turtlebot3_ws/src/DynamixelSDK/dynamixel_sdk) by extension 'colcon_meta'
[0.225s] Level 1:colcon.colcon_core.package_identification:_identify(/home/piai/C4-over-flowers-for-AI/turtlebot3_ws/src/DynamixelSDK/dynamixel_sdk) by extensions ['ros']
[0.225s] Level 1:colcon.colcon_core.package_identification:_identify(/home/piai/C4-over-flowers-for-AI/turtlebot3_ws/src/DynamixelSDK/dynamixel_sdk) by extension 'ros'
[0.228s] DEBUG:colcon.colcon_core.package_identification:Package '/home/piai/C4-over-flowers-for-AI/turtlebot3_ws/src/DynamixelSDK/dynamixel_sdk' with type 'ros.ament_cmake' and name 'dynamixel_sdk'
[0.228s] Level 1:colcon.colcon_core.package_identification:_identify(/home/piai/C4-over-flowers-for-AI/turtlebot3_ws/src/DynamixelSDK/dynamixel_sdk_custom_interfaces) by extensions ['ignore', 'ignore_ament_install']
[0.228s] Level 1:colcon.colcon_core.package_identification:_identify(/home/piai/C4-over-flowers-for-AI/turtlebot3_ws/src/DynamixelSDK/dynamixel_sdk_custom_interfaces) by extension 'ignore'
[0.228s] Level 1:colcon.colcon_core.package_identification:_identify(/home/piai/C4-over-flowers-for-AI/turtlebot3_ws/src/DynamixelSDK/dynamixel_sdk_custom_interfaces) by extension 'ignore_ament_install'
[0.228s] Level 1:colcon.colcon_core.package_identification:_identify(/home/piai/C4-over-flowers-for-AI/turtlebot3_ws/src/DynamixelSDK/dynamixel_sdk_custom_interfaces) by extensions ['colcon_pkg']
[0.228s] Level 1:colcon.colcon_core.package_identification:_identify(/home/piai/C4-over-flowers-for-AI/turtlebot3_ws/src/DynamixelSDK/dynamixel_sdk_custom_interfaces) by extension 'colcon_pkg'
[0.228s] Level 1:colcon.colcon_core.package_identification:_identify(/home/piai/C4-over-flowers-for-AI/turtlebot3_ws/src/DynamixelSDK/dynamixel_sdk_custom_interfaces) by extensions ['colcon_meta']
[0.228s] Level 1:colcon.colcon_core.package_identification:_identify(/home/piai/C4-over-flowers-for-AI/turtlebot3_ws/src/DynamixelSDK/dynamixel_sdk_custom_interfaces) by extension 'colcon_meta'
[0.228s] Level 1:colcon.colcon_core.package_identification:_identify(/home/piai/C4-over-flowers-for-AI/turtlebot3_ws/src/DynamixelSDK/dynamixel_sdk_custom_interfaces) by extensions ['ros']
[0.228s] Level 1:colcon.colcon_core.package_identification:_identify(/home/piai/C4-over-flowers-for-AI/turtlebot3_ws/src/DynamixelSDK/dynamixel_sdk_custom_interfaces) by extension 'ros'
[0.229s] DEBUG:colcon.colcon_core.package_identification:Package '/home/piai/C4-over-flowers-for-AI/turtlebot3_ws/src/DynamixelSDK/dynamixel_sdk_custom_interfaces' with type 'ros.ament_cmake' and name 'dynamixel_sdk_custom_interfaces'
[0.229s] Level 1:colcon.colcon_core.package_identification:_identify(/home/piai/C4-over-flowers-for-AI/turtlebot3_ws/src/DynamixelSDK/dynamixel_sdk_examples) by extensions ['ignore', 'ignore_ament_install']
[0.229s] Level 1:colcon.colcon_core.package_identification:_identify(/home/piai/C4-over-flowers-for-AI/turtlebot3_ws/src/DynamixelSDK/dynamixel_sdk_examples) by extension 'ignore'
[0.229s] Level 1:colcon.colcon_core.package_identification:_identify(/home/piai/C4-over-flowers-for-AI/turtlebot3_ws/src/DynamixelSDK/dynamixel_sdk_examples) by extension 'ignore_ament_install'
[0.229s] Level 1:colcon.colcon_core.package_identification:_identify(/home/piai/C4-over-flowers-for-AI/turtlebot3_ws/src/DynamixelSDK/dynamixel_sdk_examples) by extensions ['colcon_pkg']
[0.230s] Level 1:colcon.colcon_core.package_identification:_identify(/home/piai/C4-over-flowers-for-AI/turtlebot3_ws/src/DynamixelSDK/dynamixel_sdk_examples) by extension 'colcon_pkg'
[0.230s] Level 1:colcon.colcon_core.package_identification:_identify(/home/piai/C4-over-flowers-for-AI/turtlebot3_ws/src/DynamixelSDK/dynamixel_sdk_examples) by extensions ['colcon_meta']
[0.230s] Level 1:colcon.colcon_core.package_identification:_identify(/home/piai/C4-over-flowers-for-AI/turtlebot3_ws/src/DynamixelSDK/dynamixel_sdk_examples) by extension 'colcon_meta'
[0.230s] Level 1:colcon.colcon_core.package_identification:_identify(/home/piai/C4-over-flowers-for-AI/turtlebot3_ws/src/DynamixelSDK/dynamixel_sdk_examples) by extensions ['ros']
[0.230s] Level 1:colcon.colcon_core.package_identification:_identify(/home/piai/C4-over-flowers-for-AI/turtlebot3_ws/src/DynamixelSDK/dynamixel_sdk_examples) by extension 'ros'
[0.231s] DEBUG:colcon.colcon_core.package_identification:Package '/home/piai/C4-over-flowers-for-AI/turtlebot3_ws/src/DynamixelSDK/dynamixel_sdk_examples' with type 'ros.ament_cmake' and name 'dynamixel_sdk_examples'
[0.231s] Level 1:colcon.colcon_core.package_identification:_identify(/home/piai/C4-over-flowers-for-AI/turtlebot3_ws/src/build) by extensions ['ignore', 'ignore_ament_install']
[0.231s] Level 1:colcon.colcon_core.package_identification:_identify(/home/piai/C4-over-flowers-for-AI/turtlebot3_ws/src/build) by extension 'ignore'
[0.231s] Level 1:colcon.colcon_core.package_identification:_identify(/home/piai/C4-over-flowers-for-AI/turtlebot3_ws/src/build) ignored
[0.231s] Level 1:colcon.colcon_core.package_identification:_identify(/home/piai/C4-over-flowers-for-AI/turtlebot3_ws/src/install) by extensions ['ignore', 'ignore_ament_install']
[0.231s] Level 1:colcon.colcon_core.package_identification:_identify(/home/piai/C4-over-flowers-for-AI/turtlebot3_ws/src/install) by extension 'ignore'
[0.231s] Level 1:colcon.colcon_core.package_identification:_identify(/home/piai/C4-over-flowers-for-AI/turtlebot3_ws/src/install) ignored
[0.231s] Level 1:colcon.colcon_core.package_identification:_identify(/home/piai/C4-over-flowers-for-AI/turtlebot3_ws/src/log) by extensions ['ignore', 'ignore_ament_install']
[0.231s] Level 1:colcon.colcon_core.package_identification:_identify(/home/piai/C4-over-flowers-for-AI/turtlebot3_ws/src/log) by extension 'ignore'
[0.232s] Level 1:colcon.colcon_core.package_identification:_identify(/home/piai/C4-over-flowers-for-AI/turtlebot3_ws/src/log) ignored
[0.232s] Level 1:colcon.colcon_core.package_identification:_identify(/home/piai/C4-over-flowers-for-AI/turtlebot3_ws/src/turtlebot3) by extensions ['ignore', 'ignore_ament_install']
[0.232s] Level 1:colcon.colcon_core.package_identification:_identify(/home/piai/C4-over-flowers-for-AI/turtlebot3_ws/src/turtlebot3) by extension 'ignore'
[0.232s] Level 1:colcon.colcon_core.package_identification:_identify(/home/piai/C4-over-flowers-for-AI/turtlebot3_ws/src/turtlebot3) by extension 'ignore_ament_install'
[0.232s] Level 1:colcon.colcon_core.package_identification:_identify(/home/piai/C4-over-flowers-for-AI/turtlebot3_ws/src/turtlebot3) by extensions ['colcon_pkg']
[0.232s] Level 1:colcon.colcon_core.package_identification:_identify(/home/piai/C4-over-flowers-for-AI/turtlebot3_ws/src/turtlebot3) by extension 'colcon_pkg'
[0.232s] Level 1:colcon.colcon_core.package_identification:_identify(/home/piai/C4-over-flowers-for-AI/turtlebot3_ws/src/turtlebot3) by extensions ['colcon_meta']
[0.232s] Level 1:colcon.colcon_core.package_identification:_identify(/home/piai/C4-over-flowers-for-AI/turtlebot3_ws/src/turtlebot3) by extension 'colcon_meta'
[0.232s] Level 1:colcon.colcon_core.package_identification:_identify(/home/piai/C4-over-flowers-for-AI/turtlebot3_ws/src/turtlebot3) by extensions ['ros']
[0.232s] Level 1:colcon.colcon_core.package_identification:_identify(/home/piai/C4-over-flowers-for-AI/turtlebot3_ws/src/turtlebot3) by extension 'ros'
[0.232s] Level 1:colcon.colcon_core.package_identification:_identify(/home/piai/C4-over-flowers-for-AI/turtlebot3_ws/src/turtlebot3) by extensions ['cmake', 'python']
[0.232s] Level 1:colcon.colcon_core.package_identification:_identify(/home/piai/C4-over-flowers-for-AI/turtlebot3_ws/src/turtlebot3) by extension 'cmake'
[0.232s] Level 1:colcon.colcon_core.package_identification:_identify(/home/piai/C4-over-flowers-for-AI/turtlebot3_ws/src/turtlebot3) by extension 'python'
[0.232s] Level 1:colcon.colcon_core.package_identification:_identify(/home/piai/C4-over-flowers-for-AI/turtlebot3_ws/src/turtlebot3) by extensions ['python_setup_py']
[0.232s] Level 1:colcon.colcon_core.package_identification:_identify(/home/piai/C4-over-flowers-for-AI/turtlebot3_ws/src/turtlebot3) by extension 'python_setup_py'
[0.233s] Level 1:colcon.colcon_core.package_identification:_identify(/home/piai/C4-over-flowers-for-AI/turtlebot3_ws/src/turtlebot3/turtlebot3) by extensions ['ignore', 'ignore_ament_install']
[0.233s] Level 1:colcon.colcon_core.package_identification:_identify(/home/piai/C4-over-flowers-for-AI/turtlebot3_ws/src/turtlebot3/turtlebot3) by extension 'ignore'
[0.233s] Level 1:colcon.colcon_core.package_identification:_identify(/home/piai/C4-over-flowers-for-AI/turtlebot3_ws/src/turtlebot3/turtlebot3) by extension 'ignore_ament_install'
[0.233s] Level 1:colcon.colcon_core.package_identification:_identify(/home/piai/C4-over-flowers-for-AI/turtlebot3_ws/src/turtlebot3/turtlebot3) by extensions ['colcon_pkg']
[0.233s] Level 1:colcon.colcon_core.package_identification:_identify(/home/piai/C4-over-flowers-for-AI/turtlebot3_ws/src/turtlebot3/turtlebot3) by extension 'colcon_pkg'
[0.233s] Level 1:colcon.colcon_core.package_identification:_identify(/home/piai/C4-over-flowers-for-AI/turtlebot3_ws/src/turtlebot3/turtlebot3) by extensions ['colcon_meta']
[0.233s] Level 1:colcon.colcon_core.package_identification:_identify(/home/piai/C4-over-flowers-for-AI/turtlebot3_ws/src/turtlebot3/turtlebot3) by extension 'colcon_meta'
[0.233s] Level 1:colcon.colcon_core.package_identification:_identify(/home/piai/C4-over-flowers-for-AI/turtlebot3_ws/src/turtlebot3/turtlebot3) by extensions ['ros']
[0.233s] Level 1:colcon.colcon_core.package_identification:_identify(/home/piai/C4-over-flowers-for-AI/turtlebot3_ws/src/turtlebot3/turtlebot3) by extension 'ros'
[0.234s] DEBUG:colcon.colcon_core.package_identification:Package '/home/piai/C4-over-flowers-for-AI/turtlebot3_ws/src/turtlebot3/turtlebot3' with type 'ros.ament_cmake' and name 'turtlebot3'
[0.234s] Level 1:colcon.colcon_core.package_identification:_identify(/home/piai/C4-over-flowers-for-AI/turtlebot3_ws/src/turtlebot3/turtlebot3_bringup) by extensions ['ignore', 'ignore_ament_install']
[0.234s] Level 1:colcon.colcon_core.package_identification:_identify(/home/piai/C4-over-flowers-for-AI/turtlebot3_ws/src/turtlebot3/turtlebot3_bringup) by extension 'ignore'
[0.234s] Level 1:colcon.colcon_core.package_identification:_identify(/home/piai/C4-over-flowers-for-AI/turtlebot3_ws/src/turtlebot3/turtlebot3_bringup) by extension 'ignore_ament_install'
[0.234s] Level 1:colcon.colcon_core.package_identification:_identify(/home/piai/C4-over-flowers-for-AI/turtlebot3_ws/src/turtlebot3/turtlebot3_bringup) by extensions ['colcon_pkg']
[0.234s] Level 1:colcon.colcon_core.package_identification:_identify(/home/piai/C4-over-flowers-for-AI/turtlebot3_ws/src/turtlebot3/turtlebot3_bringup) by extension 'colcon_pkg'
[0.234s] Level 1:colcon.colcon_core.package_identification:_identify(/home/piai/C4-over-flowers-for-AI/turtlebot3_ws/src/turtlebot3/turtlebot3_bringup) by extensions ['colcon_meta']
[0.234s] Level 1:colcon.colcon_core.package_identification:_identify(/home/piai/C4-over-flowers-for-AI/turtlebot3_ws/src/turtlebot3/turtlebot3_bringup) by extension 'colcon_meta'
[0.234s] Level 1:colcon.colcon_core.package_identification:_identify(/home/piai/C4-over-flowers-for-AI/turtlebot3_ws/src/turtlebot3/turtlebot3_bringup) by extensions ['ros']
[0.234s] Level 1:colcon.colcon_core.package_identification:_identify(/home/piai/C4-over-flowers-for-AI/turtlebot3_ws/src/turtlebot3/turtlebot3_bringup) by extension 'ros'
[0.235s] DEBUG:colcon.colcon_core.package_identification:Package '/home/piai/C4-over-flowers-for-AI/turtlebot3_ws/src/turtlebot3/turtlebot3_bringup' with type 'ros.ament_cmake' and name 'turtlebot3_bringup'
[0.235s] Level 1:colcon.colcon_core.package_identification:_identify(/home/piai/C4-over-flowers-for-AI/turtlebot3_ws/src/turtlebot3/turtlebot3_cartographer) by extensions ['ignore', 'ignore_ament_install']
[0.235s] Level 1:colcon.colcon_core.package_identification:_identify(/home/piai/C4-over-flowers-for-AI/turtlebot3_ws/src/turtlebot3/turtlebot3_cartographer) by extension 'ignore'
[0.235s] Level 1:colcon.colcon_core.package_identification:_identify(/home/piai/C4-over-flowers-for-AI/turtlebot3_ws/src/turtlebot3/turtlebot3_cartographer) by extension 'ignore_ament_install'
[0.235s] Level 1:colcon.colcon_core.package_identification:_identify(/home/piai/C4-over-flowers-for-AI/turtlebot3_ws/src/turtlebot3/turtlebot3_cartographer) by extensions ['colcon_pkg']
[0.236s] Level 1:colcon.colcon_core.package_identification:_identify(/home/piai/C4-over-flowers-for-AI/turtlebot3_ws/src/turtlebot3/turtlebot3_cartographer) by extension 'colcon_pkg'
[0.236s] Level 1:colcon.colcon_core.package_identification:_identify(/home/piai/C4-over-flowers-for-AI/turtlebot3_ws/src/turtlebot3/turtlebot3_cartographer) by extensions ['colcon_meta']
[0.236s] Level 1:colcon.colcon_core.package_identification:_identify(/home/piai/C4-over-flowers-for-AI/turtlebot3_ws/src/turtlebot3/turtlebot3_cartographer) by extension 'colcon_meta'
[0.236s] Level 1:colcon.colcon_core.package_identification:_identify(/home/piai/C4-over-flowers-for-AI/turtlebot3_ws/src/turtlebot3/turtlebot3_cartographer) by extensions ['ros']
[0.236s] Level 1:colcon.colcon_core.package_identification:_identify(/home/piai/C4-over-flowers-for-AI/turtlebot3_ws/src/turtlebot3/turtlebot3_cartographer) by extension 'ros'
[0.236s] DEBUG:colcon.colcon_core.package_identification:Package '/home/piai/C4-over-flowers-for-AI/turtlebot3_ws/src/turtlebot3/turtlebot3_cartographer' with type 'ros.ament_cmake' and name 'turtlebot3_cartographer'
[0.236s] Level 1:colcon.colcon_core.package_identification:_identify(/home/piai/C4-over-flowers-for-AI/turtlebot3_ws/src/turtlebot3/turtlebot3_description) by extensions ['ignore', 'ignore_ament_install']
[0.237s] Level 1:colcon.colcon_core.package_identification:_identify(/home/piai/C4-over-flowers-for-AI/turtlebot3_ws/src/turtlebot3/turtlebot3_description) by extension 'ignore'
[0.237s] Level 1:colcon.colcon_core.package_identification:_identify(/home/piai/C4-over-flowers-for-AI/turtlebot3_ws/src/turtlebot3/turtlebot3_description) by extension 'ignore_ament_install'
[0.237s] Level 1:colcon.colcon_core.package_identification:_identify(/home/piai/C4-over-flowers-for-AI/turtlebot3_ws/src/turtlebot3/turtlebot3_description) by extensions ['colcon_pkg']
[0.237s] Level 1:colcon.colcon_core.package_identification:_identify(/home/piai/C4-over-flowers-for-AI/turtlebot3_ws/src/turtlebot3/turtlebot3_description) by extension 'colcon_pkg'
[0.237s] Level 1:colcon.colcon_core.package_identification:_identify(/home/piai/C4-over-flowers-for-AI/turtlebot3_ws/src/turtlebot3/turtlebot3_description) by extensions ['colcon_meta']
[0.237s] Level 1:colcon.colcon_core.package_identification:_identify(/home/piai/C4-over-flowers-for-AI/turtlebot3_ws/src/turtlebot3/turtlebot3_description) by extension 'colcon_meta'
[0.237s] Level 1:colcon.colcon_core.package_identification:_identify(/home/piai/C4-over-flowers-for-AI/turtlebot3_ws/src/turtlebot3/turtlebot3_description) by extensions ['ros']
[0.237s] Level 1:colcon.colcon_core.package_identification:_identify(/home/piai/C4-over-flowers-for-AI/turtlebot3_ws/src/turtlebot3/turtlebot3_description) by extension 'ros'
[0.238s] DEBUG:colcon.colcon_core.package_identification:Package '/home/piai/C4-over-flowers-for-AI/turtlebot3_ws/src/turtlebot3/turtlebot3_description' with type 'ros.ament_cmake' and name 'turtlebot3_description'
[0.238s] Level 1:colcon.colcon_core.package_identification:_identify(/home/piai/C4-over-flowers-for-AI/turtlebot3_ws/src/turtlebot3/turtlebot3_example) by extensions ['ignore', 'ignore_ament_install']
[0.238s] Level 1:colcon.colcon_core.package_identification:_identify(/home/piai/C4-over-flowers-for-AI/turtlebot3_ws/src/turtlebot3/turtlebot3_example) by extension 'ignore'
[0.238s] Level 1:colcon.colcon_core.package_identification:_identify(/home/piai/C4-over-flowers-for-AI/turtlebot3_ws/src/turtlebot3/turtlebot3_example) by extension 'ignore_ament_install'
[0.238s] Level 1:colcon.colcon_core.package_identification:_identify(/home/piai/C4-over-flowers-for-AI/turtlebot3_ws/src/turtlebot3/turtlebot3_example) by extensions ['colcon_pkg']
[0.238s] Level 1:colcon.colcon_core.package_identification:_identify(/home/piai/C4-over-flowers-for-AI/turtlebot3_ws/src/turtlebot3/turtlebot3_example) by extension 'colcon_pkg'
[0.238s] Level 1:colcon.colcon_core.package_identification:_identify(/home/piai/C4-over-flowers-for-AI/turtlebot3_ws/src/turtlebot3/turtlebot3_example) by extensions ['colcon_meta']
[0.238s] Level 1:colcon.colcon_core.package_identification:_identify(/home/piai/C4-over-flowers-for-AI/turtlebot3_ws/src/turtlebot3/turtlebot3_example) by extension 'colcon_meta'
[0.238s] Level 1:colcon.colcon_core.package_identification:_identify(/home/piai/C4-over-flowers-for-AI/turtlebot3_ws/src/turtlebot3/turtlebot3_example) by extensions ['ros']
[0.238s] Level 1:colcon.colcon_core.package_identification:_identify(/home/piai/C4-over-flowers-for-AI/turtlebot3_ws/src/turtlebot3/turtlebot3_example) by extension 'ros'
[0.239s] DEBUG:colcon.colcon_core.package_identification:Package '/home/piai/C4-over-flowers-for-AI/turtlebot3_ws/src/turtlebot3/turtlebot3_example' with type 'ros.ament_python' and name 'turtlebot3_example'
[0.239s] Level 1:colcon.colcon_core.package_identification:_identify(/home/piai/C4-over-flowers-for-AI/turtlebot3_ws/src/turtlebot3/turtlebot3_navigation2) by extensions ['ignore', 'ignore_ament_install']
[0.240s] Level 1:colcon.colcon_core.package_identification:_identify(/home/piai/C4-over-flowers-for-AI/turtlebot3_ws/src/turtlebot3/turtlebot3_navigation2) by extension 'ignore'
[0.240s] Level 1:colcon.colcon_core.package_identification:_identify(/home/piai/C4-over-flowers-for-AI/turtlebot3_ws/src/turtlebot3/turtlebot3_navigation2) by extension 'ignore_ament_install'
[0.240s] Level 1:colcon.colcon_core.package_identification:_identify(/home/piai/C4-over-flowers-for-AI/turtlebot3_ws/src/turtlebot3/turtlebot3_navigation2) by extensions ['colcon_pkg']
[0.240s] Level 1:colcon.colcon_core.package_identification:_identify(/home/piai/C4-over-flowers-for-AI/turtlebot3_ws/src/turtlebot3/turtlebot3_navigation2) by extension 'colcon_pkg'
[0.240s] Level 1:colcon.colcon_core.package_identification:_identify(/home/piai/C4-over-flowers-for-AI/turtlebot3_ws/src/turtlebot3/turtlebot3_navigation2) by extensions ['colcon_meta']
[0.240s] Level 1:colcon.colcon_core.package_identification:_identify(/home/piai/C4-over-flowers-for-AI/turtlebot3_ws/src/turtlebot3/turtlebot3_navigation2) by extension 'colcon_meta'
[0.240s] Level 1:colcon.colcon_core.package_identification:_identify(/home/piai/C4-over-flowers-for-AI/turtlebot3_ws/src/turtlebot3/turtlebot3_navigation2) by extensions ['ros']
[0.240s] Level 1:colcon.colcon_core.package_identification:_identify(/home/piai/C4-over-flowers-for-AI/turtlebot3_ws/src/turtlebot3/turtlebot3_navigation2) by extension 'ros'
[0.241s] DEBUG:colcon.colcon_core.package_identification:Package '/home/piai/C4-over-flowers-for-AI/turtlebot3_ws/src/turtlebot3/turtlebot3_navigation2' with type 'ros.ament_cmake' and name 'turtlebot3_navigation2'
[0.241s] Level 1:colcon.colcon_core.package_identification:_identify(/home/piai/C4-over-flowers-for-AI/turtlebot3_ws/src/turtlebot3/turtlebot3_node) by extensions ['ignore', 'ignore_ament_install']
[0.241s] Level 1:colcon.colcon_core.package_identification:_identify(/home/piai/C4-over-flowers-for-AI/turtlebot3_ws/src/turtlebot3/turtlebot3_node) by extension 'ignore'
[0.241s] Level 1:colcon.colcon_core.package_identification:_identify(/home/piai/C4-over-flowers-for-AI/turtlebot3_ws/src/turtlebot3/turtlebot3_node) by extension 'ignore_ament_install'
[0.241s] Level 1:colcon.colcon_core.package_identification:_identify(/home/piai/C4-over-flowers-for-AI/turtlebot3_ws/src/turtlebot3/turtlebot3_node) by extensions ['colcon_pkg']
[0.241s] Level 1:colcon.colcon_core.package_identification:_identify(/home/piai/C4-over-flowers-for-AI/turtlebot3_ws/src/turtlebot3/turtlebot3_node) by extension 'colcon_pkg'
[0.241s] Level 1:colcon.colcon_core.package_identification:_identify(/home/piai/C4-over-flowers-for-AI/turtlebot3_ws/src/turtlebot3/turtlebot3_node) by extensions ['colcon_meta']
[0.241s] Level 1:colcon.colcon_core.package_identification:_identify(/home/piai/C4-over-flowers-for-AI/turtlebot3_ws/src/turtlebot3/turtlebot3_node) by extension 'colcon_meta'
[0.241s] Level 1:colcon.colcon_core.package_identification:_identify(/home/piai/C4-over-flowers-for-AI/turtlebot3_ws/src/turtlebot3/turtlebot3_node) by extensions ['ros']
[0.241s] Level 1:colcon.colcon_core.package_identification:_identify(/home/piai/C4-over-flowers-for-AI/turtlebot3_ws/src/turtlebot3/turtlebot3_node) by extension 'ros'
[0.243s] DEBUG:colcon.colcon_core.package_identification:Package '/home/piai/C4-over-flowers-for-AI/turtlebot3_ws/src/turtlebot3/turtlebot3_node' with type 'ros.ament_cmake' and name 'turtlebot3_node'
[0.243s] Level 1:colcon.colcon_core.package_identification:_identify(/home/piai/C4-over-flowers-for-AI/turtlebot3_ws/src/turtlebot3/turtlebot3_teleop) by extensions ['ignore', 'ignore_ament_install']
[0.243s] Level 1:colcon.colcon_core.package_identification:_identify(/home/piai/C4-over-flowers-for-AI/turtlebot3_ws/src/turtlebot3/turtlebot3_teleop) by extension 'ignore'
[0.243s] Level 1:colcon.colcon_core.package_identification:_identify(/home/piai/C4-over-flowers-for-AI/turtlebot3_ws/src/turtlebot3/turtlebot3_teleop) by extension 'ignore_ament_install'
[0.243s] Level 1:colcon.colcon_core.package_identification:_identify(/home/piai/C4-over-flowers-for-AI/turtlebot3_ws/src/turtlebot3/turtlebot3_teleop) by extensions ['colcon_pkg']
[0.243s] Level 1:colcon.colcon_core.package_identification:_identify(/home/piai/C4-over-flowers-for-AI/turtlebot3_ws/src/turtlebot3/turtlebot3_teleop) by extension 'colcon_pkg'
[0.243s] Level 1:colcon.colcon_core.package_identification:_identify(/home/piai/C4-over-flowers-for-AI/turtlebot3_ws/src/turtlebot3/turtlebot3_teleop) by extensions ['colcon_meta']
[0.243s] Level 1:colcon.colcon_core.package_identification:_identify(/home/piai/C4-over-flowers-for-AI/turtlebot3_ws/src/turtlebot3/turtlebot3_teleop) by extension 'colcon_meta'
[0.244s] Level 1:colcon.colcon_core.package_identification:_identify(/home/piai/C4-over-flowers-for-AI/turtlebot3_ws/src/turtlebot3/turtlebot3_teleop) by extensions ['ros']
[0.244s] Level 1:colcon.colcon_core.package_identification:_identify(/home/piai/C4-over-flowers-for-AI/turtlebot3_ws/src/turtlebot3/turtlebot3_teleop) by extension 'ros'
[0.244s] DEBUG:colcon.colcon_core.package_identification:Package '/home/piai/C4-over-flowers-for-AI/turtlebot3_ws/src/turtlebot3/turtlebot3_teleop' with type 'ros.ament_python' and name 'turtlebot3_teleop'
[0.244s] Level 1:colcon.colcon_core.package_identification:_identify(/home/piai/C4-over-flowers-for-AI/turtlebot3_ws/src/turtlebot3_msgs) by extensions ['ignore', 'ignore_ament_install']
[0.244s] Level 1:colcon.colcon_core.package_identification:_identify(/home/piai/C4-over-flowers-for-AI/turtlebot3_ws/src/turtlebot3_msgs) by extension 'ignore'
[0.244s] Level 1:colcon.colcon_core.package_identification:_identify(/home/piai/C4-over-flowers-for-AI/turtlebot3_ws/src/turtlebot3_msgs) by extension 'ignore_ament_install'
[0.245s] Level 1:colcon.colcon_core.package_identification:_identify(/home/piai/C4-over-flowers-for-AI/turtlebot3_ws/src/turtlebot3_msgs) by extensions ['colcon_pkg']
[0.245s] Level 1:colcon.colcon_core.package_identification:_identify(/home/piai/C4-over-flowers-for-AI/turtlebot3_ws/src/turtlebot3_msgs) by extension 'colcon_pkg'
[0.245s] Level 1:colcon.colcon_core.package_identification:_identify(/home/piai/C4-over-flowers-for-AI/turtlebot3_ws/src/turtlebot3_msgs) by extensions ['colcon_meta']
[0.245s] Level 1:colcon.colcon_core.package_identification:_identify(/home/piai/C4-over-flowers-for-AI/turtlebot3_ws/src/turtlebot3_msgs) by extension 'colcon_meta'
[0.245s] Level 1:colcon.colcon_core.package_identification:_identify(/home/piai/C4-over-flowers-for-AI/turtlebot3_ws/src/turtlebot3_msgs) by extensions ['ros']
[0.245s] Level 1:colcon.colcon_core.package_identification:_identify(/home/piai/C4-over-flowers-for-AI/turtlebot3_ws/src/turtlebot3_msgs) by extension 'ros'
[0.246s] DEBUG:colcon.colcon_core.package_identification:Package '/home/piai/C4-over-flowers-for-AI/turtlebot3_ws/src/turtlebot3_msgs' with type 'ros.ament_cmake' and name 'turtlebot3_msgs'
[0.246s] Level 1:colcon.colcon_core.package_discovery:discover_packages(recursive) using defaults
