[0.061s] Invoking command in '/home/piai/turtlebot3_ws/src/build/turtlebot3_cartographer': CMAKE_PREFIX_PATH=/opt/ros/dashing CONDA_PROMPT_MODIFIER=(base) /usr/local/bin/cmake /home/piai/turtlebot3_ws/src/turtlebot3/turtlebot3_cartographer -DAMENT_CMAKE_SYMLINK_INSTALL=1 -DCMAKE_INSTALL_PREFIX=/home/piai/turtlebot3_ws/src/install/turtlebot3_cartographer
[0.176s] -- The C compiler identification is GNU 7.5.0
[0.287s] -- The CXX compiler identification is GNU 7.5.0
[0.304s] -- Detecting C compiler ABI info
[0.379s] -- Detecting C compiler ABI info - done
[0.394s] -- Check for working C compiler: /usr/bin/cc - skipped
[0.394s] -- Detecting C compile features
[0.395s] -- Detecting C compile features - done
[0.401s] -- Detecting CXX compiler ABI info
[0.488s] -- Detecting CXX compiler ABI info - done
[0.517s] -- Check for working CXX compiler: /usr/bin/c++ - skipped
[0.518s] -- Detecting CXX compile features
[0.519s] -- Detecting CXX compile features - done
[0.523s] -- Found ament_cmake: 0.7.6 (/opt/ros/dashing/share/ament_cmake/cmake)
[0.577s] -- Found PythonInterp: /home/piai/anaconda3/bin/python3 (found suitable version "3.9.15", minimum required is "3") 
[0.578s] -- Using PYTHON_EXECUTABLE: /home/piai/anaconda3/bin/python3
[0.896s] -- Override CMake install command with custom implementation using symlinks instead of copying resources
[1.032s] -- Configuring done
[1.035s] -- Generating done
[1.036s] -- Build files have been written to: /home/piai/turtlebot3_ws/src/build/turtlebot3_cartographer
[1.041s] Invoked command in '/home/piai/turtlebot3_ws/src/build/turtlebot3_cartographer' returned '0': CMAKE_PREFIX_PATH=/opt/ros/dashing CONDA_PROMPT_MODIFIER=(base) /usr/local/bin/cmake /home/piai/turtlebot3_ws/src/turtlebot3/turtlebot3_cartographer -DAMENT_CMAKE_SYMLINK_INSTALL=1 -DCMAKE_INSTALL_PREFIX=/home/piai/turtlebot3_ws/src/install/turtlebot3_cartographer
[1.048s] Invoking command in '/home/piai/turtlebot3_ws/src/build/turtlebot3_cartographer': CMAKE_PREFIX_PATH=/opt/ros/dashing CONDA_PROMPT_MODIFIER=(base) /usr/local/bin/cmake --build /home/piai/turtlebot3_ws/src/build/turtlebot3_cartographer -- -j20 -l20
[1.080s] Invoked command in '/home/piai/turtlebot3_ws/src/build/turtlebot3_cartographer' returned '0': CMAKE_PREFIX_PATH=/opt/ros/dashing CONDA_PROMPT_MODIFIER=(base) /usr/local/bin/cmake --build /home/piai/turtlebot3_ws/src/build/turtlebot3_cartographer -- -j20 -l20
[1.132s] Invoking command in '/home/piai/turtlebot3_ws/src/build/turtlebot3_cartographer': CMAKE_PREFIX_PATH=/opt/ros/dashing CONDA_PROMPT_MODIFIER=(base) /usr/local/bin/cmake --install /home/piai/turtlebot3_ws/src/build/turtlebot3_cartographer
[1.137s] -- Install configuration: ""
[1.138s] -- Execute custom install script
[1.138s] -- Symlinking: /home/piai/turtlebot3_ws/src/install/turtlebot3_cartographer/share/turtlebot3_cartographer/config/turtlebot3_lds_2d.lua
[1.145s] -- Symlinking: /home/piai/turtlebot3_ws/src/install/turtlebot3_cartographer/share/turtlebot3_cartographer/launch/cartographer.launch.py
[1.154s] -- Symlinking: /home/piai/turtlebot3_ws/src/install/turtlebot3_cartographer/share/turtlebot3_cartographer/launch/occupancy_grid.launch.py
[1.156s] -- Symlinking: /home/piai/turtlebot3_ws/src/install/turtlebot3_cartographer/share/turtlebot3_cartographer/rviz/tb3_cartographer.rviz
[1.158s] -- Symlinking: /home/piai/turtlebot3_ws/src/install/turtlebot3_cartographer/share/ament_index/resource_index/package_run_dependencies/turtlebot3_cartographer
[1.162s] -- Symlinking: /home/piai/turtlebot3_ws/src/install/turtlebot3_cartographer/share/ament_index/resource_index/parent_prefix_path/turtlebot3_cartographer
[1.169s] -- Symlinking: /home/piai/turtlebot3_ws/src/install/turtlebot3_cartographer/share/turtlebot3_cartographer/environment/ament_prefix_path.sh
[1.173s] -- Symlinking: /home/piai/turtlebot3_ws/src/install/turtlebot3_cartographer/share/turtlebot3_cartographer/environment/path.sh
[1.178s] -- Symlinking: /home/piai/turtlebot3_ws/src/install/turtlebot3_cartographer/share/turtlebot3_cartographer/local_setup.bash
[1.185s] -- Symlinking: /home/piai/turtlebot3_ws/src/install/turtlebot3_cartographer/share/turtlebot3_cartographer/local_setup.sh
[1.189s] -- Symlinking: /home/piai/turtlebot3_ws/src/install/turtlebot3_cartographer/share/turtlebot3_cartographer/local_setup.zsh
[1.195s] -- Symlinking: /home/piai/turtlebot3_ws/src/install/turtlebot3_cartographer/share/ament_index/resource_index/packages/turtlebot3_cartographer
[1.206s] -- Symlinking: /home/piai/turtlebot3_ws/src/install/turtlebot3_cartographer/share/turtlebot3_cartographer/cmake/turtlebot3_cartographerConfig.cmake
[1.207s] -- Symlinking: /home/piai/turtlebot3_ws/src/install/turtlebot3_cartographer/share/turtlebot3_cartographer/cmake/turtlebot3_cartographerConfig-version.cmake
[1.210s] -- Symlinking: /home/piai/turtlebot3_ws/src/install/turtlebot3_cartographer/share/turtlebot3_cartographer/package.xml
[1.226s] Invoked command in '/home/piai/turtlebot3_ws/src/build/turtlebot3_cartographer' returned '0': CMAKE_PREFIX_PATH=/opt/ros/dashing CONDA_PROMPT_MODIFIER=(base) /usr/local/bin/cmake --install /home/piai/turtlebot3_ws/src/build/turtlebot3_cartographer
