[0.066s] Invoking command in '/home/piai/turtlebot3_ws/src/build/turtlebot3_msgs': CMAKE_PREFIX_PATH=/opt/ros/dashing CONDA_PROMPT_MODIFIER=(base) /usr/local/bin/cmake /home/piai/turtlebot3_ws/src/turtlebot3_msgs -DAMENT_CMAKE_SYMLINK_INSTALL=1 -DCMAKE_INSTALL_PREFIX=/home/piai/turtlebot3_ws/src/install/turtlebot3_msgs
[0.203s] -- The C compiler identification is GNU 7.5.0
[0.308s] -- The CXX compiler identification is GNU 7.5.0
[0.330s] -- Detecting C compiler ABI info
[0.409s] -- Detecting C compiler ABI info - done
[0.426s] -- Check for working C compiler: /usr/bin/cc - skipped
[0.426s] -- Detecting C compile features
[0.426s] -- Detecting C compile features - done
[0.432s] -- Detecting CXX compiler ABI info
[0.536s] -- Detecting CXX compiler ABI info - done
[0.546s] -- Check for working CXX compiler: /usr/bin/c++ - skipped
[0.546s] -- Detecting CXX compile features
[0.547s] -- Detecting CXX compile features - done
[0.549s] -- Found action_msgs: 0.7.4 (/opt/ros/dashing/share/action_msgs/cmake)
[0.603s] -- Found PythonInterp: /home/piai/anaconda3/bin/python3 (found suitable version "3.9.15", minimum required is "3") 
[0.603s] -- Using PYTHON_EXECUTABLE: /home/piai/anaconda3/bin/python3
[0.892s] -- Override CMake install command with custom implementation using symlinks instead of copying resources
[0.919s] -- Found rosidl_adapter: 0.7.10 (/opt/ros/dashing/share/rosidl_adapter/cmake)
[0.976s] -- Found ament_cmake: 0.7.6 (/opt/ros/dashing/share/ament_cmake/cmake)
[0.995s] -- Found rosidl_default_generators: 0.7.0 (/opt/ros/dashing/share/rosidl_default_generators/cmake)
[1.102s] -- Found OpenSSL: /usr/lib/x86_64-linux-gnu/libcrypto.so (found version "1.1.1")  
[1.122s] -- Found FastRTPS: /opt/ros/dashing/include  
[1.204s] -- Found std_msgs: 0.7.1 (/opt/ros/dashing/share/std_msgs/cmake)
[1.260s] -- Found PythonInterp: /home/piai/anaconda3/bin/python3 (found version "3.9.15") 
[1.551s] -- Found ament_cmake_cppcheck: 0.7.12 (/opt/ros/dashing/share/ament_cmake_cppcheck/cmake)
[1.554s] -- Found ament_cmake_cpplint: 0.7.12 (/opt/ros/dashing/share/ament_cmake_cpplint/cmake)
[1.556s] -- Found ament_cmake_uncrustify: 0.7.12 (/opt/ros/dashing/share/ament_cmake_uncrustify/cmake)
[1.604s] -- Using single matching rosidl_typesupport_c: rosidl_typesupport_fastrtps_c
[1.631s] -- Using single matching rosidl_typesupport_cpp: rosidl_typesupport_fastrtps_cpp
[1.835s] -- Found rmw_implementation_cmake: 0.7.2 (/opt/ros/dashing/share/rmw_implementation_cmake/cmake)
[1.884s] -- Found PythonInterp: /home/piai/anaconda3/bin/python3 (found suitable version "3.9.15", minimum required is "3.5") 
[1.888s] -- Found python_cmake_module: 0.7.11 (/opt/ros/dashing/share/python_cmake_module/cmake)
[1.940s] -- Found PythonLibs: /home/piai/anaconda3/lib/libpython3.9.so (found suitable version "3.9.15", minimum required is "3.5") 
[1.940s] -- Using PYTHON_EXECUTABLE: /home/piai/anaconda3/bin/python3
[1.941s] -- Using PYTHON_INCLUDE_DIRS: /home/piai/anaconda3/include/python3.9
[1.941s] -- Using PYTHON_LIBRARIES: /home/piai/anaconda3/lib/libpython3.9.so
[1.984s] -- Found PythonExtra: .so  
[2.721s] -- Using numpy include directory: /home/piai/anaconda3/lib/python3.9/site-packages/numpy/core/include
[2.750s] -- Found ament_cmake_flake8: 0.7.12 (/opt/ros/dashing/share/ament_cmake_flake8/cmake)
[2.752s] -- Found ament_cmake_pep257: 0.7.12 (/opt/ros/dashing/share/ament_cmake_pep257/cmake)
[2.762s] -- Configuring done
[2.856s] [33mCMake Warning at /opt/ros/dashing/share/rosidl_generator_py/cmake/rosidl_generator_py_generate_interfaces.cmake:176 (add_library):
[2.856s]   Cannot generate a safe runtime search path for target
[2.856s]   turtlebot3_msgs__python because files in some directories may conflict with
[2.857s]   libraries in implicit directories:
[2.857s] 
[2.857s]     runtime library [libssl.so.1.1] in /usr/lib/x86_64-linux-gnu may be hidden by files in:
[2.857s]       /home/piai/anaconda3/lib
[2.857s]     runtime library [libcrypto.so.1.1] in /usr/lib/x86_64-linux-gnu may be hidden by files in:
[2.857s]       /home/piai/anaconda3/lib
[2.858s] 
[2.858s]   Some of these libraries may not be found correctly.
[2.858s] Call Stack (most recent call first):
[2.858s]   /opt/ros/dashing/share/ament_cmake_core/cmake/core/ament_execute_extensions.cmake:48 (include)
[2.858s]   /opt/ros/dashing/share/rosidl_cmake/cmake/rosidl_generate_interfaces.cmake:286 (ament_execute_extensions)
[2.859s]   CMakeLists.txt:45 (rosidl_generate_interfaces)
[2.859s] 
[2.859s] [0m
[2.867s] [33mCMake Warning at /opt/ros/dashing/share/rosidl_generator_py/cmake/rosidl_generator_py_generate_interfaces.cmake:229 (add_library):
[2.868s]   Cannot generate a safe runtime search path for target
[2.868s]   turtlebot3_msgs__rosidl_typesupport_c__pyext because files in some
[2.868s]   directories may conflict with libraries in implicit directories:
[2.868s] 
[2.868s]     runtime library [libssl.so.1.1] in /usr/lib/x86_64-linux-gnu may be hidden by files in:
[2.868s]       /home/piai/anaconda3/lib
[2.869s]     runtime library [libcrypto.so.1.1] in /usr/lib/x86_64-linux-gnu may be hidden by files in:
[2.869s]       /home/piai/anaconda3/lib
[2.869s] 
[2.869s]   Some of these libraries may not be found correctly.
[2.869s] Call Stack (most recent call first):
[2.870s]   /opt/ros/dashing/share/ament_cmake_core/cmake/core/ament_execute_extensions.cmake:48 (include)
[2.870s]   /opt/ros/dashing/share/rosidl_cmake/cmake/rosidl_generate_interfaces.cmake:286 (ament_execute_extensions)
[2.870s]   CMakeLists.txt:45 (rosidl_generate_interfaces)
[2.870s] 
[2.870s] [0m
[2.879s] [33mCMake Warning at /opt/ros/dashing/share/rosidl_generator_py/cmake/rosidl_generator_py_generate_interfaces.cmake:229 (add_library):
[2.879s]   Cannot generate a safe runtime search path for target
[2.880s]   turtlebot3_msgs__rosidl_typesupport_fastrtps_c__pyext because files in some
[2.880s]   directories may conflict with libraries in implicit directories:
[2.880s] 
[2.880s]     runtime library [libssl.so.1.1] in /usr/lib/x86_64-linux-gnu may be hidden by files in:
[2.880s]       /home/piai/anaconda3/lib
[2.880s]     runtime library [libcrypto.so.1.1] in /usr/lib/x86_64-linux-gnu may be hidden by files in:
[2.881s]       /home/piai/anaconda3/lib
[2.881s] 
[2.881s]   Some of these libraries may not be found correctly.
[2.881s] Call Stack (most recent call first):
[2.881s]   /opt/ros/dashing/share/ament_cmake_core/cmake/core/ament_execute_extensions.cmake:48 (include)
[2.882s]   /opt/ros/dashing/share/rosidl_cmake/cmake/rosidl_generate_interfaces.cmake:286 (ament_execute_extensions)
[2.882s]   CMakeLists.txt:45 (rosidl_generate_interfaces)
[2.882s] 
[2.882s] [0m
[2.883s] -- Generating done
[2.886s] -- Build files have been written to: /home/piai/turtlebot3_ws/src/build/turtlebot3_msgs
[2.895s] Invoked command in '/home/piai/turtlebot3_ws/src/build/turtlebot3_msgs' returned '0': CMAKE_PREFIX_PATH=/opt/ros/dashing CONDA_PROMPT_MODIFIER=(base) /usr/local/bin/cmake /home/piai/turtlebot3_ws/src/turtlebot3_msgs -DAMENT_CMAKE_SYMLINK_INSTALL=1 -DCMAKE_INSTALL_PREFIX=/home/piai/turtlebot3_ws/src/install/turtlebot3_msgs
[2.901s] Invoking command in '/home/piai/turtlebot3_ws/src/build/turtlebot3_msgs': CMAKE_PREFIX_PATH=/opt/ros/dashing CONDA_PROMPT_MODIFIER=(base) /usr/local/bin/cmake --build /home/piai/turtlebot3_ws/src/build/turtlebot3_msgs -- -j20 -l20
[2.956s] [  1%] [34m[1mGenerating C code for ROS interfaces[0m
[2.965s] [  2%] [34m[1mGenerating C++ code for ROS interfaces[0m
[3.909s] [  2%] Built target turtlebot3_msgs__cpp
[3.921s] [  4%] [34m[1mGenerating C++ type support for eProsima Fast-RTPS[0m
[3.922s] [  5%] [34m[1mGenerating C++ introspection for ROS interfaces[0m
[4.036s] [  7%] [32mBuilding C object CMakeFiles/turtlebot3_msgs__rosidl_generator_c.dir/rosidl_generator_c/turtlebot3_msgs/msg/sensor_state__functions.c.o[0m
[4.037s] [  8%] [32mBuilding C object CMakeFiles/turtlebot3_msgs__rosidl_generator_c.dir/rosidl_generator_c/turtlebot3_msgs/msg/sound__functions.c.o[0m
[4.037s] [ 10%] [32mBuilding C object CMakeFiles/turtlebot3_msgs__rosidl_generator_c.dir/rosidl_generator_c/turtlebot3_msgs/srv/dqn__functions.c.o[0m
[4.037s] [ 11%] [32mBuilding C object CMakeFiles/turtlebot3_msgs__rosidl_generator_c.dir/rosidl_generator_c/turtlebot3_msgs/action/patrol__functions.c.o[0m
[4.038s] [ 13%] [32mBuilding C object CMakeFiles/turtlebot3_msgs__rosidl_generator_c.dir/rosidl_generator_c/turtlebot3_msgs/msg/version_info__functions.c.o[0m
[4.039s] [ 14%] [32mBuilding C object CMakeFiles/turtlebot3_msgs__rosidl_generator_c.dir/rosidl_generator_c/turtlebot3_msgs/srv/sound__functions.c.o[0m
[4.131s] [ 15%] [32m[1mLinking C shared library libturtlebot3_msgs__rosidl_generator_c.so[0m
[4.199s] [ 15%] Built target turtlebot3_msgs__rosidl_generator_c
[4.215s] [ 17%] [34m[1mGenerating C introspection for ROS interfaces[0m
[4.810s] [ 18%] [32mBuilding CXX object CMakeFiles/turtlebot3_msgs__rosidl_typesupport_introspection_cpp.dir/rosidl_typesupport_introspection_cpp/turtlebot3_msgs/srv/dqn__type_support.cpp.o[0m
[4.811s] [ 20%] [32mBuilding CXX object CMakeFiles/turtlebot3_msgs__rosidl_typesupport_introspection_cpp.dir/rosidl_typesupport_introspection_cpp/turtlebot3_msgs/action/patrol__type_support.cpp.o[0m
[4.811s] [ 21%] [32mBuilding CXX object CMakeFiles/turtlebot3_msgs__rosidl_typesupport_introspection_cpp.dir/rosidl_typesupport_introspection_cpp/turtlebot3_msgs/msg/sound__type_support.cpp.o[0m
[4.812s] [ 23%] [32mBuilding CXX object CMakeFiles/turtlebot3_msgs__rosidl_typesupport_introspection_cpp.dir/rosidl_typesupport_introspection_cpp/turtlebot3_msgs/msg/sensor_state__type_support.cpp.o[0m
[4.813s] [ 24%] [32mBuilding CXX object CMakeFiles/turtlebot3_msgs__rosidl_typesupport_introspection_cpp.dir/rosidl_typesupport_introspection_cpp/turtlebot3_msgs/msg/version_info__type_support.cpp.o[0m
[4.813s] [ 26%] [32mBuilding CXX object CMakeFiles/turtlebot3_msgs__rosidl_typesupport_introspection_cpp.dir/rosidl_typesupport_introspection_cpp/turtlebot3_msgs/srv/sound__type_support.cpp.o[0m
[4.943s] [ 28%] [32mBuilding CXX object CMakeFiles/turtlebot3_msgs__rosidl_typesupport_fastrtps_cpp.dir/rosidl_typesupport_fastrtps_cpp/turtlebot3_msgs/msg/dds_fastrtps/sensor_state__type_support.cpp.o[0m
[4.944s] [ 28%] [32mBuilding CXX object CMakeFiles/turtlebot3_msgs__rosidl_typesupport_fastrtps_cpp.dir/rosidl_typesupport_fastrtps_cpp/turtlebot3_msgs/msg/dds_fastrtps/sound__type_support.cpp.o[0m
[4.944s] [ 30%] [32mBuilding CXX object CMakeFiles/turtlebot3_msgs__rosidl_typesupport_fastrtps_cpp.dir/rosidl_typesupport_fastrtps_cpp/turtlebot3_msgs/msg/dds_fastrtps/version_info__type_support.cpp.o[0m
[4.944s] [ 31%] [32mBuilding CXX object CMakeFiles/turtlebot3_msgs__rosidl_typesupport_fastrtps_cpp.dir/rosidl_typesupport_fastrtps_cpp/turtlebot3_msgs/action/dds_fastrtps/patrol__type_support.cpp.o[0m
[4.950s] [ 34%] [32mBuilding CXX object CMakeFiles/turtlebot3_msgs__rosidl_typesupport_fastrtps_cpp.dir/rosidl_typesupport_fastrtps_cpp/turtlebot3_msgs/srv/dds_fastrtps/sound__type_support.cpp.o[0m
[4.950s] [ 34%] [32mBuilding CXX object CMakeFiles/turtlebot3_msgs__rosidl_typesupport_fastrtps_cpp.dir/rosidl_typesupport_fastrtps_cpp/turtlebot3_msgs/srv/dds_fastrtps/dqn__type_support.cpp.o[0m
[5.166s] [ 36%] [32m[1mLinking CXX shared library libturtlebot3_msgs__rosidl_typesupport_introspection_cpp.so[0m
[5.252s] [ 39%] [32mBuilding C object CMakeFiles/turtlebot3_msgs__rosidl_typesupport_introspection_c.dir/rosidl_typesupport_introspection_c/turtlebot3_msgs/msg/sensor_state__type_support.c.o[0m
[5.253s] [ 39%] [32mBuilding C object CMakeFiles/turtlebot3_msgs__rosidl_typesupport_introspection_c.dir/rosidl_typesupport_introspection_c/turtlebot3_msgs/msg/sound__type_support.c.o[0m
[5.253s] [ 40%] [32mBuilding C object CMakeFiles/turtlebot3_msgs__rosidl_typesupport_introspection_c.dir/rosidl_typesupport_introspection_c/turtlebot3_msgs/srv/sound__type_support.c.o[0m
[5.254s] [ 42%] [32mBuilding C object CMakeFiles/turtlebot3_msgs__rosidl_typesupport_introspection_c.dir/rosidl_typesupport_introspection_c/turtlebot3_msgs/srv/dqn__type_support.c.o[0m
[5.254s] [ 43%] [32mBuilding C object CMakeFiles/turtlebot3_msgs__rosidl_typesupport_introspection_c.dir/rosidl_typesupport_introspection_c/turtlebot3_msgs/action/patrol__type_support.c.o[0m
[5.254s] [ 44%] [32mBuilding C object CMakeFiles/turtlebot3_msgs__rosidl_typesupport_introspection_c.dir/rosidl_typesupport_introspection_c/turtlebot3_msgs/msg/version_info__type_support.c.o[0m
[5.270s] [ 44%] Built target turtlebot3_msgs__rosidl_typesupport_introspection_cpp
[5.307s] [ 46%] [32m[1mLinking C shared library libturtlebot3_msgs__rosidl_typesupport_introspection_c.so[0m
[5.355s] [ 46%] Built target turtlebot3_msgs__rosidl_typesupport_introspection_c
[5.397s] [ 47%] [32m[1mLinking CXX shared library libturtlebot3_msgs__rosidl_typesupport_fastrtps_cpp.so[0m
[5.517s] [ 47%] Built target turtlebot3_msgs__rosidl_typesupport_fastrtps_cpp
[5.530s] [ 49%] [34m[1mGenerating C++ type support dispatch for ROS interfaces[0m
[5.531s] [ 50%] [34m[1mGenerating C type support for eProsima Fast-RTPS[0m
[6.313s] [ 52%] [32mBuilding CXX object CMakeFiles/turtlebot3_msgs__rosidl_typesupport_cpp.dir/rosidl_typesupport_cpp/turtlebot3_msgs/srv/sound__type_support.cpp.o[0m
[6.313s] [ 53%] [32mBuilding CXX object CMakeFiles/turtlebot3_msgs__rosidl_typesupport_cpp.dir/rosidl_typesupport_cpp/turtlebot3_msgs/msg/version_info__type_support.cpp.o[0m
[6.314s] [ 55%] [32mBuilding CXX object CMakeFiles/turtlebot3_msgs__rosidl_typesupport_cpp.dir/rosidl_typesupport_cpp/turtlebot3_msgs/msg/sound__type_support.cpp.o[0m
[6.315s] [ 56%] [32mBuilding CXX object CMakeFiles/turtlebot3_msgs__rosidl_typesupport_cpp.dir/rosidl_typesupport_cpp/turtlebot3_msgs/srv/dqn__type_support.cpp.o[0m
[6.316s] [ 57%] [32mBuilding CXX object CMakeFiles/turtlebot3_msgs__rosidl_typesupport_cpp.dir/rosidl_typesupport_cpp/turtlebot3_msgs/msg/sensor_state__type_support.cpp.o[0m
[6.318s] [ 59%] [32mBuilding CXX object CMakeFiles/turtlebot3_msgs__rosidl_typesupport_cpp.dir/rosidl_typesupport_cpp/turtlebot3_msgs/action/patrol__type_support.cpp.o[0m
[6.500s] [ 62%] [32mBuilding CXX object CMakeFiles/turtlebot3_msgs__rosidl_typesupport_fastrtps_c.dir/rosidl_typesupport_fastrtps_c/turtlebot3_msgs/msg/sensor_state__type_support_c.cpp.o[0m
[6.500s] [ 63%] [32mBuilding CXX object CMakeFiles/turtlebot3_msgs__rosidl_typesupport_fastrtps_c.dir/rosidl_typesupport_fastrtps_c/turtlebot3_msgs/msg/sound__type_support_c.cpp.o[0m
[6.500s] [ 63%] [32mBuilding CXX object CMakeFiles/turtlebot3_msgs__rosidl_typesupport_fastrtps_c.dir/rosidl_typesupport_fastrtps_c/turtlebot3_msgs/msg/version_info__type_support_c.cpp.o[0m
[6.500s] [ 65%] [32mBuilding CXX object CMakeFiles/turtlebot3_msgs__rosidl_typesupport_fastrtps_c.dir/rosidl_typesupport_fastrtps_c/turtlebot3_msgs/srv/dqn__type_support_c.cpp.o[0m
[6.503s] [ 66%] [32mBuilding CXX object CMakeFiles/turtlebot3_msgs__rosidl_typesupport_fastrtps_c.dir/rosidl_typesupport_fastrtps_c/turtlebot3_msgs/action/patrol__type_support_c.cpp.o[0m
[6.504s] [ 68%] [32mBuilding CXX object CMakeFiles/turtlebot3_msgs__rosidl_typesupport_fastrtps_c.dir/rosidl_typesupport_fastrtps_c/turtlebot3_msgs/srv/sound__type_support_c.cpp.o[0m
[6.787s] [ 69%] [32m[1mLinking CXX shared library libturtlebot3_msgs__rosidl_typesupport_cpp.so[0m
[6.901s] [ 69%] Built target turtlebot3_msgs__rosidl_typesupport_cpp
[6.927s] [ 71%] [32m[1mLinking CXX shared library libturtlebot3_msgs__rosidl_typesupport_fastrtps_c.so[0m
[7.039s] [ 71%] Built target turtlebot3_msgs__rosidl_typesupport_fastrtps_c
[7.051s] [ 72%] [34m[1mGenerating C type support dispatch for ROS interfaces[0m
[7.796s] [ 73%] [32mBuilding CXX object CMakeFiles/turtlebot3_msgs__rosidl_typesupport_c.dir/rosidl_typesupport_c/turtlebot3_msgs/msg/sound__type_support.cpp.o[0m
[7.796s] [ 75%] [32mBuilding CXX object CMakeFiles/turtlebot3_msgs__rosidl_typesupport_c.dir/rosidl_typesupport_c/turtlebot3_msgs/msg/sensor_state__type_support.cpp.o[0m
[7.796s] [ 76%] [32mBuilding CXX object CMakeFiles/turtlebot3_msgs__rosidl_typesupport_c.dir/rosidl_typesupport_c/turtlebot3_msgs/msg/version_info__type_support.cpp.o[0m
[7.797s] [ 78%] [32mBuilding CXX object CMakeFiles/turtlebot3_msgs__rosidl_typesupport_c.dir/rosidl_typesupport_c/turtlebot3_msgs/srv/sound__type_support.cpp.o[0m
[7.797s] [ 79%] [32mBuilding CXX object CMakeFiles/turtlebot3_msgs__rosidl_typesupport_c.dir/rosidl_typesupport_c/turtlebot3_msgs/srv/dqn__type_support.cpp.o[0m
[7.798s] [ 81%] [32mBuilding CXX object CMakeFiles/turtlebot3_msgs__rosidl_typesupport_c.dir/rosidl_typesupport_c/turtlebot3_msgs/action/patrol__type_support.cpp.o[0m
[7.858s] [ 82%] [32m[1mLinking CXX shared library libturtlebot3_msgs__rosidl_typesupport_c.so[0m
[7.942s] [ 82%] Built target turtlebot3_msgs__rosidl_typesupport_c
[7.965s] [ 82%] Built target turtlebot3_msgs
[7.993s] [ 84%] [34m[1mGenerating Python code for ROS interfaces[0m
[10.050s] [ 84%] Built target turtlebot3_msgs__py
[10.076s] [ 85%] [32mBuilding C object CMakeFiles/turtlebot3_msgs__python.dir/rosidl_generator_py/turtlebot3_msgs/action/_patrol_s.c.o[0m
[10.077s] [ 86%] [32mBuilding C object CMakeFiles/turtlebot3_msgs__python.dir/rosidl_generator_py/turtlebot3_msgs/msg/_sensor_state_s.c.o[0m
[10.077s] [ 88%] [32mBuilding C object CMakeFiles/turtlebot3_msgs__python.dir/rosidl_generator_py/turtlebot3_msgs/msg/_sound_s.c.o[0m
[10.078s] [ 89%] [32mBuilding C object CMakeFiles/turtlebot3_msgs__python.dir/rosidl_generator_py/turtlebot3_msgs/msg/_version_info_s.c.o[0m
[10.078s] [ 91%] [32mBuilding C object CMakeFiles/turtlebot3_msgs__python.dir/rosidl_generator_py/turtlebot3_msgs/srv/_sound_s.c.o[0m
[10.078s] [ 92%] [32mBuilding C object CMakeFiles/turtlebot3_msgs__python.dir/rosidl_generator_py/turtlebot3_msgs/srv/_dqn_s.c.o[0m
[10.211s] [ 94%] [32m[1mLinking C shared library rosidl_generator_py/turtlebot3_msgs/libturtlebot3_msgs__python.so[0m
[10.288s] [ 94%] Built target turtlebot3_msgs__python
[10.314s] [ 95%] [32mBuilding C object CMakeFiles/turtlebot3_msgs__rosidl_typesupport_c__pyext.dir/rosidl_generator_py/turtlebot3_msgs/_turtlebot3_msgs_s.ep.rosidl_typesupport_c.c.o[0m
[10.317s] [ 97%] [32mBuilding C object CMakeFiles/turtlebot3_msgs__rosidl_typesupport_fastrtps_c__pyext.dir/rosidl_generator_py/turtlebot3_msgs/_turtlebot3_msgs_s.ep.rosidl_typesupport_fastrtps_c.c.o[0m
[10.441s] [ 98%] [32m[1mLinking C shared library rosidl_generator_py/turtlebot3_msgs/turtlebot3_msgs_s__rosidl_typesupport_c.cpython-39-x86_64-linux-gnu.so[0m
[10.452s] [100%] [32m[1mLinking C shared library rosidl_generator_py/turtlebot3_msgs/turtlebot3_msgs_s__rosidl_typesupport_fastrtps_c.cpython-39-x86_64-linux-gnu.so[0m
[10.530s] [100%] Built target turtlebot3_msgs__rosidl_typesupport_c__pyext
[10.555s] [100%] Built target turtlebot3_msgs__rosidl_typesupport_fastrtps_c__pyext
[10.569s] Invoked command in '/home/piai/turtlebot3_ws/src/build/turtlebot3_msgs' returned '0': CMAKE_PREFIX_PATH=/opt/ros/dashing CONDA_PROMPT_MODIFIER=(base) /usr/local/bin/cmake --build /home/piai/turtlebot3_ws/src/build/turtlebot3_msgs -- -j20 -l20
[10.892s] Invoking command in '/home/piai/turtlebot3_ws/src/build/turtlebot3_msgs': CMAKE_PREFIX_PATH=/opt/ros/dashing CONDA_PROMPT_MODIFIER=(base) /usr/local/bin/cmake --install /home/piai/turtlebot3_ws/src/build/turtlebot3_msgs
[10.902s] -- Install configuration: ""
[10.903s] -- Execute custom install script
[10.904s] -- Symlinking: /home/piai/turtlebot3_ws/src/install/turtlebot3_msgs/share/ament_index/resource_index/rosidl_interfaces/turtlebot3_msgs
[10.913s] -- Symlinking: /home/piai/turtlebot3_ws/src/install/turtlebot3_msgs/include/turtlebot3_msgs/action/patrol.hpp
[10.920s] -- Symlinking: /home/piai/turtlebot3_ws/src/install/turtlebot3_msgs/include/turtlebot3_msgs/action/patrol__struct.hpp
[10.926s] -- Symlinking: /home/piai/turtlebot3_ws/src/install/turtlebot3_msgs/include/turtlebot3_msgs/action/patrol__traits.hpp
[10.932s] -- Symlinking: /home/piai/turtlebot3_ws/src/install/turtlebot3_msgs/include/turtlebot3_msgs/msg/sensor_state.hpp
[10.937s] -- Symlinking: /home/piai/turtlebot3_ws/src/install/turtlebot3_msgs/include/turtlebot3_msgs/msg/sensor_state__struct.hpp
[10.945s] -- Symlinking: /home/piai/turtlebot3_ws/src/install/turtlebot3_msgs/include/turtlebot3_msgs/msg/sensor_state__traits.hpp
[10.953s] -- Symlinking: /home/piai/turtlebot3_ws/src/install/turtlebot3_msgs/include/turtlebot3_msgs/msg/sound.hpp
[10.960s] -- Symlinking: /home/piai/turtlebot3_ws/src/install/turtlebot3_msgs/include/turtlebot3_msgs/msg/sound__struct.hpp
[10.963s] -- Symlinking: /home/piai/turtlebot3_ws/src/install/turtlebot3_msgs/include/turtlebot3_msgs/msg/sound__traits.hpp
[10.967s] -- Symlinking: /home/piai/turtlebot3_ws/src/install/turtlebot3_msgs/include/turtlebot3_msgs/msg/version_info.hpp
[10.972s] -- Symlinking: /home/piai/turtlebot3_ws/src/install/turtlebot3_msgs/include/turtlebot3_msgs/msg/version_info__struct.hpp
[10.976s] -- Symlinking: /home/piai/turtlebot3_ws/src/install/turtlebot3_msgs/include/turtlebot3_msgs/msg/version_info__traits.hpp
[10.981s] -- Symlinking: /home/piai/turtlebot3_ws/src/install/turtlebot3_msgs/include/turtlebot3_msgs/srv/dqn.hpp
[10.986s] -- Symlinking: /home/piai/turtlebot3_ws/src/install/turtlebot3_msgs/include/turtlebot3_msgs/srv/dqn__struct.hpp
[10.991s] -- Symlinking: /home/piai/turtlebot3_ws/src/install/turtlebot3_msgs/include/turtlebot3_msgs/srv/dqn__traits.hpp
[10.996s] -- Symlinking: /home/piai/turtlebot3_ws/src/install/turtlebot3_msgs/include/turtlebot3_msgs/srv/sound.hpp
[11.004s] -- Symlinking: /home/piai/turtlebot3_ws/src/install/turtlebot3_msgs/include/turtlebot3_msgs/srv/sound__struct.hpp
[11.011s] -- Symlinking: /home/piai/turtlebot3_ws/src/install/turtlebot3_msgs/include/turtlebot3_msgs/srv/sound__traits.hpp
[11.020s] -- Symlinking: /home/piai/turtlebot3_ws/src/install/turtlebot3_msgs/include/turtlebot3_msgs/action/patrol.h
[11.028s] -- Symlinking: /home/piai/turtlebot3_ws/src/install/turtlebot3_msgs/include/turtlebot3_msgs/action/patrol__functions.h
[11.036s] -- Symlinking: /home/piai/turtlebot3_ws/src/install/turtlebot3_msgs/include/turtlebot3_msgs/action/patrol__struct.h
[11.042s] -- Symlinking: /home/piai/turtlebot3_ws/src/install/turtlebot3_msgs/include/turtlebot3_msgs/action/patrol__type_support.h
[11.048s] -- Symlinking: /home/piai/turtlebot3_ws/src/install/turtlebot3_msgs/include/turtlebot3_msgs/msg/rosidl_generator_c__visibility_control.h
[11.056s] -- Symlinking: /home/piai/turtlebot3_ws/src/install/turtlebot3_msgs/include/turtlebot3_msgs/msg/sensor_state.h
[11.062s] -- Symlinking: /home/piai/turtlebot3_ws/src/install/turtlebot3_msgs/include/turtlebot3_msgs/msg/sensor_state__functions.h
[11.070s] -- Symlinking: /home/piai/turtlebot3_ws/src/install/turtlebot3_msgs/include/turtlebot3_msgs/msg/sensor_state__struct.h
[11.076s] -- Symlinking: /home/piai/turtlebot3_ws/src/install/turtlebot3_msgs/include/turtlebot3_msgs/msg/sensor_state__type_support.h
[11.084s] -- Symlinking: /home/piai/turtlebot3_ws/src/install/turtlebot3_msgs/include/turtlebot3_msgs/msg/sound.h
[11.091s] -- Symlinking: /home/piai/turtlebot3_ws/src/install/turtlebot3_msgs/include/turtlebot3_msgs/msg/sound__functions.h
[11.097s] -- Symlinking: /home/piai/turtlebot3_ws/src/install/turtlebot3_msgs/include/turtlebot3_msgs/msg/sound__struct.h
[11.102s] -- Symlinking: /home/piai/turtlebot3_ws/src/install/turtlebot3_msgs/include/turtlebot3_msgs/msg/sound__type_support.h
[11.107s] -- Symlinking: /home/piai/turtlebot3_ws/src/install/turtlebot3_msgs/include/turtlebot3_msgs/msg/version_info.h
[11.111s] -- Symlinking: /home/piai/turtlebot3_ws/src/install/turtlebot3_msgs/include/turtlebot3_msgs/msg/version_info__functions.h
[11.115s] -- Symlinking: /home/piai/turtlebot3_ws/src/install/turtlebot3_msgs/include/turtlebot3_msgs/msg/version_info__struct.h
[11.118s] -- Symlinking: /home/piai/turtlebot3_ws/src/install/turtlebot3_msgs/include/turtlebot3_msgs/msg/version_info__type_support.h
[11.122s] -- Symlinking: /home/piai/turtlebot3_ws/src/install/turtlebot3_msgs/include/turtlebot3_msgs/srv/dqn.h
[11.125s] -- Symlinking: /home/piai/turtlebot3_ws/src/install/turtlebot3_msgs/include/turtlebot3_msgs/srv/dqn__functions.h
[11.129s] -- Symlinking: /home/piai/turtlebot3_ws/src/install/turtlebot3_msgs/include/turtlebot3_msgs/srv/dqn__struct.h
[11.133s] -- Symlinking: /home/piai/turtlebot3_ws/src/install/turtlebot3_msgs/include/turtlebot3_msgs/srv/dqn__type_support.h
[11.136s] -- Symlinking: /home/piai/turtlebot3_ws/src/install/turtlebot3_msgs/include/turtlebot3_msgs/srv/sound.h
[11.139s] -- Symlinking: /home/piai/turtlebot3_ws/src/install/turtlebot3_msgs/include/turtlebot3_msgs/srv/sound__functions.h
[11.142s] -- Symlinking: /home/piai/turtlebot3_ws/src/install/turtlebot3_msgs/include/turtlebot3_msgs/srv/sound__struct.h
[11.145s] -- Symlinking: /home/piai/turtlebot3_ws/src/install/turtlebot3_msgs/include/turtlebot3_msgs/srv/sound__type_support.h
[11.150s] -- Symlinking: /home/piai/turtlebot3_ws/src/install/turtlebot3_msgs/share/turtlebot3_msgs/environment/library_path.sh
[11.154s] -- Symlinking: /home/piai/turtlebot3_ws/src/install/turtlebot3_msgs/lib/libturtlebot3_msgs__rosidl_generator_c.so
[11.159s] -- Symlinking: /home/piai/turtlebot3_ws/src/install/turtlebot3_msgs/lib/libturtlebot3_msgs__rosidl_typesupport_c.so
[11.165s] -- Symlinking: /home/piai/turtlebot3_ws/src/install/turtlebot3_msgs/lib/libturtlebot3_msgs__rosidl_typesupport_cpp.so
[11.170s] -- Symlinking: /home/piai/turtlebot3_ws/src/install/turtlebot3_msgs/include/turtlebot3_msgs/action/patrol__rosidl_typesupport_introspection_c.h
[11.175s] -- Symlinking: /home/piai/turtlebot3_ws/src/install/turtlebot3_msgs/include/turtlebot3_msgs/msg/rosidl_typesupport_introspection_c__visibility_control.h
[11.180s] -- Symlinking: /home/piai/turtlebot3_ws/src/install/turtlebot3_msgs/include/turtlebot3_msgs/msg/sensor_state__rosidl_typesupport_introspection_c.h
[11.186s] -- Symlinking: /home/piai/turtlebot3_ws/src/install/turtlebot3_msgs/include/turtlebot3_msgs/msg/sound__rosidl_typesupport_introspection_c.h
[11.190s] -- Symlinking: /home/piai/turtlebot3_ws/src/install/turtlebot3_msgs/include/turtlebot3_msgs/msg/version_info__rosidl_typesupport_introspection_c.h
[11.194s] -- Symlinking: /home/piai/turtlebot3_ws/src/install/turtlebot3_msgs/include/turtlebot3_msgs/srv/dqn__rosidl_typesupport_introspection_c.h
[11.198s] -- Symlinking: /home/piai/turtlebot3_ws/src/install/turtlebot3_msgs/include/turtlebot3_msgs/srv/sound__rosidl_typesupport_introspection_c.h
[11.201s] -- Symlinking: /home/piai/turtlebot3_ws/src/install/turtlebot3_msgs/lib/libturtlebot3_msgs__rosidl_typesupport_introspection_c.so
[11.205s] -- Symlinking: /home/piai/turtlebot3_ws/src/install/turtlebot3_msgs/include/turtlebot3_msgs/action/patrol__rosidl_typesupport_introspection_cpp.hpp
[11.208s] -- Symlinking: /home/piai/turtlebot3_ws/src/install/turtlebot3_msgs/include/turtlebot3_msgs/msg/sensor_state__rosidl_typesupport_introspection_cpp.hpp
[11.212s] -- Symlinking: /home/piai/turtlebot3_ws/src/install/turtlebot3_msgs/include/turtlebot3_msgs/msg/sound__rosidl_typesupport_introspection_cpp.hpp
[11.215s] -- Symlinking: /home/piai/turtlebot3_ws/src/install/turtlebot3_msgs/include/turtlebot3_msgs/msg/version_info__rosidl_typesupport_introspection_cpp.hpp
[11.218s] -- Symlinking: /home/piai/turtlebot3_ws/src/install/turtlebot3_msgs/include/turtlebot3_msgs/srv/dqn__rosidl_typesupport_introspection_cpp.hpp
[11.222s] -- Symlinking: /home/piai/turtlebot3_ws/src/install/turtlebot3_msgs/include/turtlebot3_msgs/srv/sound__rosidl_typesupport_introspection_cpp.hpp
[11.226s] -- Symlinking: /home/piai/turtlebot3_ws/src/install/turtlebot3_msgs/lib/libturtlebot3_msgs__rosidl_typesupport_introspection_cpp.so
[11.229s] -- Symlinking: /home/piai/turtlebot3_ws/src/install/turtlebot3_msgs/include/turtlebot3_msgs/action/patrol__rosidl_typesupport_fastrtps_c.h
[11.232s] -- Symlinking: /home/piai/turtlebot3_ws/src/install/turtlebot3_msgs/include/turtlebot3_msgs/msg/rosidl_typesupport_fastrtps_c__visibility_control.h
[11.240s] -- Symlinking: /home/piai/turtlebot3_ws/src/install/turtlebot3_msgs/include/turtlebot3_msgs/msg/sensor_state__rosidl_typesupport_fastrtps_c.h
[11.244s] -- Symlinking: /home/piai/turtlebot3_ws/src/install/turtlebot3_msgs/include/turtlebot3_msgs/msg/sound__rosidl_typesupport_fastrtps_c.h
[11.248s] -- Symlinking: /home/piai/turtlebot3_ws/src/install/turtlebot3_msgs/include/turtlebot3_msgs/msg/version_info__rosidl_typesupport_fastrtps_c.h
[11.253s] -- Symlinking: /home/piai/turtlebot3_ws/src/install/turtlebot3_msgs/include/turtlebot3_msgs/srv/dqn__rosidl_typesupport_fastrtps_c.h
[11.258s] -- Symlinking: /home/piai/turtlebot3_ws/src/install/turtlebot3_msgs/include/turtlebot3_msgs/srv/sound__rosidl_typesupport_fastrtps_c.h
[11.263s] -- Symlinking: /home/piai/turtlebot3_ws/src/install/turtlebot3_msgs/lib/libturtlebot3_msgs__rosidl_typesupport_fastrtps_c.so
[11.267s] -- Symlinking: /home/piai/turtlebot3_ws/src/install/turtlebot3_msgs/include/turtlebot3_msgs/action/patrol__rosidl_typesupport_fastrtps_cpp.hpp
[11.275s] -- Symlinking: /home/piai/turtlebot3_ws/src/install/turtlebot3_msgs/include/turtlebot3_msgs/msg/rosidl_typesupport_fastrtps_cpp__visibility_control.h
[11.282s] -- Symlinking: /home/piai/turtlebot3_ws/src/install/turtlebot3_msgs/include/turtlebot3_msgs/msg/sensor_state__rosidl_typesupport_fastrtps_cpp.hpp
[11.288s] -- Symlinking: /home/piai/turtlebot3_ws/src/install/turtlebot3_msgs/include/turtlebot3_msgs/msg/sound__rosidl_typesupport_fastrtps_cpp.hpp
[11.295s] -- Symlinking: /home/piai/turtlebot3_ws/src/install/turtlebot3_msgs/include/turtlebot3_msgs/msg/version_info__rosidl_typesupport_fastrtps_cpp.hpp
[11.304s] -- Symlinking: /home/piai/turtlebot3_ws/src/install/turtlebot3_msgs/include/turtlebot3_msgs/srv/dqn__rosidl_typesupport_fastrtps_cpp.hpp
[11.312s] -- Symlinking: /home/piai/turtlebot3_ws/src/install/turtlebot3_msgs/include/turtlebot3_msgs/srv/sound__rosidl_typesupport_fastrtps_cpp.hpp
[11.323s] -- Symlinking: /home/piai/turtlebot3_ws/src/install/turtlebot3_msgs/lib/libturtlebot3_msgs__rosidl_typesupport_fastrtps_cpp.so
[11.329s] -- Symlinking: /home/piai/turtlebot3_ws/src/install/turtlebot3_msgs/share/turtlebot3_msgs/environment/pythonpath.sh
[11.337s] -- Symlinking: /home/piai/turtlebot3_ws/src/install/turtlebot3_msgs/lib/python3.9/site-packages/turtlebot3_msgs/__init__.py
[11.347s] -- Symlinking: /home/piai/turtlebot3_ws/src/install/turtlebot3_msgs/lib/python3.9/site-packages/turtlebot3_msgs/msg/__init__.py
[11.355s] -- Symlinking: /home/piai/turtlebot3_ws/src/install/turtlebot3_msgs/lib/python3.9/site-packages/turtlebot3_msgs/msg/_sensor_state.py
[11.362s] -- Symlinking: /home/piai/turtlebot3_ws/src/install/turtlebot3_msgs/lib/python3.9/site-packages/turtlebot3_msgs/msg/_sound.py
[11.370s] -- Symlinking: /home/piai/turtlebot3_ws/src/install/turtlebot3_msgs/lib/python3.9/site-packages/turtlebot3_msgs/msg/_version_info.py
[11.379s] -- Symlinking: /home/piai/turtlebot3_ws/src/install/turtlebot3_msgs/lib/python3.9/site-packages/turtlebot3_msgs/srv/__init__.py
[11.385s] -- Symlinking: /home/piai/turtlebot3_ws/src/install/turtlebot3_msgs/lib/python3.9/site-packages/turtlebot3_msgs/srv/_dqn.py
[11.393s] -- Symlinking: /home/piai/turtlebot3_ws/src/install/turtlebot3_msgs/lib/python3.9/site-packages/turtlebot3_msgs/srv/_sound.py
[11.401s] -- Symlinking: /home/piai/turtlebot3_ws/src/install/turtlebot3_msgs/lib/python3.9/site-packages/turtlebot3_msgs/action/__init__.py
[11.408s] -- Symlinking: /home/piai/turtlebot3_ws/src/install/turtlebot3_msgs/lib/python3.9/site-packages/turtlebot3_msgs/action/_patrol.py
[11.413s] -- Symlinking: /home/piai/turtlebot3_ws/src/install/turtlebot3_msgs/lib/python3.9/site-packages/turtlebot3_msgs/turtlebot3_msgs_s__rosidl_typesupport_c.cpython-39-x86_64-linux-gnu.so
[11.419s] -- Symlinking: /home/piai/turtlebot3_ws/src/install/turtlebot3_msgs/lib/python3.9/site-packages/turtlebot3_msgs/turtlebot3_msgs_s__rosidl_typesupport_fastrtps_c.cpython-39-x86_64-linux-gnu.so
[11.429s] -- Symlinking: /home/piai/turtlebot3_ws/src/install/turtlebot3_msgs/lib/libturtlebot3_msgs__python.so
[11.436s] -- Symlinking: /home/piai/turtlebot3_ws/src/install/turtlebot3_msgs/share/turtlebot3_msgs/msg/SensorState.idl
[11.445s] -- Symlinking: /home/piai/turtlebot3_ws/src/install/turtlebot3_msgs/share/turtlebot3_msgs/msg/Sound.idl
[11.453s] -- Symlinking: /home/piai/turtlebot3_ws/src/install/turtlebot3_msgs/share/turtlebot3_msgs/msg/VersionInfo.idl
[11.461s] -- Symlinking: /home/piai/turtlebot3_ws/src/install/turtlebot3_msgs/share/turtlebot3_msgs/srv/Sound.idl
[11.470s] -- Symlinking: /home/piai/turtlebot3_ws/src/install/turtlebot3_msgs/share/turtlebot3_msgs/srv/Dqn.idl
[11.479s] -- Symlinking: /home/piai/turtlebot3_ws/src/install/turtlebot3_msgs/share/turtlebot3_msgs/action/Patrol.idl
[11.485s] -- Symlinking: /home/piai/turtlebot3_ws/src/install/turtlebot3_msgs/share/turtlebot3_msgs/msg/SensorState.msg
[11.492s] -- Symlinking: /home/piai/turtlebot3_ws/src/install/turtlebot3_msgs/share/turtlebot3_msgs/msg/Sound.msg
[11.508s] -- Symlinking: /home/piai/turtlebot3_ws/src/install/turtlebot3_msgs/share/turtlebot3_msgs/msg/VersionInfo.msg
[11.508s] -- Symlinking: /home/piai/turtlebot3_ws/src/install/turtlebot3_msgs/share/turtlebot3_msgs/srv/Sound.srv
[11.513s] -- Symlinking: /home/piai/turtlebot3_ws/src/install/turtlebot3_msgs/share/turtlebot3_msgs/srv/Sound_Request.msg
[11.520s] -- Symlinking: /home/piai/turtlebot3_ws/src/install/turtlebot3_msgs/share/turtlebot3_msgs/srv/Sound_Response.msg
[11.525s] -- Symlinking: /home/piai/turtlebot3_ws/src/install/turtlebot3_msgs/share/turtlebot3_msgs/srv/Dqn.srv
[11.530s] -- Symlinking: /home/piai/turtlebot3_ws/src/install/turtlebot3_msgs/share/turtlebot3_msgs/srv/Dqn_Request.msg
[11.535s] -- Symlinking: /home/piai/turtlebot3_ws/src/install/turtlebot3_msgs/share/turtlebot3_msgs/srv/Dqn_Response.msg
[11.540s] -- Symlinking: /home/piai/turtlebot3_ws/src/install/turtlebot3_msgs/share/turtlebot3_msgs/action/Patrol.action
[11.548s] -- Symlinking: /home/piai/turtlebot3_ws/src/install/turtlebot3_msgs/share/ament_index/resource_index/package_run_dependencies/turtlebot3_msgs
[11.555s] -- Symlinking: /home/piai/turtlebot3_ws/src/install/turtlebot3_msgs/share/ament_index/resource_index/parent_prefix_path/turtlebot3_msgs
[11.561s] -- Symlinking: /home/piai/turtlebot3_ws/src/install/turtlebot3_msgs/share/turtlebot3_msgs/environment/ament_prefix_path.sh
[11.569s] -- Symlinking: /home/piai/turtlebot3_ws/src/install/turtlebot3_msgs/share/turtlebot3_msgs/environment/path.sh
[11.576s] -- Symlinking: /home/piai/turtlebot3_ws/src/install/turtlebot3_msgs/share/turtlebot3_msgs/local_setup.bash
[11.585s] -- Symlinking: /home/piai/turtlebot3_ws/src/install/turtlebot3_msgs/share/turtlebot3_msgs/local_setup.sh
[11.593s] -- Symlinking: /home/piai/turtlebot3_ws/src/install/turtlebot3_msgs/share/turtlebot3_msgs/local_setup.zsh
[11.601s] -- Symlinking: /home/piai/turtlebot3_ws/src/install/turtlebot3_msgs/share/ament_index/resource_index/packages/turtlebot3_msgs
[11.610s] -- Symlinking: /home/piai/turtlebot3_ws/src/install/turtlebot3_msgs/share/turtlebot3_msgs/cmake/rosidl_cmake-extras.cmake
[11.618s] -- Symlinking: /home/piai/turtlebot3_ws/src/install/turtlebot3_msgs/share/turtlebot3_msgs/cmake/ament_cmake_export_dependencies-extras.cmake
[11.626s] -- Symlinking: /home/piai/turtlebot3_ws/src/install/turtlebot3_msgs/share/turtlebot3_msgs/cmake/ament_cmake_export_include_directories-extras.cmake
[11.634s] -- Symlinking: /home/piai/turtlebot3_ws/src/install/turtlebot3_msgs/share/turtlebot3_msgs/cmake/ament_cmake_export_libraries-extras.cmake
[11.642s] -- Symlinking: /home/piai/turtlebot3_ws/src/install/turtlebot3_msgs/share/turtlebot3_msgs/cmake/turtlebot3_msgsConfig.cmake
[11.650s] -- Symlinking: /home/piai/turtlebot3_ws/src/install/turtlebot3_msgs/share/turtlebot3_msgs/cmake/turtlebot3_msgsConfig-version.cmake
[11.659s] -- Symlinking: /home/piai/turtlebot3_ws/src/install/turtlebot3_msgs/share/turtlebot3_msgs/package.xml
[11.722s] Compiling '/home/piai/turtlebot3_ws/src/install/turtlebot3_msgs/lib/python3.9/site-packages/turtlebot3_msgs/__init__.py'...
[11.737s] Invoked command in '/home/piai/turtlebot3_ws/src/build/turtlebot3_msgs' returned '0': CMAKE_PREFIX_PATH=/opt/ros/dashing CONDA_PROMPT_MODIFIER=(base) /usr/local/bin/cmake --install /home/piai/turtlebot3_ws/src/build/turtlebot3_msgs
