[0.180s] DEBUG:colcon:Command line arguments: ['/usr/bin/colcon', 'list', '-p', '--base-paths', '/home/piai/turtlebot3_ws']
[0.180s] DEBUG:colcon:Parsed command line arguments: Namespace(allow_overriding=[], base_paths=['/home/piai/turtlebot3_ws'], build_base='build', ignore_user_meta=False, log_base=None, log_level=None, main=<bound method ListVerb.main of <colcon_package_information.verb.list.ListVerb object at 0x7fb7c66bb748>>, metas=['./colcon.meta'], names_only=False, packages_above=None, packages_above_and_dependencies=None, packages_above_depth=None, packages_end=None, packages_ignore=None, packages_ignore_regex=None, packages_select=None, packages_select_build_failed=False, packages_select_by_dep=None, packages_select_regex=None, packages_select_test_failures=False, packages_skip=None, packages_skip_build_finished=False, packages_skip_by_dep=None, packages_skip_regex=None, packages_skip_test_passed=False, packages_skip_up_to=None, packages_start=None, packages_up_to=None, packages_up_to_regex=None, paths=None, paths_only=True, topological_graph=False, topological_graph_density=False, topological_graph_dot=False, topological_graph_dot_cluster=False, topological_graph_dot_include_skipped=False, topological_graph_legend=False, topological_order=False, verb_extension=<colcon_package_information.verb.list.ListVerb object at 0x7fb7c66bb748>, verb_name='list', verb_parser=<colcon_defaults.argument_parser.defaults.DefaultArgumentsDecorator object at 0x7fb7c66c87f0>)
[0.216s] Level 1:colcon.colcon_core.package_discovery:discover_packages(colcon_meta) check parameters
[0.217s] Level 1:colcon.colcon_core.package_discovery:discover_packages(recursive) check parameters
[0.217s] Level 1:colcon.colcon_core.package_discovery:discover_packages(ignore) check parameters
[0.217s] Level 1:colcon.colcon_core.package_discovery:discover_packages(path) check parameters
[0.217s] Level 1:colcon.colcon_core.package_discovery:discover_packages(recursive) discover
[0.217s] INFO:colcon.colcon_core.package_discovery:Crawling recursively for packages in '/home/piai/turtlebot3_ws'
[0.217s] Level 1:colcon.colcon_core.package_identification:_identify(/home/piai/turtlebot3_ws) by extensions ['ignore', 'ignore_ament_install']
[0.217s] Level 1:colcon.colcon_core.package_identification:_identify(/home/piai/turtlebot3_ws) by extension 'ignore'
[0.217s] Level 1:colcon.colcon_core.package_identification:_identify(/home/piai/turtlebot3_ws) by extension 'ignore_ament_install'
[0.217s] Level 1:colcon.colcon_core.package_identification:_identify(/home/piai/turtlebot3_ws) by extensions ['colcon_pkg']
[0.217s] Level 1:colcon.colcon_core.package_identification:_identify(/home/piai/turtlebot3_ws) by extension 'colcon_pkg'
[0.218s] Level 1:colcon.colcon_core.package_identification:_identify(/home/piai/turtlebot3_ws) by extensions ['colcon_meta']
[0.218s] Level 1:colcon.colcon_core.package_identification:_identify(/home/piai/turtlebot3_ws) by extension 'colcon_meta'
[0.218s] Level 1:colcon.colcon_core.package_identification:_identify(/home/piai/turtlebot3_ws) by extensions ['ros']
[0.218s] Level 1:colcon.colcon_core.package_identification:_identify(/home/piai/turtlebot3_ws) by extension 'ros'
[0.243s] Level 1:colcon.colcon_core.package_identification:_identify(/home/piai/turtlebot3_ws) by extensions ['cmake', 'python']
[0.244s] Level 1:colcon.colcon_core.package_identification:_identify(/home/piai/turtlebot3_ws) by extension 'cmake'
[0.244s] Level 1:colcon.colcon_core.package_identification:_identify(/home/piai/turtlebot3_ws) by extension 'python'
[0.244s] Level 1:colcon.colcon_core.package_identification:_identify(/home/piai/turtlebot3_ws) by extensions ['python_setup_py']
[0.244s] Level 1:colcon.colcon_core.package_identification:_identify(/home/piai/turtlebot3_ws) by extension 'python_setup_py'
[0.244s] Level 1:colcon.colcon_core.package_identification:_identify(/home/piai/turtlebot3_ws/log) by extensions ['ignore', 'ignore_ament_install']
[0.244s] Level 1:colcon.colcon_core.package_identification:_identify(/home/piai/turtlebot3_ws/log) by extension 'ignore'
[0.244s] Level 1:colcon.colcon_core.package_identification:_identify(/home/piai/turtlebot3_ws/log) ignored
[0.244s] Level 1:colcon.colcon_core.package_identification:_identify(/home/piai/turtlebot3_ws/src) by extensions ['ignore', 'ignore_ament_install']
[0.245s] Level 1:colcon.colcon_core.package_identification:_identify(/home/piai/turtlebot3_ws/src) by extension 'ignore'
[0.245s] Level 1:colcon.colcon_core.package_identification:_identify(/home/piai/turtlebot3_ws/src) by extension 'ignore_ament_install'
[0.245s] Level 1:colcon.colcon_core.package_identification:_identify(/home/piai/turtlebot3_ws/src) by extensions ['colcon_pkg']
[0.245s] Level 1:colcon.colcon_core.package_identification:_identify(/home/piai/turtlebot3_ws/src) by extension 'colcon_pkg'
[0.245s] Level 1:colcon.colcon_core.package_identification:_identify(/home/piai/turtlebot3_ws/src) by extensions ['colcon_meta']
[0.245s] Level 1:colcon.colcon_core.package_identification:_identify(/home/piai/turtlebot3_ws/src) by extension 'colcon_meta'
[0.245s] Level 1:colcon.colcon_core.package_identification:_identify(/home/piai/turtlebot3_ws/src) by extensions ['ros']
[0.245s] Level 1:colcon.colcon_core.package_identification:_identify(/home/piai/turtlebot3_ws/src) by extension 'ros'
[0.245s] Level 1:colcon.colcon_core.package_identification:_identify(/home/piai/turtlebot3_ws/src) by extensions ['cmake', 'python']
[0.245s] Level 1:colcon.colcon_core.package_identification:_identify(/home/piai/turtlebot3_ws/src) by extension 'cmake'
[0.245s] Level 1:colcon.colcon_core.package_identification:_identify(/home/piai/turtlebot3_ws/src) by extension 'python'
[0.245s] Level 1:colcon.colcon_core.package_identification:_identify(/home/piai/turtlebot3_ws/src) by extensions ['python_setup_py']
[0.245s] Level 1:colcon.colcon_core.package_identification:_identify(/home/piai/turtlebot3_ws/src) by extension 'python_setup_py'
[0.245s] Level 1:colcon.colcon_core.package_identification:_identify(/home/piai/turtlebot3_ws/src/DynamixelSDK) by extensions ['ignore', 'ignore_ament_install']
[0.246s] Level 1:colcon.colcon_core.package_identification:_identify(/home/piai/turtlebot3_ws/src/DynamixelSDK) by extension 'ignore'
[0.246s] Level 1:colcon.colcon_core.package_identification:_identify(/home/piai/turtlebot3_ws/src/DynamixelSDK) by extension 'ignore_ament_install'
[0.246s] Level 1:colcon.colcon_core.package_identification:_identify(/home/piai/turtlebot3_ws/src/DynamixelSDK) by extensions ['colcon_pkg']
[0.246s] Level 1:colcon.colcon_core.package_identification:_identify(/home/piai/turtlebot3_ws/src/DynamixelSDK) by extension 'colcon_pkg'
[0.246s] Level 1:colcon.colcon_core.package_identification:_identify(/home/piai/turtlebot3_ws/src/DynamixelSDK) by extensions ['colcon_meta']
[0.246s] Level 1:colcon.colcon_core.package_identification:_identify(/home/piai/turtlebot3_ws/src/DynamixelSDK) by extension 'colcon_meta'
[0.246s] Level 1:colcon.colcon_core.package_identification:_identify(/home/piai/turtlebot3_ws/src/DynamixelSDK) by extensions ['ros']
[0.246s] Level 1:colcon.colcon_core.package_identification:_identify(/home/piai/turtlebot3_ws/src/DynamixelSDK) by extension 'ros'
[0.246s] Level 1:colcon.colcon_core.package_identification:_identify(/home/piai/turtlebot3_ws/src/DynamixelSDK) by extensions ['cmake', 'python']
[0.246s] Level 1:colcon.colcon_core.package_identification:_identify(/home/piai/turtlebot3_ws/src/DynamixelSDK) by extension 'cmake'
[0.246s] Level 1:colcon.colcon_core.package_identification:_identify(/home/piai/turtlebot3_ws/src/DynamixelSDK) by extension 'python'
[0.246s] Level 1:colcon.colcon_core.package_identification:_identify(/home/piai/turtlebot3_ws/src/DynamixelSDK) by extensions ['python_setup_py']
[0.246s] Level 1:colcon.colcon_core.package_identification:_identify(/home/piai/turtlebot3_ws/src/DynamixelSDK) by extension 'python_setup_py'
[0.246s] Level 1:colcon.colcon_core.package_identification:_identify(/home/piai/turtlebot3_ws/src/DynamixelSDK/dynamixel_sdk) by extensions ['ignore', 'ignore_ament_install']
[0.246s] Level 1:colcon.colcon_core.package_identification:_identify(/home/piai/turtlebot3_ws/src/DynamixelSDK/dynamixel_sdk) by extension 'ignore'
[0.246s] Level 1:colcon.colcon_core.package_identification:_identify(/home/piai/turtlebot3_ws/src/DynamixelSDK/dynamixel_sdk) by extension 'ignore_ament_install'
[0.246s] Level 1:colcon.colcon_core.package_identification:_identify(/home/piai/turtlebot3_ws/src/DynamixelSDK/dynamixel_sdk) by extensions ['colcon_pkg']
[0.247s] Level 1:colcon.colcon_core.package_identification:_identify(/home/piai/turtlebot3_ws/src/DynamixelSDK/dynamixel_sdk) by extension 'colcon_pkg'
[0.247s] Level 1:colcon.colcon_core.package_identification:_identify(/home/piai/turtlebot3_ws/src/DynamixelSDK/dynamixel_sdk) by extensions ['colcon_meta']
[0.247s] Level 1:colcon.colcon_core.package_identification:_identify(/home/piai/turtlebot3_ws/src/DynamixelSDK/dynamixel_sdk) by extension 'colcon_meta'
[0.247s] Level 1:colcon.colcon_core.package_identification:_identify(/home/piai/turtlebot3_ws/src/DynamixelSDK/dynamixel_sdk) by extensions ['ros']
[0.247s] Level 1:colcon.colcon_core.package_identification:_identify(/home/piai/turtlebot3_ws/src/DynamixelSDK/dynamixel_sdk) by extension 'ros'
[0.250s] DEBUG:colcon.colcon_core.package_identification:Package '/home/piai/turtlebot3_ws/src/DynamixelSDK/dynamixel_sdk' with type 'ros.ament_cmake' and name 'dynamixel_sdk'
[0.250s] Level 1:colcon.colcon_core.package_identification:_identify(/home/piai/turtlebot3_ws/src/DynamixelSDK/dynamixel_sdk_custom_interfaces) by extensions ['ignore', 'ignore_ament_install']
[0.250s] Level 1:colcon.colcon_core.package_identification:_identify(/home/piai/turtlebot3_ws/src/DynamixelSDK/dynamixel_sdk_custom_interfaces) by extension 'ignore'
[0.250s] Level 1:colcon.colcon_core.package_identification:_identify(/home/piai/turtlebot3_ws/src/DynamixelSDK/dynamixel_sdk_custom_interfaces) by extension 'ignore_ament_install'
[0.250s] Level 1:colcon.colcon_core.package_identification:_identify(/home/piai/turtlebot3_ws/src/DynamixelSDK/dynamixel_sdk_custom_interfaces) by extensions ['colcon_pkg']
[0.250s] Level 1:colcon.colcon_core.package_identification:_identify(/home/piai/turtlebot3_ws/src/DynamixelSDK/dynamixel_sdk_custom_interfaces) by extension 'colcon_pkg'
[0.250s] Level 1:colcon.colcon_core.package_identification:_identify(/home/piai/turtlebot3_ws/src/DynamixelSDK/dynamixel_sdk_custom_interfaces) by extensions ['colcon_meta']
[0.250s] Level 1:colcon.colcon_core.package_identification:_identify(/home/piai/turtlebot3_ws/src/DynamixelSDK/dynamixel_sdk_custom_interfaces) by extension 'colcon_meta'
[0.250s] Level 1:colcon.colcon_core.package_identification:_identify(/home/piai/turtlebot3_ws/src/DynamixelSDK/dynamixel_sdk_custom_interfaces) by extensions ['ros']
[0.250s] Level 1:colcon.colcon_core.package_identification:_identify(/home/piai/turtlebot3_ws/src/DynamixelSDK/dynamixel_sdk_custom_interfaces) by extension 'ros'
[0.251s] DEBUG:colcon.colcon_core.package_identification:Package '/home/piai/turtlebot3_ws/src/DynamixelSDK/dynamixel_sdk_custom_interfaces' with type 'ros.ament_cmake' and name 'dynamixel_sdk_custom_interfaces'
[0.251s] Level 1:colcon.colcon_core.package_identification:_identify(/home/piai/turtlebot3_ws/src/DynamixelSDK/dynamixel_sdk_examples) by extensions ['ignore', 'ignore_ament_install']
[0.251s] Level 1:colcon.colcon_core.package_identification:_identify(/home/piai/turtlebot3_ws/src/DynamixelSDK/dynamixel_sdk_examples) by extension 'ignore'
[0.252s] Level 1:colcon.colcon_core.package_identification:_identify(/home/piai/turtlebot3_ws/src/DynamixelSDK/dynamixel_sdk_examples) by extension 'ignore_ament_install'
[0.252s] Level 1:colcon.colcon_core.package_identification:_identify(/home/piai/turtlebot3_ws/src/DynamixelSDK/dynamixel_sdk_examples) by extensions ['colcon_pkg']
[0.252s] Level 1:colcon.colcon_core.package_identification:_identify(/home/piai/turtlebot3_ws/src/DynamixelSDK/dynamixel_sdk_examples) by extension 'colcon_pkg'
[0.252s] Level 1:colcon.colcon_core.package_identification:_identify(/home/piai/turtlebot3_ws/src/DynamixelSDK/dynamixel_sdk_examples) by extensions ['colcon_meta']
[0.252s] Level 1:colcon.colcon_core.package_identification:_identify(/home/piai/turtlebot3_ws/src/DynamixelSDK/dynamixel_sdk_examples) by extension 'colcon_meta'
[0.252s] Level 1:colcon.colcon_core.package_identification:_identify(/home/piai/turtlebot3_ws/src/DynamixelSDK/dynamixel_sdk_examples) by extensions ['ros']
[0.252s] Level 1:colcon.colcon_core.package_identification:_identify(/home/piai/turtlebot3_ws/src/DynamixelSDK/dynamixel_sdk_examples) by extension 'ros'
[0.253s] DEBUG:colcon.colcon_core.package_identification:Package '/home/piai/turtlebot3_ws/src/DynamixelSDK/dynamixel_sdk_examples' with type 'ros.ament_cmake' and name 'dynamixel_sdk_examples'
[0.253s] Level 1:colcon.colcon_core.package_identification:_identify(/home/piai/turtlebot3_ws/src/build) by extensions ['ignore', 'ignore_ament_install']
[0.253s] Level 1:colcon.colcon_core.package_identification:_identify(/home/piai/turtlebot3_ws/src/build) by extension 'ignore'
[0.253s] Level 1:colcon.colcon_core.package_identification:_identify(/home/piai/turtlebot3_ws/src/build) ignored
[0.253s] Level 1:colcon.colcon_core.package_identification:_identify(/home/piai/turtlebot3_ws/src/install) by extensions ['ignore', 'ignore_ament_install']
[0.254s] Level 1:colcon.colcon_core.package_identification:_identify(/home/piai/turtlebot3_ws/src/install) by extension 'ignore'
[0.254s] Level 1:colcon.colcon_core.package_identification:_identify(/home/piai/turtlebot3_ws/src/install) ignored
[0.254s] Level 1:colcon.colcon_core.package_identification:_identify(/home/piai/turtlebot3_ws/src/log) by extensions ['ignore', 'ignore_ament_install']
[0.254s] Level 1:colcon.colcon_core.package_identification:_identify(/home/piai/turtlebot3_ws/src/log) by extension 'ignore'
[0.254s] Level 1:colcon.colcon_core.package_identification:_identify(/home/piai/turtlebot3_ws/src/log) ignored
[0.254s] Level 1:colcon.colcon_core.package_identification:_identify(/home/piai/turtlebot3_ws/src/turtlebot3) by extensions ['ignore', 'ignore_ament_install']
[0.254s] Level 1:colcon.colcon_core.package_identification:_identify(/home/piai/turtlebot3_ws/src/turtlebot3) by extension 'ignore'
[0.254s] Level 1:colcon.colcon_core.package_identification:_identify(/home/piai/turtlebot3_ws/src/turtlebot3) by extension 'ignore_ament_install'
[0.254s] Level 1:colcon.colcon_core.package_identification:_identify(/home/piai/turtlebot3_ws/src/turtlebot3) by extensions ['colcon_pkg']
[0.254s] Level 1:colcon.colcon_core.package_identification:_identify(/home/piai/turtlebot3_ws/src/turtlebot3) by extension 'colcon_pkg'
[0.254s] Level 1:colcon.colcon_core.package_identification:_identify(/home/piai/turtlebot3_ws/src/turtlebot3) by extensions ['colcon_meta']
[0.254s] Level 1:colcon.colcon_core.package_identification:_identify(/home/piai/turtlebot3_ws/src/turtlebot3) by extension 'colcon_meta'
[0.254s] Level 1:colcon.colcon_core.package_identification:_identify(/home/piai/turtlebot3_ws/src/turtlebot3) by extensions ['ros']
[0.255s] Level 1:colcon.colcon_core.package_identification:_identify(/home/piai/turtlebot3_ws/src/turtlebot3) by extension 'ros'
[0.255s] Level 1:colcon.colcon_core.package_identification:_identify(/home/piai/turtlebot3_ws/src/turtlebot3) by extensions ['cmake', 'python']
[0.255s] Level 1:colcon.colcon_core.package_identification:_identify(/home/piai/turtlebot3_ws/src/turtlebot3) by extension 'cmake'
[0.255s] Level 1:colcon.colcon_core.package_identification:_identify(/home/piai/turtlebot3_ws/src/turtlebot3) by extension 'python'
[0.255s] Level 1:colcon.colcon_core.package_identification:_identify(/home/piai/turtlebot3_ws/src/turtlebot3) by extensions ['python_setup_py']
[0.255s] Level 1:colcon.colcon_core.package_identification:_identify(/home/piai/turtlebot3_ws/src/turtlebot3) by extension 'python_setup_py'
[0.255s] Level 1:colcon.colcon_core.package_identification:_identify(/home/piai/turtlebot3_ws/src/turtlebot3/turtlebot3) by extensions ['ignore', 'ignore_ament_install']
[0.255s] Level 1:colcon.colcon_core.package_identification:_identify(/home/piai/turtlebot3_ws/src/turtlebot3/turtlebot3) by extension 'ignore'
[0.255s] Level 1:colcon.colcon_core.package_identification:_identify(/home/piai/turtlebot3_ws/src/turtlebot3/turtlebot3) by extension 'ignore_ament_install'
[0.255s] Level 1:colcon.colcon_core.package_identification:_identify(/home/piai/turtlebot3_ws/src/turtlebot3/turtlebot3) by extensions ['colcon_pkg']
[0.255s] Level 1:colcon.colcon_core.package_identification:_identify(/home/piai/turtlebot3_ws/src/turtlebot3/turtlebot3) by extension 'colcon_pkg'
[0.255s] Level 1:colcon.colcon_core.package_identification:_identify(/home/piai/turtlebot3_ws/src/turtlebot3/turtlebot3) by extensions ['colcon_meta']
[0.255s] Level 1:colcon.colcon_core.package_identification:_identify(/home/piai/turtlebot3_ws/src/turtlebot3/turtlebot3) by extension 'colcon_meta'
[0.255s] Level 1:colcon.colcon_core.package_identification:_identify(/home/piai/turtlebot3_ws/src/turtlebot3/turtlebot3) by extensions ['ros']
[0.255s] Level 1:colcon.colcon_core.package_identification:_identify(/home/piai/turtlebot3_ws/src/turtlebot3/turtlebot3) by extension 'ros'
[0.256s] DEBUG:colcon.colcon_core.package_identification:Package '/home/piai/turtlebot3_ws/src/turtlebot3/turtlebot3' with type 'ros.ament_cmake' and name 'turtlebot3'
[0.256s] Level 1:colcon.colcon_core.package_identification:_identify(/home/piai/turtlebot3_ws/src/turtlebot3/turtlebot3_bringup) by extensions ['ignore', 'ignore_ament_install']
[0.257s] Level 1:colcon.colcon_core.package_identification:_identify(/home/piai/turtlebot3_ws/src/turtlebot3/turtlebot3_bringup) by extension 'ignore'
[0.257s] Level 1:colcon.colcon_core.package_identification:_identify(/home/piai/turtlebot3_ws/src/turtlebot3/turtlebot3_bringup) by extension 'ignore_ament_install'
[0.257s] Level 1:colcon.colcon_core.package_identification:_identify(/home/piai/turtlebot3_ws/src/turtlebot3/turtlebot3_bringup) by extensions ['colcon_pkg']
[0.257s] Level 1:colcon.colcon_core.package_identification:_identify(/home/piai/turtlebot3_ws/src/turtlebot3/turtlebot3_bringup) by extension 'colcon_pkg'
[0.257s] Level 1:colcon.colcon_core.package_identification:_identify(/home/piai/turtlebot3_ws/src/turtlebot3/turtlebot3_bringup) by extensions ['colcon_meta']
[0.257s] Level 1:colcon.colcon_core.package_identification:_identify(/home/piai/turtlebot3_ws/src/turtlebot3/turtlebot3_bringup) by extension 'colcon_meta'
[0.257s] Level 1:colcon.colcon_core.package_identification:_identify(/home/piai/turtlebot3_ws/src/turtlebot3/turtlebot3_bringup) by extensions ['ros']
[0.257s] Level 1:colcon.colcon_core.package_identification:_identify(/home/piai/turtlebot3_ws/src/turtlebot3/turtlebot3_bringup) by extension 'ros'
[0.258s] DEBUG:colcon.colcon_core.package_identification:Package '/home/piai/turtlebot3_ws/src/turtlebot3/turtlebot3_bringup' with type 'ros.ament_cmake' and name 'turtlebot3_bringup'
[0.258s] Level 1:colcon.colcon_core.package_identification:_identify(/home/piai/turtlebot3_ws/src/turtlebot3/turtlebot3_cartographer) by extensions ['ignore', 'ignore_ament_install']
[0.258s] Level 1:colcon.colcon_core.package_identification:_identify(/home/piai/turtlebot3_ws/src/turtlebot3/turtlebot3_cartographer) by extension 'ignore'
[0.258s] Level 1:colcon.colcon_core.package_identification:_identify(/home/piai/turtlebot3_ws/src/turtlebot3/turtlebot3_cartographer) by extension 'ignore_ament_install'
[0.258s] Level 1:colcon.colcon_core.package_identification:_identify(/home/piai/turtlebot3_ws/src/turtlebot3/turtlebot3_cartographer) by extensions ['colcon_pkg']
[0.258s] Level 1:colcon.colcon_core.package_identification:_identify(/home/piai/turtlebot3_ws/src/turtlebot3/turtlebot3_cartographer) by extension 'colcon_pkg'
[0.258s] Level 1:colcon.colcon_core.package_identification:_identify(/home/piai/turtlebot3_ws/src/turtlebot3/turtlebot3_cartographer) by extensions ['colcon_meta']
[0.258s] Level 1:colcon.colcon_core.package_identification:_identify(/home/piai/turtlebot3_ws/src/turtlebot3/turtlebot3_cartographer) by extension 'colcon_meta'
[0.258s] Level 1:colcon.colcon_core.package_identification:_identify(/home/piai/turtlebot3_ws/src/turtlebot3/turtlebot3_cartographer) by extensions ['ros']
[0.258s] Level 1:colcon.colcon_core.package_identification:_identify(/home/piai/turtlebot3_ws/src/turtlebot3/turtlebot3_cartographer) by extension 'ros'
[0.259s] DEBUG:colcon.colcon_core.package_identification:Package '/home/piai/turtlebot3_ws/src/turtlebot3/turtlebot3_cartographer' with type 'ros.ament_cmake' and name 'turtlebot3_cartographer'
[0.259s] Level 1:colcon.colcon_core.package_identification:_identify(/home/piai/turtlebot3_ws/src/turtlebot3/turtlebot3_description) by extensions ['ignore', 'ignore_ament_install']
[0.259s] Level 1:colcon.colcon_core.package_identification:_identify(/home/piai/turtlebot3_ws/src/turtlebot3/turtlebot3_description) by extension 'ignore'
[0.259s] Level 1:colcon.colcon_core.package_identification:_identify(/home/piai/turtlebot3_ws/src/turtlebot3/turtlebot3_description) by extension 'ignore_ament_install'
[0.259s] Level 1:colcon.colcon_core.package_identification:_identify(/home/piai/turtlebot3_ws/src/turtlebot3/turtlebot3_description) by extensions ['colcon_pkg']
[0.259s] Level 1:colcon.colcon_core.package_identification:_identify(/home/piai/turtlebot3_ws/src/turtlebot3/turtlebot3_description) by extension 'colcon_pkg'
[0.259s] Level 1:colcon.colcon_core.package_identification:_identify(/home/piai/turtlebot3_ws/src/turtlebot3/turtlebot3_description) by extensions ['colcon_meta']
[0.259s] Level 1:colcon.colcon_core.package_identification:_identify(/home/piai/turtlebot3_ws/src/turtlebot3/turtlebot3_description) by extension 'colcon_meta'
[0.259s] Level 1:colcon.colcon_core.package_identification:_identify(/home/piai/turtlebot3_ws/src/turtlebot3/turtlebot3_description) by extensions ['ros']
[0.260s] Level 1:colcon.colcon_core.package_identification:_identify(/home/piai/turtlebot3_ws/src/turtlebot3/turtlebot3_description) by extension 'ros'
[0.260s] DEBUG:colcon.colcon_core.package_identification:Package '/home/piai/turtlebot3_ws/src/turtlebot3/turtlebot3_description' with type 'ros.ament_cmake' and name 'turtlebot3_description'
[0.260s] Level 1:colcon.colcon_core.package_identification:_identify(/home/piai/turtlebot3_ws/src/turtlebot3/turtlebot3_example) by extensions ['ignore', 'ignore_ament_install']
[0.260s] Level 1:colcon.colcon_core.package_identification:_identify(/home/piai/turtlebot3_ws/src/turtlebot3/turtlebot3_example) by extension 'ignore'
[0.261s] Level 1:colcon.colcon_core.package_identification:_identify(/home/piai/turtlebot3_ws/src/turtlebot3/turtlebot3_example) by extension 'ignore_ament_install'
[0.261s] Level 1:colcon.colcon_core.package_identification:_identify(/home/piai/turtlebot3_ws/src/turtlebot3/turtlebot3_example) by extensions ['colcon_pkg']
[0.261s] Level 1:colcon.colcon_core.package_identification:_identify(/home/piai/turtlebot3_ws/src/turtlebot3/turtlebot3_example) by extension 'colcon_pkg'
[0.261s] Level 1:colcon.colcon_core.package_identification:_identify(/home/piai/turtlebot3_ws/src/turtlebot3/turtlebot3_example) by extensions ['colcon_meta']
[0.261s] Level 1:colcon.colcon_core.package_identification:_identify(/home/piai/turtlebot3_ws/src/turtlebot3/turtlebot3_example) by extension 'colcon_meta'
[0.261s] Level 1:colcon.colcon_core.package_identification:_identify(/home/piai/turtlebot3_ws/src/turtlebot3/turtlebot3_example) by extensions ['ros']
[0.261s] Level 1:colcon.colcon_core.package_identification:_identify(/home/piai/turtlebot3_ws/src/turtlebot3/turtlebot3_example) by extension 'ros'
[0.262s] DEBUG:colcon.colcon_core.package_identification:Package '/home/piai/turtlebot3_ws/src/turtlebot3/turtlebot3_example' with type 'ros.ament_python' and name 'turtlebot3_example'
[0.262s] Level 1:colcon.colcon_core.package_identification:_identify(/home/piai/turtlebot3_ws/src/turtlebot3/turtlebot3_navigation2) by extensions ['ignore', 'ignore_ament_install']
[0.262s] Level 1:colcon.colcon_core.package_identification:_identify(/home/piai/turtlebot3_ws/src/turtlebot3/turtlebot3_navigation2) by extension 'ignore'
[0.263s] Level 1:colcon.colcon_core.package_identification:_identify(/home/piai/turtlebot3_ws/src/turtlebot3/turtlebot3_navigation2) by extension 'ignore_ament_install'
[0.263s] Level 1:colcon.colcon_core.package_identification:_identify(/home/piai/turtlebot3_ws/src/turtlebot3/turtlebot3_navigation2) by extensions ['colcon_pkg']
[0.263s] Level 1:colcon.colcon_core.package_identification:_identify(/home/piai/turtlebot3_ws/src/turtlebot3/turtlebot3_navigation2) by extension 'colcon_pkg'
[0.263s] Level 1:colcon.colcon_core.package_identification:_identify(/home/piai/turtlebot3_ws/src/turtlebot3/turtlebot3_navigation2) by extensions ['colcon_meta']
[0.263s] Level 1:colcon.colcon_core.package_identification:_identify(/home/piai/turtlebot3_ws/src/turtlebot3/turtlebot3_navigation2) by extension 'colcon_meta'
[0.263s] Level 1:colcon.colcon_core.package_identification:_identify(/home/piai/turtlebot3_ws/src/turtlebot3/turtlebot3_navigation2) by extensions ['ros']
[0.263s] Level 1:colcon.colcon_core.package_identification:_identify(/home/piai/turtlebot3_ws/src/turtlebot3/turtlebot3_navigation2) by extension 'ros'
[0.263s] DEBUG:colcon.colcon_core.package_identification:Package '/home/piai/turtlebot3_ws/src/turtlebot3/turtlebot3_navigation2' with type 'ros.ament_cmake' and name 'turtlebot3_navigation2'
[0.264s] Level 1:colcon.colcon_core.package_identification:_identify(/home/piai/turtlebot3_ws/src/turtlebot3/turtlebot3_node) by extensions ['ignore', 'ignore_ament_install']
[0.264s] Level 1:colcon.colcon_core.package_identification:_identify(/home/piai/turtlebot3_ws/src/turtlebot3/turtlebot3_node) by extension 'ignore'
[0.264s] Level 1:colcon.colcon_core.package_identification:_identify(/home/piai/turtlebot3_ws/src/turtlebot3/turtlebot3_node) by extension 'ignore_ament_install'
[0.264s] Level 1:colcon.colcon_core.package_identification:_identify(/home/piai/turtlebot3_ws/src/turtlebot3/turtlebot3_node) by extensions ['colcon_pkg']
[0.264s] Level 1:colcon.colcon_core.package_identification:_identify(/home/piai/turtlebot3_ws/src/turtlebot3/turtlebot3_node) by extension 'colcon_pkg'
[0.264s] Level 1:colcon.colcon_core.package_identification:_identify(/home/piai/turtlebot3_ws/src/turtlebot3/turtlebot3_node) by extensions ['colcon_meta']
[0.264s] Level 1:colcon.colcon_core.package_identification:_identify(/home/piai/turtlebot3_ws/src/turtlebot3/turtlebot3_node) by extension 'colcon_meta'
[0.264s] Level 1:colcon.colcon_core.package_identification:_identify(/home/piai/turtlebot3_ws/src/turtlebot3/turtlebot3_node) by extensions ['ros']
[0.264s] Level 1:colcon.colcon_core.package_identification:_identify(/home/piai/turtlebot3_ws/src/turtlebot3/turtlebot3_node) by extension 'ros'
[0.267s] DEBUG:colcon.colcon_core.package_identification:Package '/home/piai/turtlebot3_ws/src/turtlebot3/turtlebot3_node' with type 'ros.ament_cmake' and name 'turtlebot3_node'
[0.268s] Level 1:colcon.colcon_core.package_identification:_identify(/home/piai/turtlebot3_ws/src/turtlebot3/turtlebot3_teleop) by extensions ['ignore', 'ignore_ament_install']
[0.268s] Level 1:colcon.colcon_core.package_identification:_identify(/home/piai/turtlebot3_ws/src/turtlebot3/turtlebot3_teleop) by extension 'ignore'
[0.268s] Level 1:colcon.colcon_core.package_identification:_identify(/home/piai/turtlebot3_ws/src/turtlebot3/turtlebot3_teleop) by extension 'ignore_ament_install'
[0.268s] Level 1:colcon.colcon_core.package_identification:_identify(/home/piai/turtlebot3_ws/src/turtlebot3/turtlebot3_teleop) by extensions ['colcon_pkg']
[0.268s] Level 1:colcon.colcon_core.package_identification:_identify(/home/piai/turtlebot3_ws/src/turtlebot3/turtlebot3_teleop) by extension 'colcon_pkg'
[0.268s] Level 1:colcon.colcon_core.package_identification:_identify(/home/piai/turtlebot3_ws/src/turtlebot3/turtlebot3_teleop) by extensions ['colcon_meta']
[0.268s] Level 1:colcon.colcon_core.package_identification:_identify(/home/piai/turtlebot3_ws/src/turtlebot3/turtlebot3_teleop) by extension 'colcon_meta'
[0.268s] Level 1:colcon.colcon_core.package_identification:_identify(/home/piai/turtlebot3_ws/src/turtlebot3/turtlebot3_teleop) by extensions ['ros']
[0.268s] Level 1:colcon.colcon_core.package_identification:_identify(/home/piai/turtlebot3_ws/src/turtlebot3/turtlebot3_teleop) by extension 'ros'
[0.269s] DEBUG:colcon.colcon_core.package_identification:Package '/home/piai/turtlebot3_ws/src/turtlebot3/turtlebot3_teleop' with type 'ros.ament_python' and name 'turtlebot3_teleop'
[0.269s] Level 1:colcon.colcon_core.package_identification:_identify(/home/piai/turtlebot3_ws/src/turtlebot3_msgs) by extensions ['ignore', 'ignore_ament_install']
[0.269s] Level 1:colcon.colcon_core.package_identification:_identify(/home/piai/turtlebot3_ws/src/turtlebot3_msgs) by extension 'ignore'
[0.269s] Level 1:colcon.colcon_core.package_identification:_identify(/home/piai/turtlebot3_ws/src/turtlebot3_msgs) by extension 'ignore_ament_install'
[0.269s] Level 1:colcon.colcon_core.package_identification:_identify(/home/piai/turtlebot3_ws/src/turtlebot3_msgs) by extensions ['colcon_pkg']
[0.269s] Level 1:colcon.colcon_core.package_identification:_identify(/home/piai/turtlebot3_ws/src/turtlebot3_msgs) by extension 'colcon_pkg'
[0.269s] Level 1:colcon.colcon_core.package_identification:_identify(/home/piai/turtlebot3_ws/src/turtlebot3_msgs) by extensions ['colcon_meta']
[0.269s] Level 1:colcon.colcon_core.package_identification:_identify(/home/piai/turtlebot3_ws/src/turtlebot3_msgs) by extension 'colcon_meta'
[0.269s] Level 1:colcon.colcon_core.package_identification:_identify(/home/piai/turtlebot3_ws/src/turtlebot3_msgs) by extensions ['ros']
[0.269s] Level 1:colcon.colcon_core.package_identification:_identify(/home/piai/turtlebot3_ws/src/turtlebot3_msgs) by extension 'ros'
[0.270s] DEBUG:colcon.colcon_core.package_identification:Package '/home/piai/turtlebot3_ws/src/turtlebot3_msgs' with type 'ros.ament_cmake' and name 'turtlebot3_msgs'
[0.271s] Level 1:colcon.colcon_core.package_discovery:discover_packages(recursive) using defaults
