[  1%] [34m[1mGenerating C code for ROS interfaces[0m
[  2%] [34m[1mGenerating C++ code for ROS interfaces[0m
[  2%] Built target turtlebot3_msgs__cpp
[  4%] [34m[1mGenerating C++ type support for eProsima Fast-RTPS[0m
[  5%] [34m[1mGenerating C++ introspection for ROS interfaces[0m
[35m[1mScanning dependencies of target turtlebot3_msgs__rosidl_generator_c[0m
[  7%] [32mBuilding C object CMakeFiles/turtlebot3_msgs__rosidl_generator_c.dir/rosidl_generator_c/turtlebot3_msgs/srv/sound__functions.c.o[0m
[  8%] [32mBuilding C object CMakeFiles/turtlebot3_msgs__rosidl_generator_c.dir/rosidl_generator_c/turtlebot3_msgs/msg/version_info__functions.c.o[0m
[ 11%] [32mBuilding C object CMakeFiles/turtlebot3_msgs__rosidl_generator_c.dir/rosidl_generator_c/turtlebot3_msgs/action/patrol__functions.c.o[0m
[ 11%] [32mBuilding C object CMakeFiles/turtlebot3_msgs__rosidl_generator_c.dir/rosidl_generator_c/turtlebot3_msgs/srv/dqn__functions.c.o[0m
[ 14%] [32mBuilding C object CMakeFiles/turtlebot3_msgs__rosidl_generator_c.dir/rosidl_generator_c/turtlebot3_msgs/msg/sensor_state__functions.c.o[0m
[ 14%] [32mBuilding C object CMakeFiles/turtlebot3_msgs__rosidl_generator_c.dir/rosidl_generator_c/turtlebot3_msgs/msg/sound__functions.c.o[0m
[ 15%] [32m[1mLinking C shared library libturtlebot3_msgs__rosidl_generator_c.so[0m
[ 15%] Built target turtlebot3_msgs__rosidl_generator_c
[ 17%] [34m[1mGenerating C introspection for ROS interfaces[0m
[35m[1mScanning dependencies of target turtlebot3_msgs__rosidl_typesupport_introspection_cpp[0m
[ 18%] [32mBuilding CXX object CMakeFiles/turtlebot3_msgs__rosidl_typesupport_introspection_cpp.dir/rosidl_typesupport_introspection_cpp/turtlebot3_msgs/msg/sound__type_support.cpp.o[0m
[ 20%] [32mBuilding CXX object CMakeFiles/turtlebot3_msgs__rosidl_typesupport_introspection_cpp.dir/rosidl_typesupport_introspection_cpp/turtlebot3_msgs/msg/version_info__type_support.cpp.o[0m
[ 21%] [32mBuilding CXX object CMakeFiles/turtlebot3_msgs__rosidl_typesupport_introspection_cpp.dir/rosidl_typesupport_introspection_cpp/turtlebot3_msgs/srv/dqn__type_support.cpp.o[0m
[ 23%] [32mBuilding CXX object CMakeFiles/turtlebot3_msgs__rosidl_typesupport_introspection_cpp.dir/rosidl_typesupport_introspection_cpp/turtlebot3_msgs/srv/sound__type_support.cpp.o[0m
[ 24%] [32mBuilding CXX object CMakeFiles/turtlebot3_msgs__rosidl_typesupport_introspection_cpp.dir/rosidl_typesupport_introspection_cpp/turtlebot3_msgs/action/patrol__type_support.cpp.o[0m
[ 26%] [32mBuilding CXX object CMakeFiles/turtlebot3_msgs__rosidl_typesupport_introspection_cpp.dir/rosidl_typesupport_introspection_cpp/turtlebot3_msgs/msg/sensor_state__type_support.cpp.o[0m
[35m[1mScanning dependencies of target turtlebot3_msgs__rosidl_typesupport_fastrtps_cpp[0m
[ 27%] [32mBuilding CXX object CMakeFiles/turtlebot3_msgs__rosidl_typesupport_fastrtps_cpp.dir/rosidl_typesupport_fastrtps_cpp/turtlebot3_msgs/msg/dds_fastrtps/sensor_state__type_support.cpp.o[0m
[ 28%] [32mBuilding CXX object CMakeFiles/turtlebot3_msgs__rosidl_typesupport_fastrtps_cpp.dir/rosidl_typesupport_fastrtps_cpp/turtlebot3_msgs/msg/dds_fastrtps/version_info__type_support.cpp.o[0m
[ 30%] [32mBuilding CXX object CMakeFiles/turtlebot3_msgs__rosidl_typesupport_fastrtps_cpp.dir/rosidl_typesupport_fastrtps_cpp/turtlebot3_msgs/action/dds_fastrtps/patrol__type_support.cpp.o[0m
[ 31%] [32mBuilding CXX object CMakeFiles/turtlebot3_msgs__rosidl_typesupport_fastrtps_cpp.dir/rosidl_typesupport_fastrtps_cpp/turtlebot3_msgs/srv/dds_fastrtps/dqn__type_support.cpp.o[0m
[ 33%] [32mBuilding CXX object CMakeFiles/turtlebot3_msgs__rosidl_typesupport_fastrtps_cpp.dir/rosidl_typesupport_fastrtps_cpp/turtlebot3_msgs/msg/dds_fastrtps/sound__type_support.cpp.o[0m
[ 34%] [32mBuilding CXX object CMakeFiles/turtlebot3_msgs__rosidl_typesupport_fastrtps_cpp.dir/rosidl_typesupport_fastrtps_cpp/turtlebot3_msgs/srv/dds_fastrtps/sound__type_support.cpp.o[0m
[ 36%] [32m[1mLinking CXX shared library libturtlebot3_msgs__rosidl_typesupport_introspection_cpp.so[0m
[35m[1mScanning dependencies of target turtlebot3_msgs__rosidl_typesupport_introspection_c[0m
[ 36%] Built target turtlebot3_msgs__rosidl_typesupport_introspection_cpp
[ 39%] [32mBuilding C object CMakeFiles/turtlebot3_msgs__rosidl_typesupport_introspection_c.dir/rosidl_typesupport_introspection_c/turtlebot3_msgs/action/patrol__type_support.c.o[0m
[ 39%] [32mBuilding C object CMakeFiles/turtlebot3_msgs__rosidl_typesupport_introspection_c.dir/rosidl_typesupport_introspection_c/turtlebot3_msgs/msg/sound__type_support.c.o[0m
[ 40%] [32mBuilding C object CMakeFiles/turtlebot3_msgs__rosidl_typesupport_introspection_c.dir/rosidl_typesupport_introspection_c/turtlebot3_msgs/msg/sensor_state__type_support.c.o[0m
[ 43%] [32mBuilding C object CMakeFiles/turtlebot3_msgs__rosidl_typesupport_introspection_c.dir/rosidl_typesupport_introspection_c/turtlebot3_msgs/srv/sound__type_support.c.o[0m
[ 43%] [32mBuilding C object CMakeFiles/turtlebot3_msgs__rosidl_typesupport_introspection_c.dir/rosidl_typesupport_introspection_c/turtlebot3_msgs/srv/dqn__type_support.c.o[0m
[ 44%] [32mBuilding C object CMakeFiles/turtlebot3_msgs__rosidl_typesupport_introspection_c.dir/rosidl_typesupport_introspection_c/turtlebot3_msgs/msg/version_info__type_support.c.o[0m
[ 46%] [32m[1mLinking C shared library libturtlebot3_msgs__rosidl_typesupport_introspection_c.so[0m
[ 46%] Built target turtlebot3_msgs__rosidl_typesupport_introspection_c
[ 47%] [32m[1mLinking CXX shared library libturtlebot3_msgs__rosidl_typesupport_fastrtps_cpp.so[0m
[ 47%] Built target turtlebot3_msgs__rosidl_typesupport_fastrtps_cpp
[ 49%] [34m[1mGenerating C type support for eProsima Fast-RTPS[0m
[ 50%] [34m[1mGenerating C++ type support dispatch for ROS interfaces[0m
[35m[1mScanning dependencies of target turtlebot3_msgs__rosidl_typesupport_cpp[0m
[ 52%] [32mBuilding CXX object CMakeFiles/turtlebot3_msgs__rosidl_typesupport_cpp.dir/rosidl_typesupport_cpp/turtlebot3_msgs/msg/sensor_state__type_support.cpp.o[0m
[ 53%] [32mBuilding CXX object CMakeFiles/turtlebot3_msgs__rosidl_typesupport_cpp.dir/rosidl_typesupport_cpp/turtlebot3_msgs/action/patrol__type_support.cpp.o[0m
[ 55%] [32mBuilding CXX object CMakeFiles/turtlebot3_msgs__rosidl_typesupport_cpp.dir/rosidl_typesupport_cpp/turtlebot3_msgs/srv/dqn__type_support.cpp.o[0m
[ 56%] [32mBuilding CXX object CMakeFiles/turtlebot3_msgs__rosidl_typesupport_cpp.dir/rosidl_typesupport_cpp/turtlebot3_msgs/msg/sound__type_support.cpp.o[0m
[ 57%] [32mBuilding CXX object CMakeFiles/turtlebot3_msgs__rosidl_typesupport_cpp.dir/rosidl_typesupport_cpp/turtlebot3_msgs/msg/version_info__type_support.cpp.o[0m
[ 59%] [32mBuilding CXX object CMakeFiles/turtlebot3_msgs__rosidl_typesupport_cpp.dir/rosidl_typesupport_cpp/turtlebot3_msgs/srv/sound__type_support.cpp.o[0m
[35m[1mScanning dependencies of target turtlebot3_msgs__rosidl_typesupport_fastrtps_c[0m
[ 63%] [32mBuilding CXX object CMakeFiles/turtlebot3_msgs__rosidl_typesupport_fastrtps_c.dir/rosidl_typesupport_fastrtps_c/turtlebot3_msgs/msg/sensor_state__type_support_c.cpp.o[0m
[ 63%] [32mBuilding CXX object CMakeFiles/turtlebot3_msgs__rosidl_typesupport_fastrtps_c.dir/rosidl_typesupport_fastrtps_c/turtlebot3_msgs/msg/version_info__type_support_c.cpp.o[0m
[ 63%] [32mBuilding CXX object CMakeFiles/turtlebot3_msgs__rosidl_typesupport_fastrtps_c.dir/rosidl_typesupport_fastrtps_c/turtlebot3_msgs/msg/sound__type_support_c.cpp.o[0m
[ 65%] [32mBuilding CXX object CMakeFiles/turtlebot3_msgs__rosidl_typesupport_fastrtps_c.dir/rosidl_typesupport_fastrtps_c/turtlebot3_msgs/action/patrol__type_support_c.cpp.o[0m
[ 66%] [32mBuilding CXX object CMakeFiles/turtlebot3_msgs__rosidl_typesupport_fastrtps_c.dir/rosidl_typesupport_fastrtps_c/turtlebot3_msgs/srv/sound__type_support_c.cpp.o[0m
[ 68%] [32mBuilding CXX object CMakeFiles/turtlebot3_msgs__rosidl_typesupport_fastrtps_c.dir/rosidl_typesupport_fastrtps_c/turtlebot3_msgs/srv/dqn__type_support_c.cpp.o[0m
[ 69%] [32m[1mLinking CXX shared library libturtlebot3_msgs__rosidl_typesupport_cpp.so[0m
[ 69%] Built target turtlebot3_msgs__rosidl_typesupport_cpp
[ 71%] [32m[1mLinking CXX shared library libturtlebot3_msgs__rosidl_typesupport_fastrtps_c.so[0m
[ 71%] Built target turtlebot3_msgs__rosidl_typesupport_fastrtps_c
[ 72%] [34m[1mGenerating C type support dispatch for ROS interfaces[0m
[35m[1mScanning dependencies of target turtlebot3_msgs__rosidl_typesupport_c[0m
[ 73%] [32mBuilding CXX object CMakeFiles/turtlebot3_msgs__rosidl_typesupport_c.dir/rosidl_typesupport_c/turtlebot3_msgs/msg/sound__type_support.cpp.o[0m
[ 75%] [32mBuilding CXX object CMakeFiles/turtlebot3_msgs__rosidl_typesupport_c.dir/rosidl_typesupport_c/turtlebot3_msgs/msg/version_info__type_support.cpp.o[0m
[ 76%] [32mBuilding CXX object CMakeFiles/turtlebot3_msgs__rosidl_typesupport_c.dir/rosidl_typesupport_c/turtlebot3_msgs/srv/sound__type_support.cpp.o[0m
[ 78%] [32mBuilding CXX object CMakeFiles/turtlebot3_msgs__rosidl_typesupport_c.dir/rosidl_typesupport_c/turtlebot3_msgs/action/patrol__type_support.cpp.o[0m
[ 79%] [32mBuilding CXX object CMakeFiles/turtlebot3_msgs__rosidl_typesupport_c.dir/rosidl_typesupport_c/turtlebot3_msgs/msg/sensor_state__type_support.cpp.o[0m
[ 81%] [32mBuilding CXX object CMakeFiles/turtlebot3_msgs__rosidl_typesupport_c.dir/rosidl_typesupport_c/turtlebot3_msgs/srv/dqn__type_support.cpp.o[0m
[ 82%] [32m[1mLinking CXX shared library libturtlebot3_msgs__rosidl_typesupport_c.so[0m
[ 82%] Built target turtlebot3_msgs__rosidl_typesupport_c
[35m[1mScanning dependencies of target turtlebot3_msgs[0m
[ 82%] Built target turtlebot3_msgs
[35m[1mScanning dependencies of target turtlebot3_msgs__py[0m
[ 84%] [34m[1mGenerating Python code for ROS interfaces[0m
[ 84%] Built target turtlebot3_msgs__py
[35m[1mScanning dependencies of target turtlebot3_msgs__python[0m
[ 91%] [32mBuilding C object CMakeFiles/turtlebot3_msgs__python.dir/rosidl_generator_py/turtlebot3_msgs/msg/_version_info_s.c.o[0m
[ 91%] [32mBuilding C object CMakeFiles/turtlebot3_msgs__python.dir/rosidl_generator_py/turtlebot3_msgs/msg/_sound_s.c.o[0m
[ 91%] [32mBuilding C object CMakeFiles/turtlebot3_msgs__python.dir/rosidl_generator_py/turtlebot3_msgs/srv/_dqn_s.c.o[0m
[ 91%] [32mBuilding C object CMakeFiles/turtlebot3_msgs__python.dir/rosidl_generator_py/turtlebot3_msgs/action/_patrol_s.c.o[0m
[ 91%] [32mBuilding C object CMakeFiles/turtlebot3_msgs__python.dir/rosidl_generator_py/turtlebot3_msgs/srv/_sound_s.c.o[0m
[ 92%] [32mBuilding C object CMakeFiles/turtlebot3_msgs__python.dir/rosidl_generator_py/turtlebot3_msgs/msg/_sensor_state_s.c.o[0m
[ 94%] [32m[1mLinking C shared library rosidl_generator_py/turtlebot3_msgs/libturtlebot3_msgs__python.so[0m
[ 94%] Built target turtlebot3_msgs__python
[35m[1mScanning dependencies of target turtlebot3_msgs__rosidl_typesupport_c__pyext[0m
[35m[1mScanning dependencies of target turtlebot3_msgs__rosidl_typesupport_fastrtps_c__pyext[0m
[ 95%] [32mBuilding C object CMakeFiles/turtlebot3_msgs__rosidl_typesupport_c__pyext.dir/rosidl_generator_py/turtlebot3_msgs/_turtlebot3_msgs_s.ep.rosidl_typesupport_c.c.o[0m
[ 97%] [32mBuilding C object CMakeFiles/turtlebot3_msgs__rosidl_typesupport_fastrtps_c__pyext.dir/rosidl_generator_py/turtlebot3_msgs/_turtlebot3_msgs_s.ep.rosidl_typesupport_fastrtps_c.c.o[0m
[ 98%] [32m[1mLinking C shared library rosidl_generator_py/turtlebot3_msgs/turtlebot3_msgs_s__rosidl_typesupport_c.cpython-39-x86_64-linux-gnu.so[0m
[100%] [32m[1mLinking C shared library rosidl_generator_py/turtlebot3_msgs/turtlebot3_msgs_s__rosidl_typesupport_fastrtps_c.cpython-39-x86_64-linux-gnu.so[0m
[100%] Built target turtlebot3_msgs__rosidl_typesupport_fastrtps_c__pyext
[100%] Built target turtlebot3_msgs__rosidl_typesupport_c__pyext
[  1%] Built target turtlebot3_msgs__cpp
[ 13%] Built target turtlebot3_msgs__rosidl_generator_c
[ 24%] Built target turtlebot3_msgs__rosidl_typesupport_fastrtps_cpp
[ 36%] Built target turtlebot3_msgs__rosidl_typesupport_introspection_cpp
[ 47%] Built target turtlebot3_msgs__rosidl_typesupport_introspection_c
[ 59%] Built target turtlebot3_msgs__rosidl_typesupport_fastrtps_c
[ 71%] Built target turtlebot3_msgs__rosidl_typesupport_cpp
[ 82%] Built target turtlebot3_msgs__rosidl_typesupport_c
[ 82%] Built target turtlebot3_msgs
[ 84%] Built target turtlebot3_msgs__py
[ 94%] Built target turtlebot3_msgs__python
[ 97%] Built target turtlebot3_msgs__rosidl_typesupport_fastrtps_c__pyext
[100%] Built target turtlebot3_msgs__rosidl_typesupport_c__pyext
[36mInstall the project...[0m
-- Install configuration: ""
-- Execute custom install script
-- Symlinking: /home/piai/turtlebot3_ws/src/install/turtlebot3_msgs/share/ament_index/resource_index/rosidl_interfaces/turtlebot3_msgs
-- Symlinking: /home/piai/turtlebot3_ws/src/install/turtlebot3_msgs/include/turtlebot3_msgs/action/patrol.hpp
-- Symlinking: /home/piai/turtlebot3_ws/src/install/turtlebot3_msgs/include/turtlebot3_msgs/action/patrol__struct.hpp
-- Symlinking: /home/piai/turtlebot3_ws/src/install/turtlebot3_msgs/include/turtlebot3_msgs/action/patrol__traits.hpp
-- Symlinking: /home/piai/turtlebot3_ws/src/install/turtlebot3_msgs/include/turtlebot3_msgs/msg/sensor_state.hpp
-- Symlinking: /home/piai/turtlebot3_ws/src/install/turtlebot3_msgs/include/turtlebot3_msgs/msg/sensor_state__struct.hpp
-- Symlinking: /home/piai/turtlebot3_ws/src/install/turtlebot3_msgs/include/turtlebot3_msgs/msg/sensor_state__traits.hpp
-- Symlinking: /home/piai/turtlebot3_ws/src/install/turtlebot3_msgs/include/turtlebot3_msgs/msg/sound.hpp
-- Symlinking: /home/piai/turtlebot3_ws/src/install/turtlebot3_msgs/include/turtlebot3_msgs/msg/sound__struct.hpp
-- Symlinking: /home/piai/turtlebot3_ws/src/install/turtlebot3_msgs/include/turtlebot3_msgs/msg/sound__traits.hpp
-- Symlinking: /home/piai/turtlebot3_ws/src/install/turtlebot3_msgs/include/turtlebot3_msgs/msg/version_info.hpp
-- Symlinking: /home/piai/turtlebot3_ws/src/install/turtlebot3_msgs/include/turtlebot3_msgs/msg/version_info__struct.hpp
-- Symlinking: /home/piai/turtlebot3_ws/src/install/turtlebot3_msgs/include/turtlebot3_msgs/msg/version_info__traits.hpp
-- Symlinking: /home/piai/turtlebot3_ws/src/install/turtlebot3_msgs/include/turtlebot3_msgs/srv/dqn.hpp
-- Symlinking: /home/piai/turtlebot3_ws/src/install/turtlebot3_msgs/include/turtlebot3_msgs/srv/dqn__struct.hpp
-- Symlinking: /home/piai/turtlebot3_ws/src/install/turtlebot3_msgs/include/turtlebot3_msgs/srv/dqn__traits.hpp
-- Symlinking: /home/piai/turtlebot3_ws/src/install/turtlebot3_msgs/include/turtlebot3_msgs/srv/sound.hpp
-- Symlinking: /home/piai/turtlebot3_ws/src/install/turtlebot3_msgs/include/turtlebot3_msgs/srv/sound__struct.hpp
-- Symlinking: /home/piai/turtlebot3_ws/src/install/turtlebot3_msgs/include/turtlebot3_msgs/srv/sound__traits.hpp
-- Symlinking: /home/piai/turtlebot3_ws/src/install/turtlebot3_msgs/include/turtlebot3_msgs/action/patrol.h
-- Symlinking: /home/piai/turtlebot3_ws/src/install/turtlebot3_msgs/include/turtlebot3_msgs/action/patrol__functions.h
-- Symlinking: /home/piai/turtlebot3_ws/src/install/turtlebot3_msgs/include/turtlebot3_msgs/action/patrol__struct.h
-- Symlinking: /home/piai/turtlebot3_ws/src/install/turtlebot3_msgs/include/turtlebot3_msgs/action/patrol__type_support.h
-- Symlinking: /home/piai/turtlebot3_ws/src/install/turtlebot3_msgs/include/turtlebot3_msgs/msg/rosidl_generator_c__visibility_control.h
-- Symlinking: /home/piai/turtlebot3_ws/src/install/turtlebot3_msgs/include/turtlebot3_msgs/msg/sensor_state.h
-- Symlinking: /home/piai/turtlebot3_ws/src/install/turtlebot3_msgs/include/turtlebot3_msgs/msg/sensor_state__functions.h
-- Symlinking: /home/piai/turtlebot3_ws/src/install/turtlebot3_msgs/include/turtlebot3_msgs/msg/sensor_state__struct.h
-- Symlinking: /home/piai/turtlebot3_ws/src/install/turtlebot3_msgs/include/turtlebot3_msgs/msg/sensor_state__type_support.h
-- Symlinking: /home/piai/turtlebot3_ws/src/install/turtlebot3_msgs/include/turtlebot3_msgs/msg/sound.h
-- Symlinking: /home/piai/turtlebot3_ws/src/install/turtlebot3_msgs/include/turtlebot3_msgs/msg/sound__functions.h
-- Symlinking: /home/piai/turtlebot3_ws/src/install/turtlebot3_msgs/include/turtlebot3_msgs/msg/sound__struct.h
-- Symlinking: /home/piai/turtlebot3_ws/src/install/turtlebot3_msgs/include/turtlebot3_msgs/msg/sound__type_support.h
-- Symlinking: /home/piai/turtlebot3_ws/src/install/turtlebot3_msgs/include/turtlebot3_msgs/msg/version_info.h
-- Symlinking: /home/piai/turtlebot3_ws/src/install/turtlebot3_msgs/include/turtlebot3_msgs/msg/version_info__functions.h
-- Symlinking: /home/piai/turtlebot3_ws/src/install/turtlebot3_msgs/include/turtlebot3_msgs/msg/version_info__struct.h
-- Symlinking: /home/piai/turtlebot3_ws/src/install/turtlebot3_msgs/include/turtlebot3_msgs/msg/version_info__type_support.h
-- Symlinking: /home/piai/turtlebot3_ws/src/install/turtlebot3_msgs/include/turtlebot3_msgs/srv/dqn.h
-- Symlinking: /home/piai/turtlebot3_ws/src/install/turtlebot3_msgs/include/turtlebot3_msgs/srv/dqn__functions.h
-- Symlinking: /home/piai/turtlebot3_ws/src/install/turtlebot3_msgs/include/turtlebot3_msgs/srv/dqn__struct.h
-- Symlinking: /home/piai/turtlebot3_ws/src/install/turtlebot3_msgs/include/turtlebot3_msgs/srv/dqn__type_support.h
-- Symlinking: /home/piai/turtlebot3_ws/src/install/turtlebot3_msgs/include/turtlebot3_msgs/srv/sound.h
-- Symlinking: /home/piai/turtlebot3_ws/src/install/turtlebot3_msgs/include/turtlebot3_msgs/srv/sound__functions.h
-- Symlinking: /home/piai/turtlebot3_ws/src/install/turtlebot3_msgs/include/turtlebot3_msgs/srv/sound__struct.h
-- Symlinking: /home/piai/turtlebot3_ws/src/install/turtlebot3_msgs/include/turtlebot3_msgs/srv/sound__type_support.h
-- Symlinking: /home/piai/turtlebot3_ws/src/install/turtlebot3_msgs/share/turtlebot3_msgs/environment/library_path.sh
-- Symlinking: /home/piai/turtlebot3_ws/src/install/turtlebot3_msgs/lib/libturtlebot3_msgs__rosidl_generator_c.so
-- Symlinking: /home/piai/turtlebot3_ws/src/install/turtlebot3_msgs/lib/libturtlebot3_msgs__rosidl_typesupport_c.so
-- Symlinking: /home/piai/turtlebot3_ws/src/install/turtlebot3_msgs/lib/libturtlebot3_msgs__rosidl_typesupport_cpp.so
-- Symlinking: /home/piai/turtlebot3_ws/src/install/turtlebot3_msgs/include/turtlebot3_msgs/action/patrol__rosidl_typesupport_introspection_c.h
-- Symlinking: /home/piai/turtlebot3_ws/src/install/turtlebot3_msgs/include/turtlebot3_msgs/msg/rosidl_typesupport_introspection_c__visibility_control.h
-- Symlinking: /home/piai/turtlebot3_ws/src/install/turtlebot3_msgs/include/turtlebot3_msgs/msg/sensor_state__rosidl_typesupport_introspection_c.h
-- Symlinking: /home/piai/turtlebot3_ws/src/install/turtlebot3_msgs/include/turtlebot3_msgs/msg/sound__rosidl_typesupport_introspection_c.h
-- Symlinking: /home/piai/turtlebot3_ws/src/install/turtlebot3_msgs/include/turtlebot3_msgs/msg/version_info__rosidl_typesupport_introspection_c.h
-- Symlinking: /home/piai/turtlebot3_ws/src/install/turtlebot3_msgs/include/turtlebot3_msgs/srv/dqn__rosidl_typesupport_introspection_c.h
-- Symlinking: /home/piai/turtlebot3_ws/src/install/turtlebot3_msgs/include/turtlebot3_msgs/srv/sound__rosidl_typesupport_introspection_c.h
-- Symlinking: /home/piai/turtlebot3_ws/src/install/turtlebot3_msgs/lib/libturtlebot3_msgs__rosidl_typesupport_introspection_c.so
-- Symlinking: /home/piai/turtlebot3_ws/src/install/turtlebot3_msgs/include/turtlebot3_msgs/action/patrol__rosidl_typesupport_introspection_cpp.hpp
-- Symlinking: /home/piai/turtlebot3_ws/src/install/turtlebot3_msgs/include/turtlebot3_msgs/msg/sensor_state__rosidl_typesupport_introspection_cpp.hpp
-- Symlinking: /home/piai/turtlebot3_ws/src/install/turtlebot3_msgs/include/turtlebot3_msgs/msg/sound__rosidl_typesupport_introspection_cpp.hpp
-- Symlinking: /home/piai/turtlebot3_ws/src/install/turtlebot3_msgs/include/turtlebot3_msgs/msg/version_info__rosidl_typesupport_introspection_cpp.hpp
-- Symlinking: /home/piai/turtlebot3_ws/src/install/turtlebot3_msgs/include/turtlebot3_msgs/srv/dqn__rosidl_typesupport_introspection_cpp.hpp
-- Symlinking: /home/piai/turtlebot3_ws/src/install/turtlebot3_msgs/include/turtlebot3_msgs/srv/sound__rosidl_typesupport_introspection_cpp.hpp
-- Symlinking: /home/piai/turtlebot3_ws/src/install/turtlebot3_msgs/lib/libturtlebot3_msgs__rosidl_typesupport_introspection_cpp.so
-- Symlinking: /home/piai/turtlebot3_ws/src/install/turtlebot3_msgs/include/turtlebot3_msgs/action/patrol__rosidl_typesupport_fastrtps_c.h
-- Symlinking: /home/piai/turtlebot3_ws/src/install/turtlebot3_msgs/include/turtlebot3_msgs/msg/rosidl_typesupport_fastrtps_c__visibility_control.h
-- Symlinking: /home/piai/turtlebot3_ws/src/install/turtlebot3_msgs/include/turtlebot3_msgs/msg/sensor_state__rosidl_typesupport_fastrtps_c.h
-- Symlinking: /home/piai/turtlebot3_ws/src/install/turtlebot3_msgs/include/turtlebot3_msgs/msg/sound__rosidl_typesupport_fastrtps_c.h
-- Symlinking: /home/piai/turtlebot3_ws/src/install/turtlebot3_msgs/include/turtlebot3_msgs/msg/version_info__rosidl_typesupport_fastrtps_c.h
-- Symlinking: /home/piai/turtlebot3_ws/src/install/turtlebot3_msgs/include/turtlebot3_msgs/srv/dqn__rosidl_typesupport_fastrtps_c.h
-- Symlinking: /home/piai/turtlebot3_ws/src/install/turtlebot3_msgs/include/turtlebot3_msgs/srv/sound__rosidl_typesupport_fastrtps_c.h
-- Symlinking: /home/piai/turtlebot3_ws/src/install/turtlebot3_msgs/lib/libturtlebot3_msgs__rosidl_typesupport_fastrtps_c.so
-- Symlinking: /home/piai/turtlebot3_ws/src/install/turtlebot3_msgs/include/turtlebot3_msgs/action/patrol__rosidl_typesupport_fastrtps_cpp.hpp
-- Symlinking: /home/piai/turtlebot3_ws/src/install/turtlebot3_msgs/include/turtlebot3_msgs/msg/rosidl_typesupport_fastrtps_cpp__visibility_control.h
-- Symlinking: /home/piai/turtlebot3_ws/src/install/turtlebot3_msgs/include/turtlebot3_msgs/msg/sensor_state__rosidl_typesupport_fastrtps_cpp.hpp
-- Symlinking: /home/piai/turtlebot3_ws/src/install/turtlebot3_msgs/include/turtlebot3_msgs/msg/sound__rosidl_typesupport_fastrtps_cpp.hpp
-- Symlinking: /home/piai/turtlebot3_ws/src/install/turtlebot3_msgs/include/turtlebot3_msgs/msg/version_info__rosidl_typesupport_fastrtps_cpp.hpp
-- Symlinking: /home/piai/turtlebot3_ws/src/install/turtlebot3_msgs/include/turtlebot3_msgs/srv/dqn__rosidl_typesupport_fastrtps_cpp.hpp
-- Symlinking: /home/piai/turtlebot3_ws/src/install/turtlebot3_msgs/include/turtlebot3_msgs/srv/sound__rosidl_typesupport_fastrtps_cpp.hpp
-- Symlinking: /home/piai/turtlebot3_ws/src/install/turtlebot3_msgs/lib/libturtlebot3_msgs__rosidl_typesupport_fastrtps_cpp.so
-- Symlinking: /home/piai/turtlebot3_ws/src/install/turtlebot3_msgs/share/turtlebot3_msgs/environment/pythonpath.sh
-- Symlinking: /home/piai/turtlebot3_ws/src/install/turtlebot3_msgs/lib/python3.9/site-packages/turtlebot3_msgs/__init__.py
-- Symlinking: /home/piai/turtlebot3_ws/src/install/turtlebot3_msgs/lib/python3.9/site-packages/turtlebot3_msgs/msg/__init__.py
-- Symlinking: /home/piai/turtlebot3_ws/src/install/turtlebot3_msgs/lib/python3.9/site-packages/turtlebot3_msgs/msg/_sensor_state.py
-- Symlinking: /home/piai/turtlebot3_ws/src/install/turtlebot3_msgs/lib/python3.9/site-packages/turtlebot3_msgs/msg/_sound.py
-- Symlinking: /home/piai/turtlebot3_ws/src/install/turtlebot3_msgs/lib/python3.9/site-packages/turtlebot3_msgs/msg/_version_info.py
-- Symlinking: /home/piai/turtlebot3_ws/src/install/turtlebot3_msgs/lib/python3.9/site-packages/turtlebot3_msgs/srv/__init__.py
-- Symlinking: /home/piai/turtlebot3_ws/src/install/turtlebot3_msgs/lib/python3.9/site-packages/turtlebot3_msgs/srv/_dqn.py
-- Symlinking: /home/piai/turtlebot3_ws/src/install/turtlebot3_msgs/lib/python3.9/site-packages/turtlebot3_msgs/srv/_sound.py
-- Symlinking: /home/piai/turtlebot3_ws/src/install/turtlebot3_msgs/lib/python3.9/site-packages/turtlebot3_msgs/action/__init__.py
-- Symlinking: /home/piai/turtlebot3_ws/src/install/turtlebot3_msgs/lib/python3.9/site-packages/turtlebot3_msgs/action/_patrol.py
-- Symlinking: /home/piai/turtlebot3_ws/src/install/turtlebot3_msgs/lib/python3.9/site-packages/turtlebot3_msgs/turtlebot3_msgs_s__rosidl_typesupport_c.cpython-39-x86_64-linux-gnu.so
-- Symlinking: /home/piai/turtlebot3_ws/src/install/turtlebot3_msgs/lib/python3.9/site-packages/turtlebot3_msgs/turtlebot3_msgs_s__rosidl_typesupport_fastrtps_c.cpython-39-x86_64-linux-gnu.so
-- Symlinking: /home/piai/turtlebot3_ws/src/install/turtlebot3_msgs/lib/libturtlebot3_msgs__python.so
-- Symlinking: /home/piai/turtlebot3_ws/src/install/turtlebot3_msgs/share/turtlebot3_msgs/msg/SensorState.idl
-- Symlinking: /home/piai/turtlebot3_ws/src/install/turtlebot3_msgs/share/turtlebot3_msgs/msg/Sound.idl
-- Symlinking: /home/piai/turtlebot3_ws/src/install/turtlebot3_msgs/share/turtlebot3_msgs/msg/VersionInfo.idl
-- Symlinking: /home/piai/turtlebot3_ws/src/install/turtlebot3_msgs/share/turtlebot3_msgs/srv/Sound.idl
-- Symlinking: /home/piai/turtlebot3_ws/src/install/turtlebot3_msgs/share/turtlebot3_msgs/srv/Dqn.idl
-- Symlinking: /home/piai/turtlebot3_ws/src/install/turtlebot3_msgs/share/turtlebot3_msgs/action/Patrol.idl
-- Symlinking: /home/piai/turtlebot3_ws/src/install/turtlebot3_msgs/share/turtlebot3_msgs/msg/SensorState.msg
-- Symlinking: /home/piai/turtlebot3_ws/src/install/turtlebot3_msgs/share/turtlebot3_msgs/msg/Sound.msg
-- Symlinking: /home/piai/turtlebot3_ws/src/install/turtlebot3_msgs/share/turtlebot3_msgs/msg/VersionInfo.msg
-- Symlinking: /home/piai/turtlebot3_ws/src/install/turtlebot3_msgs/share/turtlebot3_msgs/srv/Sound.srv
-- Symlinking: /home/piai/turtlebot3_ws/src/install/turtlebot3_msgs/share/turtlebot3_msgs/srv/Sound_Request.msg
-- Symlinking: /home/piai/turtlebot3_ws/src/install/turtlebot3_msgs/share/turtlebot3_msgs/srv/Sound_Response.msg
-- Symlinking: /home/piai/turtlebot3_ws/src/install/turtlebot3_msgs/share/turtlebot3_msgs/srv/Dqn.srv
-- Symlinking: /home/piai/turtlebot3_ws/src/install/turtlebot3_msgs/share/turtlebot3_msgs/srv/Dqn_Request.msg
-- Symlinking: /home/piai/turtlebot3_ws/src/install/turtlebot3_msgs/share/turtlebot3_msgs/srv/Dqn_Response.msg
-- Symlinking: /home/piai/turtlebot3_ws/src/install/turtlebot3_msgs/share/turtlebot3_msgs/action/Patrol.action
-- Symlinking: /home/piai/turtlebot3_ws/src/install/turtlebot3_msgs/share/ament_index/resource_index/package_run_dependencies/turtlebot3_msgs
-- Symlinking: /home/piai/turtlebot3_ws/src/install/turtlebot3_msgs/share/ament_index/resource_index/parent_prefix_path/turtlebot3_msgs
-- Symlinking: /home/piai/turtlebot3_ws/src/install/turtlebot3_msgs/share/turtlebot3_msgs/environment/ament_prefix_path.sh
-- Symlinking: /home/piai/turtlebot3_ws/src/install/turtlebot3_msgs/share/turtlebot3_msgs/environment/path.sh
-- Symlinking: /home/piai/turtlebot3_ws/src/install/turtlebot3_msgs/share/turtlebot3_msgs/local_setup.bash
-- Symlinking: /home/piai/turtlebot3_ws/src/install/turtlebot3_msgs/share/turtlebot3_msgs/local_setup.sh
-- Symlinking: /home/piai/turtlebot3_ws/src/install/turtlebot3_msgs/share/turtlebot3_msgs/local_setup.zsh
-- Symlinking: /home/piai/turtlebot3_ws/src/install/turtlebot3_msgs/share/ament_index/resource_index/packages/turtlebot3_msgs
-- Symlinking: /home/piai/turtlebot3_ws/src/install/turtlebot3_msgs/share/turtlebot3_msgs/cmake/rosidl_cmake-extras.cmake
-- Symlinking: /home/piai/turtlebot3_ws/src/install/turtlebot3_msgs/share/turtlebot3_msgs/cmake/ament_cmake_export_dependencies-extras.cmake
-- Symlinking: /home/piai/turtlebot3_ws/src/install/turtlebot3_msgs/share/turtlebot3_msgs/cmake/ament_cmake_export_include_directories-extras.cmake
-- Symlinking: /home/piai/turtlebot3_ws/src/install/turtlebot3_msgs/share/turtlebot3_msgs/cmake/ament_cmake_export_libraries-extras.cmake
-- Symlinking: /home/piai/turtlebot3_ws/src/install/turtlebot3_msgs/share/turtlebot3_msgs/cmake/turtlebot3_msgsConfig.cmake
-- Symlinking: /home/piai/turtlebot3_ws/src/install/turtlebot3_msgs/share/turtlebot3_msgs/cmake/turtlebot3_msgsConfig-version.cmake
-- Symlinking: /home/piai/turtlebot3_ws/src/install/turtlebot3_msgs/share/turtlebot3_msgs/package.xml
Compiling '/home/piai/turtlebot3_ws/src/install/turtlebot3_msgs/lib/python3.9/site-packages/turtlebot3_msgs/__init__.py'...
