[0.068s] Invoking command in '/home/piai/turtlebot3_ws/src/build/turtlebot3_msgs': CMAKE_PREFIX_PATH=/opt/ros/dashing CONDA_PROMPT_MODIFIER=(base) /usr/bin/cmake --build /home/piai/turtlebot3_ws/src/build/turtlebot3_msgs -- -j20 -l20
[0.158s] [  1%] [34m[1mGenerating C code for ROS interfaces[0m
[0.187s] [  2%] [34m[1mGenerating C++ code for ROS interfaces[0m
[1.227s] [  2%] Built target turtlebot3_msgs__cpp
[1.241s] [  4%] [34m[1mGenerating C++ type support for eProsima Fast-RTPS[0m
[1.243s] [  5%] [34m[1mGenerating C++ introspection for ROS interfaces[0m
[1.378s] [35m[1mScanning dependencies of target turtlebot3_msgs__rosidl_generator_c[0m
[1.404s] [  7%] [32mBuilding C object CMakeFiles/turtlebot3_msgs__rosidl_generator_c.dir/rosidl_generator_c/turtlebot3_msgs/srv/sound__functions.c.o[0m
[1.405s] [  8%] [32mBuilding C object CMakeFiles/turtlebot3_msgs__rosidl_generator_c.dir/rosidl_generator_c/turtlebot3_msgs/msg/version_info__functions.c.o[0m
[1.406s] [ 11%] [32mBuilding C object CMakeFiles/turtlebot3_msgs__rosidl_generator_c.dir/rosidl_generator_c/turtlebot3_msgs/action/patrol__functions.c.o[0m
[1.406s] [ 11%] [32mBuilding C object CMakeFiles/turtlebot3_msgs__rosidl_generator_c.dir/rosidl_generator_c/turtlebot3_msgs/srv/dqn__functions.c.o[0m
[1.410s] [ 14%] [32mBuilding C object CMakeFiles/turtlebot3_msgs__rosidl_generator_c.dir/rosidl_generator_c/turtlebot3_msgs/msg/sensor_state__functions.c.o[0m
[1.411s] [ 14%] [32mBuilding C object CMakeFiles/turtlebot3_msgs__rosidl_generator_c.dir/rosidl_generator_c/turtlebot3_msgs/msg/sound__functions.c.o[0m
[1.500s] [ 15%] [32m[1mLinking C shared library libturtlebot3_msgs__rosidl_generator_c.so[0m
[1.582s] [ 15%] Built target turtlebot3_msgs__rosidl_generator_c
[1.609s] [ 17%] [34m[1mGenerating C introspection for ROS interfaces[0m
[2.137s] [35m[1mScanning dependencies of target turtlebot3_msgs__rosidl_typesupport_introspection_cpp[0m
[2.171s] [ 18%] [32mBuilding CXX object CMakeFiles/turtlebot3_msgs__rosidl_typesupport_introspection_cpp.dir/rosidl_typesupport_introspection_cpp/turtlebot3_msgs/msg/sound__type_support.cpp.o[0m
[2.171s] [ 20%] [32mBuilding CXX object CMakeFiles/turtlebot3_msgs__rosidl_typesupport_introspection_cpp.dir/rosidl_typesupport_introspection_cpp/turtlebot3_msgs/msg/version_info__type_support.cpp.o[0m
[2.172s] [ 21%] [32mBuilding CXX object CMakeFiles/turtlebot3_msgs__rosidl_typesupport_introspection_cpp.dir/rosidl_typesupport_introspection_cpp/turtlebot3_msgs/srv/dqn__type_support.cpp.o[0m
[2.172s] [ 23%] [32mBuilding CXX object CMakeFiles/turtlebot3_msgs__rosidl_typesupport_introspection_cpp.dir/rosidl_typesupport_introspection_cpp/turtlebot3_msgs/srv/sound__type_support.cpp.o[0m
[2.173s] [ 24%] [32mBuilding CXX object CMakeFiles/turtlebot3_msgs__rosidl_typesupport_introspection_cpp.dir/rosidl_typesupport_introspection_cpp/turtlebot3_msgs/action/patrol__type_support.cpp.o[0m
[2.176s] [ 26%] [32mBuilding CXX object CMakeFiles/turtlebot3_msgs__rosidl_typesupport_introspection_cpp.dir/rosidl_typesupport_introspection_cpp/turtlebot3_msgs/msg/sensor_state__type_support.cpp.o[0m
[2.304s] [35m[1mScanning dependencies of target turtlebot3_msgs__rosidl_typesupport_fastrtps_cpp[0m
[2.348s] [ 27%] [32mBuilding CXX object CMakeFiles/turtlebot3_msgs__rosidl_typesupport_fastrtps_cpp.dir/rosidl_typesupport_fastrtps_cpp/turtlebot3_msgs/msg/dds_fastrtps/sensor_state__type_support.cpp.o[0m
[2.348s] [ 28%] [32mBuilding CXX object CMakeFiles/turtlebot3_msgs__rosidl_typesupport_fastrtps_cpp.dir/rosidl_typesupport_fastrtps_cpp/turtlebot3_msgs/msg/dds_fastrtps/version_info__type_support.cpp.o[0m
[2.350s] [ 30%] [32mBuilding CXX object CMakeFiles/turtlebot3_msgs__rosidl_typesupport_fastrtps_cpp.dir/rosidl_typesupport_fastrtps_cpp/turtlebot3_msgs/action/dds_fastrtps/patrol__type_support.cpp.o[0m
[2.352s] [ 31%] [32mBuilding CXX object CMakeFiles/turtlebot3_msgs__rosidl_typesupport_fastrtps_cpp.dir/rosidl_typesupport_fastrtps_cpp/turtlebot3_msgs/srv/dds_fastrtps/dqn__type_support.cpp.o[0m
[2.361s] [ 33%] [32mBuilding CXX object CMakeFiles/turtlebot3_msgs__rosidl_typesupport_fastrtps_cpp.dir/rosidl_typesupport_fastrtps_cpp/turtlebot3_msgs/msg/dds_fastrtps/sound__type_support.cpp.o[0m
[2.363s] [ 34%] [32mBuilding CXX object CMakeFiles/turtlebot3_msgs__rosidl_typesupport_fastrtps_cpp.dir/rosidl_typesupport_fastrtps_cpp/turtlebot3_msgs/srv/dds_fastrtps/sound__type_support.cpp.o[0m
[2.548s] [ 36%] [32m[1mLinking CXX shared library libturtlebot3_msgs__rosidl_typesupport_introspection_cpp.so[0m
[2.648s] [35m[1mScanning dependencies of target turtlebot3_msgs__rosidl_typesupport_introspection_c[0m
[2.658s] [ 36%] Built target turtlebot3_msgs__rosidl_typesupport_introspection_cpp
[2.669s] [ 39%] [32mBuilding C object CMakeFiles/turtlebot3_msgs__rosidl_typesupport_introspection_c.dir/rosidl_typesupport_introspection_c/turtlebot3_msgs/action/patrol__type_support.c.o[0m
[2.669s] [ 39%] [32mBuilding C object CMakeFiles/turtlebot3_msgs__rosidl_typesupport_introspection_c.dir/rosidl_typesupport_introspection_c/turtlebot3_msgs/msg/sound__type_support.c.o[0m
[2.672s] [ 40%] [32mBuilding C object CMakeFiles/turtlebot3_msgs__rosidl_typesupport_introspection_c.dir/rosidl_typesupport_introspection_c/turtlebot3_msgs/msg/sensor_state__type_support.c.o[0m
[2.672s] [ 43%] [32mBuilding C object CMakeFiles/turtlebot3_msgs__rosidl_typesupport_introspection_c.dir/rosidl_typesupport_introspection_c/turtlebot3_msgs/srv/sound__type_support.c.o[0m
[2.673s] [ 43%] [32mBuilding C object CMakeFiles/turtlebot3_msgs__rosidl_typesupport_introspection_c.dir/rosidl_typesupport_introspection_c/turtlebot3_msgs/srv/dqn__type_support.c.o[0m
[2.677s] [ 44%] [32mBuilding C object CMakeFiles/turtlebot3_msgs__rosidl_typesupport_introspection_c.dir/rosidl_typesupport_introspection_c/turtlebot3_msgs/msg/version_info__type_support.c.o[0m
[2.739s] [ 46%] [32m[1mLinking C shared library libturtlebot3_msgs__rosidl_typesupport_introspection_c.so[0m
[2.799s] [ 46%] Built target turtlebot3_msgs__rosidl_typesupport_introspection_c
[2.850s] [ 47%] [32m[1mLinking CXX shared library libturtlebot3_msgs__rosidl_typesupport_fastrtps_cpp.so[0m
[2.982s] [ 47%] Built target turtlebot3_msgs__rosidl_typesupport_fastrtps_cpp
[3.009s] [ 49%] [34m[1mGenerating C type support for eProsima Fast-RTPS[0m
[3.011s] [ 50%] [34m[1mGenerating C++ type support dispatch for ROS interfaces[0m
[3.792s] [35m[1mScanning dependencies of target turtlebot3_msgs__rosidl_typesupport_cpp[0m
[3.827s] [ 52%] [32mBuilding CXX object CMakeFiles/turtlebot3_msgs__rosidl_typesupport_cpp.dir/rosidl_typesupport_cpp/turtlebot3_msgs/msg/sensor_state__type_support.cpp.o[0m
[3.831s] [ 53%] [32mBuilding CXX object CMakeFiles/turtlebot3_msgs__rosidl_typesupport_cpp.dir/rosidl_typesupport_cpp/turtlebot3_msgs/action/patrol__type_support.cpp.o[0m
[3.831s] [ 55%] [32mBuilding CXX object CMakeFiles/turtlebot3_msgs__rosidl_typesupport_cpp.dir/rosidl_typesupport_cpp/turtlebot3_msgs/srv/dqn__type_support.cpp.o[0m
[3.835s] [ 56%] [32mBuilding CXX object CMakeFiles/turtlebot3_msgs__rosidl_typesupport_cpp.dir/rosidl_typesupport_cpp/turtlebot3_msgs/msg/sound__type_support.cpp.o[0m
[3.836s] [ 57%] [32mBuilding CXX object CMakeFiles/turtlebot3_msgs__rosidl_typesupport_cpp.dir/rosidl_typesupport_cpp/turtlebot3_msgs/msg/version_info__type_support.cpp.o[0m
[3.840s] [ 59%] [32mBuilding CXX object CMakeFiles/turtlebot3_msgs__rosidl_typesupport_cpp.dir/rosidl_typesupport_cpp/turtlebot3_msgs/srv/sound__type_support.cpp.o[0m
[4.017s] [35m[1mScanning dependencies of target turtlebot3_msgs__rosidl_typesupport_fastrtps_c[0m
[4.048s] [ 63%] [32mBuilding CXX object CMakeFiles/turtlebot3_msgs__rosidl_typesupport_fastrtps_c.dir/rosidl_typesupport_fastrtps_c/turtlebot3_msgs/msg/sensor_state__type_support_c.cpp.o[0m
[4.049s] [ 63%] [32mBuilding CXX object CMakeFiles/turtlebot3_msgs__rosidl_typesupport_fastrtps_c.dir/rosidl_typesupport_fastrtps_c/turtlebot3_msgs/msg/version_info__type_support_c.cpp.o[0m
[4.049s] [ 63%] [32mBuilding CXX object CMakeFiles/turtlebot3_msgs__rosidl_typesupport_fastrtps_c.dir/rosidl_typesupport_fastrtps_c/turtlebot3_msgs/msg/sound__type_support_c.cpp.o[0m
[4.049s] [ 65%] [32mBuilding CXX object CMakeFiles/turtlebot3_msgs__rosidl_typesupport_fastrtps_c.dir/rosidl_typesupport_fastrtps_c/turtlebot3_msgs/action/patrol__type_support_c.cpp.o[0m
[4.057s] [ 66%] [32mBuilding CXX object CMakeFiles/turtlebot3_msgs__rosidl_typesupport_fastrtps_c.dir/rosidl_typesupport_fastrtps_c/turtlebot3_msgs/srv/sound__type_support_c.cpp.o[0m
[4.057s] [ 68%] [32mBuilding CXX object CMakeFiles/turtlebot3_msgs__rosidl_typesupport_fastrtps_c.dir/rosidl_typesupport_fastrtps_c/turtlebot3_msgs/srv/dqn__type_support_c.cpp.o[0m
[4.305s] [ 69%] [32m[1mLinking CXX shared library libturtlebot3_msgs__rosidl_typesupport_cpp.so[0m
[4.443s] [ 69%] Built target turtlebot3_msgs__rosidl_typesupport_cpp
[4.459s] [ 71%] [32m[1mLinking CXX shared library libturtlebot3_msgs__rosidl_typesupport_fastrtps_c.so[0m
[4.584s] [ 71%] Built target turtlebot3_msgs__rosidl_typesupport_fastrtps_c
[4.602s] [ 72%] [34m[1mGenerating C type support dispatch for ROS interfaces[0m
[5.379s] [35m[1mScanning dependencies of target turtlebot3_msgs__rosidl_typesupport_c[0m
[5.400s] [ 73%] [32mBuilding CXX object CMakeFiles/turtlebot3_msgs__rosidl_typesupport_c.dir/rosidl_typesupport_c/turtlebot3_msgs/msg/sound__type_support.cpp.o[0m
[5.401s] [ 75%] [32mBuilding CXX object CMakeFiles/turtlebot3_msgs__rosidl_typesupport_c.dir/rosidl_typesupport_c/turtlebot3_msgs/msg/version_info__type_support.cpp.o[0m
[5.410s] [ 76%] [32mBuilding CXX object CMakeFiles/turtlebot3_msgs__rosidl_typesupport_c.dir/rosidl_typesupport_c/turtlebot3_msgs/srv/sound__type_support.cpp.o[0m
[5.410s] [ 78%] [32mBuilding CXX object CMakeFiles/turtlebot3_msgs__rosidl_typesupport_c.dir/rosidl_typesupport_c/turtlebot3_msgs/action/patrol__type_support.cpp.o[0m
[5.415s] [ 79%] [32mBuilding CXX object CMakeFiles/turtlebot3_msgs__rosidl_typesupport_c.dir/rosidl_typesupport_c/turtlebot3_msgs/msg/sensor_state__type_support.cpp.o[0m
[5.416s] [ 81%] [32mBuilding CXX object CMakeFiles/turtlebot3_msgs__rosidl_typesupport_c.dir/rosidl_typesupport_c/turtlebot3_msgs/srv/dqn__type_support.cpp.o[0m
[5.465s] [ 82%] [32m[1mLinking CXX shared library libturtlebot3_msgs__rosidl_typesupport_c.so[0m
[5.554s] [ 82%] Built target turtlebot3_msgs__rosidl_typesupport_c
[5.577s] [35m[1mScanning dependencies of target turtlebot3_msgs[0m
[5.599s] [ 82%] Built target turtlebot3_msgs
[5.622s] [35m[1mScanning dependencies of target turtlebot3_msgs__py[0m
[5.648s] [ 84%] [34m[1mGenerating Python code for ROS interfaces[0m
[7.628s] [ 84%] Built target turtlebot3_msgs__py
[7.641s] [35m[1mScanning dependencies of target turtlebot3_msgs__python[0m
[7.686s] [ 91%] [32mBuilding C object CMakeFiles/turtlebot3_msgs__python.dir/rosidl_generator_py/turtlebot3_msgs/msg/_version_info_s.c.o[0m
[7.686s] [ 91%] [32mBuilding C object CMakeFiles/turtlebot3_msgs__python.dir/rosidl_generator_py/turtlebot3_msgs/msg/_sound_s.c.o[0m
[7.686s] [ 91%] [32mBuilding C object CMakeFiles/turtlebot3_msgs__python.dir/rosidl_generator_py/turtlebot3_msgs/srv/_dqn_s.c.o[0m
[7.686s] [ 91%] [32mBuilding C object CMakeFiles/turtlebot3_msgs__python.dir/rosidl_generator_py/turtlebot3_msgs/action/_patrol_s.c.o[0m
[7.687s] [ 91%] [32mBuilding C object CMakeFiles/turtlebot3_msgs__python.dir/rosidl_generator_py/turtlebot3_msgs/srv/_sound_s.c.o[0m
[7.690s] [ 92%] [32mBuilding C object CMakeFiles/turtlebot3_msgs__python.dir/rosidl_generator_py/turtlebot3_msgs/msg/_sensor_state_s.c.o[0m
[7.845s] [ 94%] [32m[1mLinking C shared library rosidl_generator_py/turtlebot3_msgs/libturtlebot3_msgs__python.so[0m
[7.961s] [ 94%] Built target turtlebot3_msgs__python
[7.986s] [35m[1mScanning dependencies of target turtlebot3_msgs__rosidl_typesupport_c__pyext[0m
[7.987s] [35m[1mScanning dependencies of target turtlebot3_msgs__rosidl_typesupport_fastrtps_c__pyext[0m
[8.025s] [ 95%] [32mBuilding C object CMakeFiles/turtlebot3_msgs__rosidl_typesupport_c__pyext.dir/rosidl_generator_py/turtlebot3_msgs/_turtlebot3_msgs_s.ep.rosidl_typesupport_c.c.o[0m
[8.031s] [ 97%] [32mBuilding C object CMakeFiles/turtlebot3_msgs__rosidl_typesupport_fastrtps_c__pyext.dir/rosidl_generator_py/turtlebot3_msgs/_turtlebot3_msgs_s.ep.rosidl_typesupport_fastrtps_c.c.o[0m
[8.176s] [ 98%] [32m[1mLinking C shared library rosidl_generator_py/turtlebot3_msgs/turtlebot3_msgs_s__rosidl_typesupport_c.cpython-39-x86_64-linux-gnu.so[0m
[8.179s] [100%] [32m[1mLinking C shared library rosidl_generator_py/turtlebot3_msgs/turtlebot3_msgs_s__rosidl_typesupport_fastrtps_c.cpython-39-x86_64-linux-gnu.so[0m
[8.299s] [100%] Built target turtlebot3_msgs__rosidl_typesupport_fastrtps_c__pyext
[8.299s] [100%] Built target turtlebot3_msgs__rosidl_typesupport_c__pyext
[8.326s] Invoked command in '/home/piai/turtlebot3_ws/src/build/turtlebot3_msgs' returned '0': CMAKE_PREFIX_PATH=/opt/ros/dashing CONDA_PROMPT_MODIFIER=(base) /usr/bin/cmake --build /home/piai/turtlebot3_ws/src/build/turtlebot3_msgs -- -j20 -l20
[8.609s] Invoking command in '/home/piai/turtlebot3_ws/src/build/turtlebot3_msgs': CMAKE_PREFIX_PATH=/opt/ros/dashing CONDA_PROMPT_MODIFIER=(base) /usr/bin/cmake --build /home/piai/turtlebot3_ws/src/build/turtlebot3_msgs --target install -- -j20 -l20
[8.729s] [  1%] Built target turtlebot3_msgs__cpp
[8.732s] [ 13%] Built target turtlebot3_msgs__rosidl_generator_c
[8.778s] [ 24%] Built target turtlebot3_msgs__rosidl_typesupport_fastrtps_cpp
[8.778s] [ 36%] Built target turtlebot3_msgs__rosidl_typesupport_introspection_cpp
[8.789s] [ 47%] Built target turtlebot3_msgs__rosidl_typesupport_introspection_c
[8.836s] [ 59%] Built target turtlebot3_msgs__rosidl_typesupport_fastrtps_c
[8.845s] [ 71%] Built target turtlebot3_msgs__rosidl_typesupport_cpp
[8.893s] [ 82%] Built target turtlebot3_msgs__rosidl_typesupport_c
[8.942s] [ 82%] Built target turtlebot3_msgs
[8.988s] [ 84%] Built target turtlebot3_msgs__py
[9.065s] [ 94%] Built target turtlebot3_msgs__python
[9.121s] [ 97%] Built target turtlebot3_msgs__rosidl_typesupport_fastrtps_c__pyext
[9.126s] [100%] Built target turtlebot3_msgs__rosidl_typesupport_c__pyext
[9.173s] [36mInstall the project...[0m
[9.194s] -- Install configuration: ""
[9.195s] -- Execute custom install script
[9.195s] -- Symlinking: /home/piai/turtlebot3_ws/src/install/turtlebot3_msgs/share/ament_index/resource_index/rosidl_interfaces/turtlebot3_msgs
[9.218s] -- Symlinking: /home/piai/turtlebot3_ws/src/install/turtlebot3_msgs/include/turtlebot3_msgs/action/patrol.hpp
[9.240s] -- Symlinking: /home/piai/turtlebot3_ws/src/install/turtlebot3_msgs/include/turtlebot3_msgs/action/patrol__struct.hpp
[9.260s] -- Symlinking: /home/piai/turtlebot3_ws/src/install/turtlebot3_msgs/include/turtlebot3_msgs/action/patrol__traits.hpp
[9.273s] -- Symlinking: /home/piai/turtlebot3_ws/src/install/turtlebot3_msgs/include/turtlebot3_msgs/msg/sensor_state.hpp
[9.284s] -- Symlinking: /home/piai/turtlebot3_ws/src/install/turtlebot3_msgs/include/turtlebot3_msgs/msg/sensor_state__struct.hpp
[9.295s] -- Symlinking: /home/piai/turtlebot3_ws/src/install/turtlebot3_msgs/include/turtlebot3_msgs/msg/sensor_state__traits.hpp
[9.316s] -- Symlinking: /home/piai/turtlebot3_ws/src/install/turtlebot3_msgs/include/turtlebot3_msgs/msg/sound.hpp
[9.330s] -- Symlinking: /home/piai/turtlebot3_ws/src/install/turtlebot3_msgs/include/turtlebot3_msgs/msg/sound__struct.hpp
[9.351s] -- Symlinking: /home/piai/turtlebot3_ws/src/install/turtlebot3_msgs/include/turtlebot3_msgs/msg/sound__traits.hpp
[9.363s] -- Symlinking: /home/piai/turtlebot3_ws/src/install/turtlebot3_msgs/include/turtlebot3_msgs/msg/version_info.hpp
[9.374s] -- Symlinking: /home/piai/turtlebot3_ws/src/install/turtlebot3_msgs/include/turtlebot3_msgs/msg/version_info__struct.hpp
[9.396s] -- Symlinking: /home/piai/turtlebot3_ws/src/install/turtlebot3_msgs/include/turtlebot3_msgs/msg/version_info__traits.hpp
[9.415s] -- Symlinking: /home/piai/turtlebot3_ws/src/install/turtlebot3_msgs/include/turtlebot3_msgs/srv/dqn.hpp
[9.437s] -- Symlinking: /home/piai/turtlebot3_ws/src/install/turtlebot3_msgs/include/turtlebot3_msgs/srv/dqn__struct.hpp
[9.451s] -- Symlinking: /home/piai/turtlebot3_ws/src/install/turtlebot3_msgs/include/turtlebot3_msgs/srv/dqn__traits.hpp
[9.471s] -- Symlinking: /home/piai/turtlebot3_ws/src/install/turtlebot3_msgs/include/turtlebot3_msgs/srv/sound.hpp
[9.486s] -- Symlinking: /home/piai/turtlebot3_ws/src/install/turtlebot3_msgs/include/turtlebot3_msgs/srv/sound__struct.hpp
[9.505s] -- Symlinking: /home/piai/turtlebot3_ws/src/install/turtlebot3_msgs/include/turtlebot3_msgs/srv/sound__traits.hpp
[9.526s] -- Symlinking: /home/piai/turtlebot3_ws/src/install/turtlebot3_msgs/include/turtlebot3_msgs/action/patrol.h
[9.539s] -- Symlinking: /home/piai/turtlebot3_ws/src/install/turtlebot3_msgs/include/turtlebot3_msgs/action/patrol__functions.h
[9.550s] -- Symlinking: /home/piai/turtlebot3_ws/src/install/turtlebot3_msgs/include/turtlebot3_msgs/action/patrol__struct.h
[9.560s] -- Symlinking: /home/piai/turtlebot3_ws/src/install/turtlebot3_msgs/include/turtlebot3_msgs/action/patrol__type_support.h
[9.570s] -- Symlinking: /home/piai/turtlebot3_ws/src/install/turtlebot3_msgs/include/turtlebot3_msgs/msg/rosidl_generator_c__visibility_control.h
[9.590s] -- Symlinking: /home/piai/turtlebot3_ws/src/install/turtlebot3_msgs/include/turtlebot3_msgs/msg/sensor_state.h
[9.606s] -- Symlinking: /home/piai/turtlebot3_ws/src/install/turtlebot3_msgs/include/turtlebot3_msgs/msg/sensor_state__functions.h
[9.617s] -- Symlinking: /home/piai/turtlebot3_ws/src/install/turtlebot3_msgs/include/turtlebot3_msgs/msg/sensor_state__struct.h
[9.628s] -- Symlinking: /home/piai/turtlebot3_ws/src/install/turtlebot3_msgs/include/turtlebot3_msgs/msg/sensor_state__type_support.h
[9.639s] -- Symlinking: /home/piai/turtlebot3_ws/src/install/turtlebot3_msgs/include/turtlebot3_msgs/msg/sound.h
[9.649s] -- Symlinking: /home/piai/turtlebot3_ws/src/install/turtlebot3_msgs/include/turtlebot3_msgs/msg/sound__functions.h
[9.670s] -- Symlinking: /home/piai/turtlebot3_ws/src/install/turtlebot3_msgs/include/turtlebot3_msgs/msg/sound__struct.h
[9.686s] -- Symlinking: /home/piai/turtlebot3_ws/src/install/turtlebot3_msgs/include/turtlebot3_msgs/msg/sound__type_support.h
[9.705s] -- Symlinking: /home/piai/turtlebot3_ws/src/install/turtlebot3_msgs/include/turtlebot3_msgs/msg/version_info.h
[9.724s] -- Symlinking: /home/piai/turtlebot3_ws/src/install/turtlebot3_msgs/include/turtlebot3_msgs/msg/version_info__functions.h
[9.743s] -- Symlinking: /home/piai/turtlebot3_ws/src/install/turtlebot3_msgs/include/turtlebot3_msgs/msg/version_info__struct.h
[9.757s] -- Symlinking: /home/piai/turtlebot3_ws/src/install/turtlebot3_msgs/include/turtlebot3_msgs/msg/version_info__type_support.h
[9.767s] -- Symlinking: /home/piai/turtlebot3_ws/src/install/turtlebot3_msgs/include/turtlebot3_msgs/srv/dqn.h
[9.776s] -- Symlinking: /home/piai/turtlebot3_ws/src/install/turtlebot3_msgs/include/turtlebot3_msgs/srv/dqn__functions.h
[9.786s] -- Symlinking: /home/piai/turtlebot3_ws/src/install/turtlebot3_msgs/include/turtlebot3_msgs/srv/dqn__struct.h
[9.796s] -- Symlinking: /home/piai/turtlebot3_ws/src/install/turtlebot3_msgs/include/turtlebot3_msgs/srv/dqn__type_support.h
[9.817s] -- Symlinking: /home/piai/turtlebot3_ws/src/install/turtlebot3_msgs/include/turtlebot3_msgs/srv/sound.h
[9.833s] -- Symlinking: /home/piai/turtlebot3_ws/src/install/turtlebot3_msgs/include/turtlebot3_msgs/srv/sound__functions.h
[9.848s] -- Symlinking: /home/piai/turtlebot3_ws/src/install/turtlebot3_msgs/include/turtlebot3_msgs/srv/sound__struct.h
[9.858s] -- Symlinking: /home/piai/turtlebot3_ws/src/install/turtlebot3_msgs/include/turtlebot3_msgs/srv/sound__type_support.h
[9.869s] -- Symlinking: /home/piai/turtlebot3_ws/src/install/turtlebot3_msgs/share/turtlebot3_msgs/environment/library_path.sh
[9.880s] -- Symlinking: /home/piai/turtlebot3_ws/src/install/turtlebot3_msgs/lib/libturtlebot3_msgs__rosidl_generator_c.so
[9.894s] -- Symlinking: /home/piai/turtlebot3_ws/src/install/turtlebot3_msgs/lib/libturtlebot3_msgs__rosidl_typesupport_c.so
[9.914s] -- Symlinking: /home/piai/turtlebot3_ws/src/install/turtlebot3_msgs/lib/libturtlebot3_msgs__rosidl_typesupport_cpp.so
[9.936s] -- Symlinking: /home/piai/turtlebot3_ws/src/install/turtlebot3_msgs/include/turtlebot3_msgs/action/patrol__rosidl_typesupport_introspection_c.h
[9.949s] -- Symlinking: /home/piai/turtlebot3_ws/src/install/turtlebot3_msgs/include/turtlebot3_msgs/msg/rosidl_typesupport_introspection_c__visibility_control.h
[9.971s] -- Symlinking: /home/piai/turtlebot3_ws/src/install/turtlebot3_msgs/include/turtlebot3_msgs/msg/sensor_state__rosidl_typesupport_introspection_c.h
[9.990s] -- Symlinking: /home/piai/turtlebot3_ws/src/install/turtlebot3_msgs/include/turtlebot3_msgs/msg/sound__rosidl_typesupport_introspection_c.h
[10.007s] -- Symlinking: /home/piai/turtlebot3_ws/src/install/turtlebot3_msgs/include/turtlebot3_msgs/msg/version_info__rosidl_typesupport_introspection_c.h
[10.028s] -- Symlinking: /home/piai/turtlebot3_ws/src/install/turtlebot3_msgs/include/turtlebot3_msgs/srv/dqn__rosidl_typesupport_introspection_c.h
[10.042s] -- Symlinking: /home/piai/turtlebot3_ws/src/install/turtlebot3_msgs/include/turtlebot3_msgs/srv/sound__rosidl_typesupport_introspection_c.h
[10.057s] -- Symlinking: /home/piai/turtlebot3_ws/src/install/turtlebot3_msgs/lib/libturtlebot3_msgs__rosidl_typesupport_introspection_c.so
[10.079s] -- Symlinking: /home/piai/turtlebot3_ws/src/install/turtlebot3_msgs/include/turtlebot3_msgs/action/patrol__rosidl_typesupport_introspection_cpp.hpp
[10.092s] -- Symlinking: /home/piai/turtlebot3_ws/src/install/turtlebot3_msgs/include/turtlebot3_msgs/msg/sensor_state__rosidl_typesupport_introspection_cpp.hpp
[10.105s] -- Symlinking: /home/piai/turtlebot3_ws/src/install/turtlebot3_msgs/include/turtlebot3_msgs/msg/sound__rosidl_typesupport_introspection_cpp.hpp
[10.125s] -- Symlinking: /home/piai/turtlebot3_ws/src/install/turtlebot3_msgs/include/turtlebot3_msgs/msg/version_info__rosidl_typesupport_introspection_cpp.hpp
[10.144s] -- Symlinking: /home/piai/turtlebot3_ws/src/install/turtlebot3_msgs/include/turtlebot3_msgs/srv/dqn__rosidl_typesupport_introspection_cpp.hpp
[10.165s] -- Symlinking: /home/piai/turtlebot3_ws/src/install/turtlebot3_msgs/include/turtlebot3_msgs/srv/sound__rosidl_typesupport_introspection_cpp.hpp
[10.186s] -- Symlinking: /home/piai/turtlebot3_ws/src/install/turtlebot3_msgs/lib/libturtlebot3_msgs__rosidl_typesupport_introspection_cpp.so
[10.202s] -- Symlinking: /home/piai/turtlebot3_ws/src/install/turtlebot3_msgs/include/turtlebot3_msgs/action/patrol__rosidl_typesupport_fastrtps_c.h
[10.212s] -- Symlinking: /home/piai/turtlebot3_ws/src/install/turtlebot3_msgs/include/turtlebot3_msgs/msg/rosidl_typesupport_fastrtps_c__visibility_control.h
[10.234s] -- Symlinking: /home/piai/turtlebot3_ws/src/install/turtlebot3_msgs/include/turtlebot3_msgs/msg/sensor_state__rosidl_typesupport_fastrtps_c.h
[10.254s] -- Symlinking: /home/piai/turtlebot3_ws/src/install/turtlebot3_msgs/include/turtlebot3_msgs/msg/sound__rosidl_typesupport_fastrtps_c.h
[10.271s] -- Symlinking: /home/piai/turtlebot3_ws/src/install/turtlebot3_msgs/include/turtlebot3_msgs/msg/version_info__rosidl_typesupport_fastrtps_c.h
[10.282s] -- Symlinking: /home/piai/turtlebot3_ws/src/install/turtlebot3_msgs/include/turtlebot3_msgs/srv/dqn__rosidl_typesupport_fastrtps_c.h
[10.303s] -- Symlinking: /home/piai/turtlebot3_ws/src/install/turtlebot3_msgs/include/turtlebot3_msgs/srv/sound__rosidl_typesupport_fastrtps_c.h
[10.325s] -- Symlinking: /home/piai/turtlebot3_ws/src/install/turtlebot3_msgs/lib/libturtlebot3_msgs__rosidl_typesupport_fastrtps_c.so
[10.343s] -- Symlinking: /home/piai/turtlebot3_ws/src/install/turtlebot3_msgs/include/turtlebot3_msgs/action/patrol__rosidl_typesupport_fastrtps_cpp.hpp
[10.356s] -- Symlinking: /home/piai/turtlebot3_ws/src/install/turtlebot3_msgs/include/turtlebot3_msgs/msg/rosidl_typesupport_fastrtps_cpp__visibility_control.h
[10.376s] -- Symlinking: /home/piai/turtlebot3_ws/src/install/turtlebot3_msgs/include/turtlebot3_msgs/msg/sensor_state__rosidl_typesupport_fastrtps_cpp.hpp
[10.395s] -- Symlinking: /home/piai/turtlebot3_ws/src/install/turtlebot3_msgs/include/turtlebot3_msgs/msg/sound__rosidl_typesupport_fastrtps_cpp.hpp
[10.411s] -- Symlinking: /home/piai/turtlebot3_ws/src/install/turtlebot3_msgs/include/turtlebot3_msgs/msg/version_info__rosidl_typesupport_fastrtps_cpp.hpp
[10.422s] -- Symlinking: /home/piai/turtlebot3_ws/src/install/turtlebot3_msgs/include/turtlebot3_msgs/srv/dqn__rosidl_typesupport_fastrtps_cpp.hpp
[10.432s] -- Symlinking: /home/piai/turtlebot3_ws/src/install/turtlebot3_msgs/include/turtlebot3_msgs/srv/sound__rosidl_typesupport_fastrtps_cpp.hpp
[10.442s] -- Symlinking: /home/piai/turtlebot3_ws/src/install/turtlebot3_msgs/lib/libturtlebot3_msgs__rosidl_typesupport_fastrtps_cpp.so
[10.465s] -- Symlinking: /home/piai/turtlebot3_ws/src/install/turtlebot3_msgs/share/turtlebot3_msgs/environment/pythonpath.sh
[10.485s] -- Symlinking: /home/piai/turtlebot3_ws/src/install/turtlebot3_msgs/lib/python3.9/site-packages/turtlebot3_msgs/__init__.py
[10.507s] -- Symlinking: /home/piai/turtlebot3_ws/src/install/turtlebot3_msgs/lib/python3.9/site-packages/turtlebot3_msgs/msg/__init__.py
[10.528s] -- Symlinking: /home/piai/turtlebot3_ws/src/install/turtlebot3_msgs/lib/python3.9/site-packages/turtlebot3_msgs/msg/_sensor_state.py
[10.548s] -- Symlinking: /home/piai/turtlebot3_ws/src/install/turtlebot3_msgs/lib/python3.9/site-packages/turtlebot3_msgs/msg/_sound.py
[10.568s] -- Symlinking: /home/piai/turtlebot3_ws/src/install/turtlebot3_msgs/lib/python3.9/site-packages/turtlebot3_msgs/msg/_version_info.py
[10.583s] -- Symlinking: /home/piai/turtlebot3_ws/src/install/turtlebot3_msgs/lib/python3.9/site-packages/turtlebot3_msgs/srv/__init__.py
[10.594s] -- Symlinking: /home/piai/turtlebot3_ws/src/install/turtlebot3_msgs/lib/python3.9/site-packages/turtlebot3_msgs/srv/_dqn.py
[10.604s] -- Symlinking: /home/piai/turtlebot3_ws/src/install/turtlebot3_msgs/lib/python3.9/site-packages/turtlebot3_msgs/srv/_sound.py
[10.616s] -- Symlinking: /home/piai/turtlebot3_ws/src/install/turtlebot3_msgs/lib/python3.9/site-packages/turtlebot3_msgs/action/__init__.py
[10.630s] -- Symlinking: /home/piai/turtlebot3_ws/src/install/turtlebot3_msgs/lib/python3.9/site-packages/turtlebot3_msgs/action/_patrol.py
[10.644s] -- Symlinking: /home/piai/turtlebot3_ws/src/install/turtlebot3_msgs/lib/python3.9/site-packages/turtlebot3_msgs/turtlebot3_msgs_s__rosidl_typesupport_c.cpython-39-x86_64-linux-gnu.so
[10.666s] -- Symlinking: /home/piai/turtlebot3_ws/src/install/turtlebot3_msgs/lib/python3.9/site-packages/turtlebot3_msgs/turtlebot3_msgs_s__rosidl_typesupport_fastrtps_c.cpython-39-x86_64-linux-gnu.so
[10.685s] -- Symlinking: /home/piai/turtlebot3_ws/src/install/turtlebot3_msgs/lib/libturtlebot3_msgs__python.so
[10.698s] -- Symlinking: /home/piai/turtlebot3_ws/src/install/turtlebot3_msgs/share/turtlebot3_msgs/msg/SensorState.idl
[10.713s] -- Symlinking: /home/piai/turtlebot3_ws/src/install/turtlebot3_msgs/share/turtlebot3_msgs/msg/Sound.idl
[10.724s] -- Symlinking: /home/piai/turtlebot3_ws/src/install/turtlebot3_msgs/share/turtlebot3_msgs/msg/VersionInfo.idl
[10.746s] -- Symlinking: /home/piai/turtlebot3_ws/src/install/turtlebot3_msgs/share/turtlebot3_msgs/srv/Sound.idl
[10.766s] -- Symlinking: /home/piai/turtlebot3_ws/src/install/turtlebot3_msgs/share/turtlebot3_msgs/srv/Dqn.idl
[10.788s] -- Symlinking: /home/piai/turtlebot3_ws/src/install/turtlebot3_msgs/share/turtlebot3_msgs/action/Patrol.idl
[10.809s] -- Symlinking: /home/piai/turtlebot3_ws/src/install/turtlebot3_msgs/share/turtlebot3_msgs/msg/SensorState.msg
[10.825s] -- Symlinking: /home/piai/turtlebot3_ws/src/install/turtlebot3_msgs/share/turtlebot3_msgs/msg/Sound.msg
[10.837s] -- Symlinking: /home/piai/turtlebot3_ws/src/install/turtlebot3_msgs/share/turtlebot3_msgs/msg/VersionInfo.msg
[10.849s] -- Symlinking: /home/piai/turtlebot3_ws/src/install/turtlebot3_msgs/share/turtlebot3_msgs/srv/Sound.srv
[10.863s] -- Symlinking: /home/piai/turtlebot3_ws/src/install/turtlebot3_msgs/share/turtlebot3_msgs/srv/Sound_Request.msg
[10.874s] -- Symlinking: /home/piai/turtlebot3_ws/src/install/turtlebot3_msgs/share/turtlebot3_msgs/srv/Sound_Response.msg
[10.885s] -- Symlinking: /home/piai/turtlebot3_ws/src/install/turtlebot3_msgs/share/turtlebot3_msgs/srv/Dqn.srv
[10.895s] -- Symlinking: /home/piai/turtlebot3_ws/src/install/turtlebot3_msgs/share/turtlebot3_msgs/srv/Dqn_Request.msg
[10.905s] -- Symlinking: /home/piai/turtlebot3_ws/src/install/turtlebot3_msgs/share/turtlebot3_msgs/srv/Dqn_Response.msg
[10.915s] -- Symlinking: /home/piai/turtlebot3_ws/src/install/turtlebot3_msgs/share/turtlebot3_msgs/action/Patrol.action
[10.925s] -- Symlinking: /home/piai/turtlebot3_ws/src/install/turtlebot3_msgs/share/ament_index/resource_index/package_run_dependencies/turtlebot3_msgs
[10.936s] -- Symlinking: /home/piai/turtlebot3_ws/src/install/turtlebot3_msgs/share/ament_index/resource_index/parent_prefix_path/turtlebot3_msgs
[10.946s] -- Symlinking: /home/piai/turtlebot3_ws/src/install/turtlebot3_msgs/share/turtlebot3_msgs/environment/ament_prefix_path.sh
[10.968s] -- Symlinking: /home/piai/turtlebot3_ws/src/install/turtlebot3_msgs/share/turtlebot3_msgs/environment/path.sh
[10.988s] -- Symlinking: /home/piai/turtlebot3_ws/src/install/turtlebot3_msgs/share/turtlebot3_msgs/local_setup.bash
[11.009s] -- Symlinking: /home/piai/turtlebot3_ws/src/install/turtlebot3_msgs/share/turtlebot3_msgs/local_setup.sh
[11.023s] -- Symlinking: /home/piai/turtlebot3_ws/src/install/turtlebot3_msgs/share/turtlebot3_msgs/local_setup.zsh
[11.034s] -- Symlinking: /home/piai/turtlebot3_ws/src/install/turtlebot3_msgs/share/ament_index/resource_index/packages/turtlebot3_msgs
[11.045s] -- Symlinking: /home/piai/turtlebot3_ws/src/install/turtlebot3_msgs/share/turtlebot3_msgs/cmake/rosidl_cmake-extras.cmake
[11.067s] -- Symlinking: /home/piai/turtlebot3_ws/src/install/turtlebot3_msgs/share/turtlebot3_msgs/cmake/ament_cmake_export_dependencies-extras.cmake
[11.080s] -- Symlinking: /home/piai/turtlebot3_ws/src/install/turtlebot3_msgs/share/turtlebot3_msgs/cmake/ament_cmake_export_include_directories-extras.cmake
[11.091s] -- Symlinking: /home/piai/turtlebot3_ws/src/install/turtlebot3_msgs/share/turtlebot3_msgs/cmake/ament_cmake_export_libraries-extras.cmake
[11.102s] -- Symlinking: /home/piai/turtlebot3_ws/src/install/turtlebot3_msgs/share/turtlebot3_msgs/cmake/turtlebot3_msgsConfig.cmake
[11.111s] -- Symlinking: /home/piai/turtlebot3_ws/src/install/turtlebot3_msgs/share/turtlebot3_msgs/cmake/turtlebot3_msgsConfig-version.cmake
[11.132s] -- Symlinking: /home/piai/turtlebot3_ws/src/install/turtlebot3_msgs/share/turtlebot3_msgs/package.xml
[11.201s] Compiling '/home/piai/turtlebot3_ws/src/install/turtlebot3_msgs/lib/python3.9/site-packages/turtlebot3_msgs/__init__.py'...
[11.220s] Invoked command in '/home/piai/turtlebot3_ws/src/build/turtlebot3_msgs' returned '0': CMAKE_PREFIX_PATH=/opt/ros/dashing CONDA_PROMPT_MODIFIER=(base) /usr/bin/cmake --build /home/piai/turtlebot3_ws/src/build/turtlebot3_msgs --target install -- -j20 -l20
