[0.073s] Invoking command in '/home/piai/turtlebot3_ws/src/build/dynamixel_sdk': CMAKE_PREFIX_PATH=/opt/ros/dashing CONDA_PROMPT_MODIFIER=(base) /usr/bin/cmake /home/piai/turtlebot3_ws/src/DynamixelSDK/dynamixel_sdk -DAMENT_CMAKE_SYMLINK_INSTALL=1 -DCMAKE_INSTALL_PREFIX=/home/piai/turtlebot3_ws/src/install/dynamixel_sdk
[0.185s] -- The C compiler identification is GNU 7.5.0
[0.282s] -- The CXX compiler identification is GNU 7.5.0
[0.295s] -- Check for working C compiler: /usr/bin/cc
[0.409s] -- Check for working C compiler: /usr/bin/cc -- works
[0.410s] -- Detecting C compiler ABI info
[0.514s] -- Detecting C compiler ABI info - done
[0.523s] -- Detecting C compile features
[0.823s] -- Detecting C compile features - done
[0.827s] -- Check for working CXX compiler: /usr/bin/c++
[0.971s] -- Check for working CXX compiler: /usr/bin/c++ -- works
[0.972s] -- Detecting CXX compiler ABI info
[1.117s] -- Detecting CXX compiler ABI info - done
[1.125s] -- Detecting CXX compile features
[1.645s] -- Detecting CXX compile features - done
[1.652s] -- Found ament_cmake: 0.7.6 (/opt/ros/dashing/share/ament_cmake/cmake)
[1.706s] -- Found PythonInterp: /home/piai/anaconda3/bin/python3 (found suitable version "3.9.15", minimum required is "3") 
[1.706s] -- Using PYTHON_EXECUTABLE: /home/piai/anaconda3/bin/python3
[1.989s] -- Override CMake install command with custom implementation using symlinks instead of copying resources
[2.057s] Traceback (most recent call last):
[2.057s]   File "/opt/ros/dashing/share/ament_cmake_core/cmake/core/package_xml_2_cmake.py", line 21, in <module>
[2.058s]     from catkin_pkg.package import parse_package_string
[2.058s] ModuleNotFoundError: No module named 'catkin_pkg'
[2.062s] CMake Error at /opt/ros/dashing/share/ament_cmake_core/cmake/core/ament_package_xml.cmake:94 (message):
[2.062s]   execute_process(/home/piai/anaconda3/bin/python3
[2.062s]   /opt/ros/dashing/share/ament_cmake_core/cmake/core/package_xml_2_cmake.py
[2.062s]   /home/piai/turtlebot3_ws/src/DynamixelSDK/dynamixel_sdk/package.xml
[2.062s]   /home/piai/turtlebot3_ws/src/build/dynamixel_sdk/ament_cmake_core/package.cmake)
[2.062s]   returned error code 1
[2.063s] Call Stack (most recent call first):
[2.063s]   /opt/ros/dashing/share/ament_cmake_core/cmake/core/ament_package_xml.cmake:49 (_ament_package_xml)
[2.063s]   /opt/ros/dashing/share/ament_cmake_core/cmake/core/ament_package.cmake:63 (ament_package_xml)
[2.063s]   CMakeLists.txt:75 (ament_package)
[2.063s] 
[2.063s] 
[2.064s] -- Configuring incomplete, errors occurred!
[2.064s] See also "/home/piai/turtlebot3_ws/src/build/dynamixel_sdk/CMakeFiles/CMakeOutput.log".
[2.071s] Invoked command in '/home/piai/turtlebot3_ws/src/build/dynamixel_sdk' returned '1': CMAKE_PREFIX_PATH=/opt/ros/dashing CONDA_PROMPT_MODIFIER=(base) /usr/bin/cmake /home/piai/turtlebot3_ws/src/DynamixelSDK/dynamixel_sdk -DAMENT_CMAKE_SYMLINK_INSTALL=1 -DCMAKE_INSTALL_PREFIX=/home/piai/turtlebot3_ws/src/install/dynamixel_sdk
