[0.061s] Invoking command in '/home/piai/turtlebot3_ws/src/build/dynamixel_sdk_custom_interfaces': CMAKE_PREFIX_PATH=/opt/ros/dashing CONDA_PROMPT_MODIFIER=(base) /usr/bin/cmake /home/piai/turtlebot3_ws/src/DynamixelSDK/dynamixel_sdk_custom_interfaces -DAMENT_CMAKE_SYMLINK_INSTALL=1 -DCMAKE_INSTALL_PREFIX=/home/piai/turtlebot3_ws/src/install/dynamixel_sdk_custom_interfaces
[0.090s] -- Found ament_cmake: 0.7.6 (/opt/ros/dashing/share/ament_cmake/cmake)
[0.135s] -- Found PythonInterp: /home/piai/anaconda3/bin/python3 (found suitable version "3.9.15", minimum required is "3") 
[0.135s] -- Using PYTHON_EXECUTABLE: /home/piai/anaconda3/bin/python3
[0.444s] -- Override CMake install command with custom implementation using symlinks instead of copying resources
[0.451s] -- Found builtin_interfaces: 0.7.4 (/opt/ros/dashing/share/builtin_interfaces/cmake)
[0.459s] -- Found rosidl_adapter: 0.7.10 (/opt/ros/dashing/share/rosidl_adapter/cmake)
[0.486s] -- Found rosidl_default_generators: 0.7.0 (/opt/ros/dashing/share/rosidl_default_generators/cmake)
[0.651s] -- Found PythonInterp: /home/piai/anaconda3/bin/python3 (found version "3.9.15") 
[0.738s] CMake Error at /opt/ros/dashing/share/rosidl_adapter/cmake/rosidl_adapt_interfaces.cmake:60 (message):
[0.738s]   execute_process(/home/piai/anaconda3/bin/python3 -m rosidl_adapter
[0.739s]   --package-name dynamixel_sdk_custom_interfaces --arguments-file
[0.739s]   /home/piai/turtlebot3_ws/src/build/dynamixel_sdk_custom_interfaces/rosidl_adapter__arguments__dynamixel_sdk_custom_interfaces.json
[0.739s]   --output-dir
[0.739s]   /home/piai/turtlebot3_ws/src/build/dynamixel_sdk_custom_interfaces/rosidl_adapter/dynamixel_sdk_custom_interfaces
[0.740s]   --output-file
[0.740s]   /home/piai/turtlebot3_ws/src/build/dynamixel_sdk_custom_interfaces/rosidl_adapter/dynamixel_sdk_custom_interfaces.idls)
[0.740s]   returned error code 1:
[0.740s] 
[0.740s]   Traceback (most recent call last):
[0.741s] 
[0.741s]     File "/home/piai/anaconda3/lib/python3.9/runpy.py", line 197, in _run_module_as_main
[0.741s]       return _run_code(code, main_globals, None,
[0.741s]     File "/home/piai/anaconda3/lib/python3.9/runpy.py", line 87, in _run_code
[0.742s]       exec(code, run_globals)
[0.742s]     File "/opt/ros/dashing/lib/python3.6/site-packages/rosidl_adapter/__main__.py", line 19, in <module>
[0.742s]       sys.exit(main())
[0.742s]     File "/opt/ros/dashing/lib/python3.6/site-packages/rosidl_adapter/main.py", line 53, in main
[0.743s]       abs_idl_file = convert_to_idl(
[0.743s]     File "/opt/ros/dashing/lib/python3.6/site-packages/rosidl_adapter/__init__.py", line 18, in convert_to_idl
[0.743s]       from rosidl_adapter.msg import convert_msg_to_idl
[0.743s]     File "/opt/ros/dashing/lib/python3.6/site-packages/rosidl_adapter/msg/__init__.py", line 16, in <module>
[0.743s]       from rosidl_adapter.resource import expand_template
[0.744s]     File "/opt/ros/dashing/lib/python3.6/site-packages/rosidl_adapter/resource/__init__.py", line 19, in <module>
[0.744s]       import em
[0.744s] 
[0.744s]   ModuleNotFoundError: No module named 'em'
[0.745s] 
[0.745s] Call Stack (most recent call first):
[0.745s]   /opt/ros/dashing/share/rosidl_cmake/cmake/rosidl_generate_interfaces.cmake:130 (rosidl_adapt_interfaces)
[0.745s]   CMakeLists.txt:31 (rosidl_generate_interfaces)
[0.745s] 
[0.746s] 
[0.746s] -- Configuring incomplete, errors occurred!
[0.746s] See also "/home/piai/turtlebot3_ws/src/build/dynamixel_sdk_custom_interfaces/CMakeFiles/CMakeOutput.log".
