[0.072s] Invoking command in '/home/piai/turtlebot3_ws/src/build/dynamixel_sdk': CMAKE_PREFIX_PATH=/opt/ros/dashing CONDA_PROMPT_MODIFIER=(base) /usr/bin/cmake /home/piai/turtlebot3_ws/src/DynamixelSDK/dynamixel_sdk -DAMENT_CMAKE_SYMLINK_INSTALL=1 -DCMAKE_INSTALL_PREFIX=/home/piai/turtlebot3_ws/src/install/dynamixel_sdk
[0.113s] -- Found ament_cmake: 0.7.6 (/opt/ros/dashing/share/ament_cmake/cmake)
[0.157s] -- Using PYTHON_EXECUTABLE: /home/piai/anaconda3/bin/python3
[0.452s] -- Override CMake install command with custom implementation using symlinks instead of copying resources
[0.582s] -- Configuring done
[0.586s] -- Generating done
[0.587s] -- Build files have been written to: /home/piai/turtlebot3_ws/src/build/dynamixel_sdk
[0.602s] Invoked command in '/home/piai/turtlebot3_ws/src/build/dynamixel_sdk' returned '0': CMAKE_PREFIX_PATH=/opt/ros/dashing CONDA_PROMPT_MODIFIER=(base) /usr/bin/cmake /home/piai/turtlebot3_ws/src/DynamixelSDK/dynamixel_sdk -DAMENT_CMAKE_SYMLINK_INSTALL=1 -DCMAKE_INSTALL_PREFIX=/home/piai/turtlebot3_ws/src/install/dynamixel_sdk
[0.605s] Invoking command in '/home/piai/turtlebot3_ws/src/build/dynamixel_sdk': CMAKE_PREFIX_PATH=/opt/ros/dashing CONDA_PROMPT_MODIFIER=(base) /usr/bin/cmake --build /home/piai/turtlebot3_ws/src/build/dynamixel_sdk -- -j20 -l20
[0.682s] [35m[1mScanning dependencies of target dynamixel_sdk[0m
[0.720s] [ 10%] [32mBuilding CXX object CMakeFiles/dynamixel_sdk.dir/src/dynamixel_sdk/group_sync_read.cpp.o[0m
[0.720s] [ 30%] [32mBuilding CXX object CMakeFiles/dynamixel_sdk.dir/src/dynamixel_sdk/group_bulk_read.cpp.o[0m
[0.721s] [ 30%] [32mBuilding CXX object CMakeFiles/dynamixel_sdk.dir/src/dynamixel_sdk/group_bulk_write.cpp.o[0m
[0.725s] [ 40%] [32mBuilding CXX object CMakeFiles/dynamixel_sdk.dir/src/dynamixel_sdk/protocol1_packet_handler.cpp.o[0m
[0.727s] [ 50%] [32mBuilding CXX object CMakeFiles/dynamixel_sdk.dir/src/dynamixel_sdk/port_handler_linux.cpp.o[0m
[0.727s] [ 60%] [32mBuilding CXX object CMakeFiles/dynamixel_sdk.dir/src/dynamixel_sdk/packet_handler.cpp.o[0m
[0.727s] [ 70%] [32mBuilding CXX object CMakeFiles/dynamixel_sdk.dir/src/dynamixel_sdk/group_sync_write.cpp.o[0m
[0.728s] [ 90%] [32mBuilding CXX object CMakeFiles/dynamixel_sdk.dir/src/dynamixel_sdk/protocol2_packet_handler.cpp.o[0m
[0.728s] [ 90%] [32mBuilding CXX object CMakeFiles/dynamixel_sdk.dir/src/dynamixel_sdk/port_handler.cpp.o[0m
[1.255s] [100%] [32m[1mLinking CXX shared library libdynamixel_sdk.so[0m
[1.374s] [100%] Built target dynamixel_sdk
