[0.062s] Invoking command in '/home/piai/turtlebot3_ws/src/build/dynamixel_sdk_custom_interfaces': CMAKE_PREFIX_PATH=/opt/ros/dashing CONDA_PROMPT_MODIFIER=(base) /usr/bin/cmake /home/piai/turtlebot3_ws/src/DynamixelSDK/dynamixel_sdk_custom_interfaces -DAMENT_CMAKE_SYMLINK_INSTALL=1 -DCMAKE_INSTALL_PREFIX=/home/piai/turtlebot3_ws/src/install/dynamixel_sdk_custom_interfaces
[0.149s] -- The C compiler identification is GNU 7.5.0
[0.263s] -- The CXX compiler identification is GNU 7.5.0
[0.272s] -- Check for working C compiler: /usr/bin/cc
[0.381s] -- Check for working C compiler: /usr/bin/cc -- works
[0.383s] -- Detecting C compiler ABI info
[0.494s] -- Detecting C compiler ABI info - done
[0.501s] -- Detecting C compile features
[0.835s] -- Detecting C compile features - done
[0.841s] -- Check for working CXX compiler: /usr/bin/c++
[0.968s] -- Check for working CXX compiler: /usr/bin/c++ -- works
[0.968s] -- Detecting CXX compiler ABI info
[1.111s] -- Detecting CXX compiler ABI info - done
[1.127s] -- Detecting CXX compile features
[1.695s] -- Detecting CXX compile features - done
[1.697s] -- Found ament_cmake: 0.7.6 (/opt/ros/dashing/share/ament_cmake/cmake)
[1.746s] -- Found PythonInterp: /home/piai/anaconda3/bin/python3 (found suitable version "3.9.15", minimum required is "3") 
[1.746s] -- Using PYTHON_EXECUTABLE: /home/piai/anaconda3/bin/python3
[2.028s] -- Override CMake install command with custom implementation using symlinks instead of copying resources
[2.055s] -- Found builtin_interfaces: 0.7.4 (/opt/ros/dashing/share/builtin_interfaces/cmake)
[2.067s] -- Found rosidl_adapter: 0.7.10 (/opt/ros/dashing/share/rosidl_adapter/cmake)
[2.102s] -- Found rosidl_default_generators: 0.7.0 (/opt/ros/dashing/share/rosidl_default_generators/cmake)
[2.230s] -- Found OpenSSL: /usr/lib/x86_64-linux-gnu/libcrypto.so (found version "1.1.1") 
[2.260s] -- Found FastRTPS: /opt/ros/dashing/include  
[2.372s] -- Found PythonInterp: /home/piai/anaconda3/bin/python3 (found version "3.9.15") 
[2.445s] CMake Error at /opt/ros/dashing/share/rosidl_adapter/cmake/rosidl_adapt_interfaces.cmake:60 (message):
[2.445s]   execute_process(/home/piai/anaconda3/bin/python3 -m rosidl_adapter
[2.445s]   --package-name dynamixel_sdk_custom_interfaces --arguments-file
[2.445s]   /home/piai/turtlebot3_ws/src/build/dynamixel_sdk_custom_interfaces/rosidl_adapter__arguments__dynamixel_sdk_custom_interfaces.json
[2.445s]   --output-dir
[2.446s]   /home/piai/turtlebot3_ws/src/build/dynamixel_sdk_custom_interfaces/rosidl_adapter/dynamixel_sdk_custom_interfaces
[2.446s]   --output-file
[2.446s]   /home/piai/turtlebot3_ws/src/build/dynamixel_sdk_custom_interfaces/rosidl_adapter/dynamixel_sdk_custom_interfaces.idls)
[2.446s]   returned error code 1:
[2.446s] 
[2.447s]   Traceback (most recent call last):
[2.447s] 
[2.447s]     File "/home/piai/anaconda3/lib/python3.9/runpy.py", line 197, in _run_module_as_main
[2.447s]       return _run_code(code, main_globals, None,
[2.448s]     File "/home/piai/anaconda3/lib/python3.9/runpy.py", line 87, in _run_code
[2.448s]       exec(code, run_globals)
[2.448s]     File "/opt/ros/dashing/lib/python3.6/site-packages/rosidl_adapter/__main__.py", line 19, in <module>
[2.448s]       sys.exit(main())
[2.449s]     File "/opt/ros/dashing/lib/python3.6/site-packages/rosidl_adapter/main.py", line 53, in main
[2.449s]       abs_idl_file = convert_to_idl(
[2.449s]     File "/opt/ros/dashing/lib/python3.6/site-packages/rosidl_adapter/__init__.py", line 18, in convert_to_idl
[2.449s]       from rosidl_adapter.msg import convert_msg_to_idl
[2.449s]     File "/opt/ros/dashing/lib/python3.6/site-packages/rosidl_adapter/msg/__init__.py", line 16, in <module>
[2.449s]       from rosidl_adapter.resource import expand_template
[2.450s]     File "/opt/ros/dashing/lib/python3.6/site-packages/rosidl_adapter/resource/__init__.py", line 19, in <module>
[2.450s]       import em
[2.450s] 
[2.450s]   ModuleNotFoundError: No module named 'em'
[2.450s] 
[2.450s] Call Stack (most recent call first):
[2.451s]   /opt/ros/dashing/share/rosidl_cmake/cmake/rosidl_generate_interfaces.cmake:130 (rosidl_adapt_interfaces)
[2.451s]   CMakeLists.txt:31 (rosidl_generate_interfaces)
[2.451s] 
[2.451s] 
[2.460s] -- Configuring incomplete, errors occurred!
[2.461s] See also "/home/piai/turtlebot3_ws/src/build/dynamixel_sdk_custom_interfaces/CMakeFiles/CMakeOutput.log".
