[0.022s] Invoking command in '/home/piai/turtlebot3_ws/src/build/dynamixel_sdk_examples': AMENT_PREFIX_PATH=/home/piai/turtlebot3_ws/src/install/dynamixel_sdk_custom_interfaces:/home/piai/turtlebot3_ws/src/install/dynamixel_sdk:${AMENT_PREFIX_PATH} CMAKE_PREFIX_PATH=/home/piai/turtlebot3_ws/src/install/dynamixel_sdk_custom_interfaces:/home/piai/turtlebot3_ws/src/install/dynamixel_sdk:/opt/ros/dashing CONDA_PROMPT_MODIFIER=(base) LD_LIBRARY_PATH=/home/piai/turtlebot3_ws/src/install/dynamixel_sdk_custom_interfaces/lib:/home/piai/turtlebot3_ws/src/install/dynamixel_sdk/lib:/usr/lib/x86_64-linux-gnu/gazebo-9/plugins:/opt/ros/dashing/opt/yaml_cpp_vendor/lib:/opt/ros/dashing/opt/rviz_ogre_vendor/lib:/opt/ros/dashing/lib:/usr/local/cuda/lib64 PYTHONPATH=/home/piai/turtlebot3_ws/src/install/dynamixel_sdk_custom_interfaces/lib/python3.9/site-packages:${PYTHONPATH} /usr/local/bin/cmake /home/piai/turtlebot3_ws/src/DynamixelSDK/dynamixel_sdk_examples -DAMENT_CMAKE_SYMLINK_INSTALL=1 -DCMAKE_INSTALL_PREFIX=/home/piai/turtlebot3_ws/src/install/dynamixel_sdk_examples
[0.109s] -- The C compiler identification is GNU 7.5.0
[0.211s] -- The CXX compiler identification is GNU 7.5.0
[0.226s] -- Detecting C compiler ABI info
[0.333s] -- Detecting C compiler ABI info - done
[0.343s] -- Check for working C compiler: /usr/bin/cc - skipped
[0.343s] -- Detecting C compile features
[0.344s] -- Detecting C compile features - done
[0.347s] -- Detecting CXX compiler ABI info
[0.461s] -- Detecting CXX compiler ABI info - done
[0.482s] -- Check for working CXX compiler: /usr/bin/c++ - skipped
[0.483s] -- Detecting CXX compile features
[0.483s] -- Detecting CXX compile features - done
[0.486s] -- Found ament_cmake: 0.7.6 (/opt/ros/dashing/share/ament_cmake/cmake)
[0.537s] -- Found PythonInterp: /home/piai/anaconda3/bin/python3 (found suitable version "3.9.15", minimum required is "3") 
[0.537s] -- Using PYTHON_EXECUTABLE: /home/piai/anaconda3/bin/python3
[0.807s] -- Override CMake install command with custom implementation using symlinks instead of copying resources
[0.841s] -- Found dynamixel_sdk: 3.7.40 (/home/piai/turtlebot3_ws/src/install/dynamixel_sdk/share/dynamixel_sdk/cmake)
[0.842s] -- Found dynamixel_sdk_custom_interfaces: 3.7.40 (/home/piai/turtlebot3_ws/src/install/dynamixel_sdk_custom_interfaces/share/dynamixel_sdk_custom_interfaces/cmake)
[0.856s] -- Found rosidl_adapter: 0.7.10 (/opt/ros/dashing/share/rosidl_adapter/cmake)
[0.893s] -- Found rclcpp: 0.7.16 (/opt/ros/dashing/share/rclcpp/cmake)
[0.910s] -- Found rmw_implementation_cmake: 0.7.2 (/opt/ros/dashing/share/rmw_implementation_cmake/cmake)
[0.911s] -- Using RMW implementation 'rmw_fastrtps_cpp' as default
[0.913s] -- Looking for pthread.h
[1.022s] -- Looking for pthread.h - found
[1.022s] -- Performing Test CMAKE_HAVE_LIBC_PTHREAD
[1.144s] -- Performing Test CMAKE_HAVE_LIBC_PTHREAD - Failed
[1.145s] -- Looking for pthread_create in pthreads
[1.241s] -- Looking for pthread_create in pthreads - not found
[1.241s] -- Looking for pthread_create in pthread
[1.358s] -- Looking for pthread_create in pthread - found
[1.361s] -- Found Threads: TRUE  
[1.414s] -- Found ament_lint_auto: 0.7.12 (/opt/ros/dashing/share/ament_lint_auto/cmake)
[1.563s] -- Added test 'copyright' to check for copyright in CMake / C / C++ / Python code
[1.564s] -- Added test 'cppcheck' to perform static code analysis on C / C++ code
[1.564s] -- Configured cppcheck include dirs: /home/piai/turtlebot3_ws/src/DynamixelSDK/dynamixel_sdk_examples/include
[1.565s] -- Added test 'cpplint' to check C / C++ code against the Google style
[1.566s] -- Added test 'lint_cmake' to check CMake code style
[1.566s] -- Added test 'uncrustify' to check C / C++ code style
[1.567s] -- Added test 'xmllint' to check XML markup files
[1.568s] -- Configuring done
[1.582s] -- Generating done
[1.583s] -- Build files have been written to: /home/piai/turtlebot3_ws/src/build/dynamixel_sdk_examples
[1.589s] Invoked command in '/home/piai/turtlebot3_ws/src/build/dynamixel_sdk_examples' returned '0': AMENT_PREFIX_PATH=/home/piai/turtlebot3_ws/src/install/dynamixel_sdk_custom_interfaces:/home/piai/turtlebot3_ws/src/install/dynamixel_sdk:${AMENT_PREFIX_PATH} CMAKE_PREFIX_PATH=/home/piai/turtlebot3_ws/src/install/dynamixel_sdk_custom_interfaces:/home/piai/turtlebot3_ws/src/install/dynamixel_sdk:/opt/ros/dashing CONDA_PROMPT_MODIFIER=(base) LD_LIBRARY_PATH=/home/piai/turtlebot3_ws/src/install/dynamixel_sdk_custom_interfaces/lib:/home/piai/turtlebot3_ws/src/install/dynamixel_sdk/lib:/usr/lib/x86_64-linux-gnu/gazebo-9/plugins:/opt/ros/dashing/opt/yaml_cpp_vendor/lib:/opt/ros/dashing/opt/rviz_ogre_vendor/lib:/opt/ros/dashing/lib:/usr/local/cuda/lib64 PYTHONPATH=/home/piai/turtlebot3_ws/src/install/dynamixel_sdk_custom_interfaces/lib/python3.9/site-packages:${PYTHONPATH} /usr/local/bin/cmake /home/piai/turtlebot3_ws/src/DynamixelSDK/dynamixel_sdk_examples -DAMENT_CMAKE_SYMLINK_INSTALL=1 -DCMAKE_INSTALL_PREFIX=/home/piai/turtlebot3_ws/src/install/dynamixel_sdk_examples
[1.595s] Invoking command in '/home/piai/turtlebot3_ws/src/build/dynamixel_sdk_examples': AMENT_PREFIX_PATH=/home/piai/turtlebot3_ws/src/install/dynamixel_sdk_custom_interfaces:/home/piai/turtlebot3_ws/src/install/dynamixel_sdk:${AMENT_PREFIX_PATH} CMAKE_PREFIX_PATH=/home/piai/turtlebot3_ws/src/install/dynamixel_sdk_custom_interfaces:/home/piai/turtlebot3_ws/src/install/dynamixel_sdk:/opt/ros/dashing CONDA_PROMPT_MODIFIER=(base) LD_LIBRARY_PATH=/home/piai/turtlebot3_ws/src/install/dynamixel_sdk_custom_interfaces/lib:/home/piai/turtlebot3_ws/src/install/dynamixel_sdk/lib:/usr/lib/x86_64-linux-gnu/gazebo-9/plugins:/opt/ros/dashing/opt/yaml_cpp_vendor/lib:/opt/ros/dashing/opt/rviz_ogre_vendor/lib:/opt/ros/dashing/lib:/usr/local/cuda/lib64 PYTHONPATH=/home/piai/turtlebot3_ws/src/install/dynamixel_sdk_custom_interfaces/lib/python3.9/site-packages:${PYTHONPATH} /usr/local/bin/cmake --build /home/piai/turtlebot3_ws/src/build/dynamixel_sdk_examples -- -j20 -l20
[1.655s] [ 50%] [32mBuilding CXX object CMakeFiles/read_write_node.dir/src/read_write_node.cpp.o[0m
[4.164s] [100%] [32m[1mLinking CXX executable read_write_node[0m
[4.348s] [100%] Built target read_write_node
[4.355s] Invoked command in '/home/piai/turtlebot3_ws/src/build/dynamixel_sdk_examples' returned '0': AMENT_PREFIX_PATH=/home/piai/turtlebot3_ws/src/install/dynamixel_sdk_custom_interfaces:/home/piai/turtlebot3_ws/src/install/dynamixel_sdk:${AMENT_PREFIX_PATH} CMAKE_PREFIX_PATH=/home/piai/turtlebot3_ws/src/install/dynamixel_sdk_custom_interfaces:/home/piai/turtlebot3_ws/src/install/dynamixel_sdk:/opt/ros/dashing CONDA_PROMPT_MODIFIER=(base) LD_LIBRARY_PATH=/home/piai/turtlebot3_ws/src/install/dynamixel_sdk_custom_interfaces/lib:/home/piai/turtlebot3_ws/src/install/dynamixel_sdk/lib:/usr/lib/x86_64-linux-gnu/gazebo-9/plugins:/opt/ros/dashing/opt/yaml_cpp_vendor/lib:/opt/ros/dashing/opt/rviz_ogre_vendor/lib:/opt/ros/dashing/lib:/usr/local/cuda/lib64 PYTHONPATH=/home/piai/turtlebot3_ws/src/install/dynamixel_sdk_custom_interfaces/lib/python3.9/site-packages:${PYTHONPATH} /usr/local/bin/cmake --build /home/piai/turtlebot3_ws/src/build/dynamixel_sdk_examples -- -j20 -l20
[4.400s] Invoking command in '/home/piai/turtlebot3_ws/src/build/dynamixel_sdk_examples': AMENT_PREFIX_PATH=/home/piai/turtlebot3_ws/src/install/dynamixel_sdk_custom_interfaces:/home/piai/turtlebot3_ws/src/install/dynamixel_sdk:${AMENT_PREFIX_PATH} CMAKE_PREFIX_PATH=/home/piai/turtlebot3_ws/src/install/dynamixel_sdk_custom_interfaces:/home/piai/turtlebot3_ws/src/install/dynamixel_sdk:/opt/ros/dashing CONDA_PROMPT_MODIFIER=(base) LD_LIBRARY_PATH=/home/piai/turtlebot3_ws/src/install/dynamixel_sdk_custom_interfaces/lib:/home/piai/turtlebot3_ws/src/install/dynamixel_sdk/lib:/usr/lib/x86_64-linux-gnu/gazebo-9/plugins:/opt/ros/dashing/opt/yaml_cpp_vendor/lib:/opt/ros/dashing/opt/rviz_ogre_vendor/lib:/opt/ros/dashing/lib:/usr/local/cuda/lib64 PYTHONPATH=/home/piai/turtlebot3_ws/src/install/dynamixel_sdk_custom_interfaces/lib/python3.9/site-packages:${PYTHONPATH} /usr/local/bin/cmake --install /home/piai/turtlebot3_ws/src/build/dynamixel_sdk_examples
[4.408s] -- Install configuration: ""
[4.409s] -- Execute custom install script
[4.410s] -- Symlinking: /home/piai/turtlebot3_ws/src/install/dynamixel_sdk_examples/lib/dynamixel_sdk_examples/read_write_node
[4.419s] -- Symlinking: /home/piai/turtlebot3_ws/src/install/dynamixel_sdk_examples/share/ament_index/resource_index/package_run_dependencies/dynamixel_sdk_examples
[4.427s] -- Symlinking: /home/piai/turtlebot3_ws/src/install/dynamixel_sdk_examples/share/ament_index/resource_index/parent_prefix_path/dynamixel_sdk_examples
[4.436s] -- Symlinking: /home/piai/turtlebot3_ws/src/install/dynamixel_sdk_examples/share/dynamixel_sdk_examples/environment/ament_prefix_path.sh
[4.445s] -- Symlinking: /home/piai/turtlebot3_ws/src/install/dynamixel_sdk_examples/share/dynamixel_sdk_examples/environment/path.sh
[4.450s] -- Symlinking: /home/piai/turtlebot3_ws/src/install/dynamixel_sdk_examples/share/dynamixel_sdk_examples/local_setup.bash
[4.459s] -- Symlinking: /home/piai/turtlebot3_ws/src/install/dynamixel_sdk_examples/share/dynamixel_sdk_examples/local_setup.sh
[4.464s] -- Symlinking: /home/piai/turtlebot3_ws/src/install/dynamixel_sdk_examples/share/dynamixel_sdk_examples/local_setup.zsh
[4.470s] -- Symlinking: /home/piai/turtlebot3_ws/src/install/dynamixel_sdk_examples/share/ament_index/resource_index/packages/dynamixel_sdk_examples
[4.474s] -- Symlinking: /home/piai/turtlebot3_ws/src/install/dynamixel_sdk_examples/share/dynamixel_sdk_examples/cmake/dynamixel_sdk_examplesConfig.cmake
[4.479s] -- Symlinking: /home/piai/turtlebot3_ws/src/install/dynamixel_sdk_examples/share/dynamixel_sdk_examples/cmake/dynamixel_sdk_examplesConfig-version.cmake
[4.487s] -- Symlinking: /home/piai/turtlebot3_ws/src/install/dynamixel_sdk_examples/share/dynamixel_sdk_examples/package.xml
[4.503s] Invoked command in '/home/piai/turtlebot3_ws/src/build/dynamixel_sdk_examples' returned '0': AMENT_PREFIX_PATH=/home/piai/turtlebot3_ws/src/install/dynamixel_sdk_custom_interfaces:/home/piai/turtlebot3_ws/src/install/dynamixel_sdk:${AMENT_PREFIX_PATH} CMAKE_PREFIX_PATH=/home/piai/turtlebot3_ws/src/install/dynamixel_sdk_custom_interfaces:/home/piai/turtlebot3_ws/src/install/dynamixel_sdk:/opt/ros/dashing CONDA_PROMPT_MODIFIER=(base) LD_LIBRARY_PATH=/home/piai/turtlebot3_ws/src/install/dynamixel_sdk_custom_interfaces/lib:/home/piai/turtlebot3_ws/src/install/dynamixel_sdk/lib:/usr/lib/x86_64-linux-gnu/gazebo-9/plugins:/opt/ros/dashing/opt/yaml_cpp_vendor/lib:/opt/ros/dashing/opt/rviz_ogre_vendor/lib:/opt/ros/dashing/lib:/usr/local/cuda/lib64 PYTHONPATH=/home/piai/turtlebot3_ws/src/install/dynamixel_sdk_custom_interfaces/lib/python3.9/site-packages:${PYTHONPATH} /usr/local/bin/cmake --install /home/piai/turtlebot3_ws/src/build/dynamixel_sdk_examples
