[0.630s] Invoking command in '/home/piai/turtlebot3_ws/src/build/turtlebot3_example': AMENT_PREFIX_PATH=/home/piai/turtlebot3_ws/src/install/turtlebot3_msgs:${AMENT_PREFIX_PATH} CMAKE_PREFIX_PATH=/home/piai/turtlebot3_ws/src/install/turtlebot3_msgs CONDA_PROMPT_MODIFIER=(base) LD_LIBRARY_PATH=/home/piai/turtlebot3_ws/src/install/turtlebot3_msgs/lib:${LD_LIBRARY_PATH} PYTHONPATH=/home/piai/turtlebot3_ws/src/build/turtlebot3_example/prefix_override:/home/piai/turtlebot3_ws/src/install/turtlebot3_example/lib/python3.6/site-packages:/home/piai/turtlebot3_ws/src/install/turtlebot3_msgs/lib/python3.9/site-packages:${PYTHONPATH} /usr/bin/python3 setup.py develop --editable --build-directory /home/piai/turtlebot3_ws/src/build/turtlebot3_example/build --no-deps install_data
[0.878s] running develop
[0.975s] running egg_info
[0.976s] creating turtlebot3_example.egg-info
[0.976s] writing turtlebot3_example.egg-info/PKG-INFO
[0.976s] writing dependency_links to turtlebot3_example.egg-info/dependency_links.txt
[0.976s] writing entry points to turtlebot3_example.egg-info/entry_points.txt
[0.977s] writing requirements to turtlebot3_example.egg-info/requires.txt
[0.977s] writing top-level names to turtlebot3_example.egg-info/top_level.txt
[0.977s] writing manifest file 'turtlebot3_example.egg-info/SOURCES.txt'
[1.008s] reading manifest file 'turtlebot3_example.egg-info/SOURCES.txt'
[1.008s] writing manifest file 'turtlebot3_example.egg-info/SOURCES.txt'
[1.010s] running build_ext
[1.010s] Creating /home/piai/turtlebot3_ws/src/install/turtlebot3_example/lib/python3.6/site-packages/site.py
[1.011s] Creating /home/piai/turtlebot3_ws/src/install/turtlebot3_example/lib/python3.6/site-packages/turtlebot3-example.egg-link (link to .)
[1.012s] Installing turtlebot3_obstacle_detection script to /home/piai/turtlebot3_ws/src/install/turtlebot3_example/lib/turtlebot3_example
[1.012s] Installing turtlebot3_patrol_client script to /home/piai/turtlebot3_ws/src/install/turtlebot3_example/lib/turtlebot3_example
[1.013s] Installing turtlebot3_patrol_server script to /home/piai/turtlebot3_ws/src/install/turtlebot3_example/lib/turtlebot3_example
[1.013s] Installing turtlebot3_position_control script to /home/piai/turtlebot3_ws/src/install/turtlebot3_example/lib/turtlebot3_example
[1.013s] 
[1.013s] Installed /home/piai/turtlebot3_ws/src/build/turtlebot3_example
[1.013s] running install_data
[1.014s] creating /home/piai/turtlebot3_ws/src/install/turtlebot3_example/share/ament_index
[1.014s] creating /home/piai/turtlebot3_ws/src/install/turtlebot3_example/share/ament_index/resource_index
[1.014s] creating /home/piai/turtlebot3_ws/src/install/turtlebot3_example/share/ament_index/resource_index/packages
[1.014s] copying resource/turtlebot3_example -> /home/piai/turtlebot3_ws/src/install/turtlebot3_example/share/ament_index/resource_index/packages
[1.014s] copying package.xml -> /home/piai/turtlebot3_ws/src/install/turtlebot3_example/share/turtlebot3_example
[1.046s] Invoked command in '/home/piai/turtlebot3_ws/src/build/turtlebot3_example' returned '0': AMENT_PREFIX_PATH=/home/piai/turtlebot3_ws/src/install/turtlebot3_msgs:${AMENT_PREFIX_PATH} CMAKE_PREFIX_PATH=/home/piai/turtlebot3_ws/src/install/turtlebot3_msgs CONDA_PROMPT_MODIFIER=(base) LD_LIBRARY_PATH=/home/piai/turtlebot3_ws/src/install/turtlebot3_msgs/lib:${LD_LIBRARY_PATH} PYTHONPATH=/home/piai/turtlebot3_ws/src/build/turtlebot3_example/prefix_override:/home/piai/turtlebot3_ws/src/install/turtlebot3_example/lib/python3.6/site-packages:/home/piai/turtlebot3_ws/src/install/turtlebot3_msgs/lib/python3.9/site-packages:${PYTHONPATH} /usr/bin/python3 setup.py develop --editable --build-directory /home/piai/turtlebot3_ws/src/build/turtlebot3_example/build --no-deps install_data
