-- Found action_msgs: 0.7.4 (/opt/ros/dashing/share/action_msgs/cmake)
-- Found PythonInterp: /home/piai/anaconda3/bin/python3 (found suitable version "3.9.15", minimum required is "3") 
-- Using PYTHON_EXECUTABLE: /home/piai/anaconda3/bin/python3
-- Override CMake install command with custom implementation using symlinks instead of copying resources
-- Found rosidl_adapter: 0.7.10 (/opt/ros/dashing/share/rosidl_adapter/cmake)
-- Found ament_cmake: 0.7.6 (/opt/ros/dashing/share/ament_cmake/cmake)
-- Found rosidl_default_generators: 0.7.0 (/opt/ros/dashing/share/rosidl_default_generators/cmake)
-- Found std_msgs: 0.7.1 (/opt/ros/dashing/share/std_msgs/cmake)
-- Found PythonInterp: /home/piai/anaconda3/bin/python3 (found version "3.9.15") 
-- Found ament_cmake_cppcheck: 0.7.12 (/opt/ros/dashing/share/ament_cmake_cppcheck/cmake)
-- Found ament_cmake_cpplint: 0.7.12 (/opt/ros/dashing/share/ament_cmake_cpplint/cmake)
-- Found ament_cmake_uncrustify: 0.7.12 (/opt/ros/dashing/share/ament_cmake_uncrustify/cmake)
-- Using single matching rosidl_typesupport_c: rosidl_typesupport_fastrtps_c
-- Using single matching rosidl_typesupport_cpp: rosidl_typesupport_fastrtps_cpp
-- Found rmw_implementation_cmake: 0.7.2 (/opt/ros/dashing/share/rmw_implementation_cmake/cmake)
-- Found PythonInterp: /home/piai/anaconda3/bin/python3 (found suitable version "3.9.15", minimum required is "3.5") 
-- Found python_cmake_module: 0.7.11 (/opt/ros/dashing/share/python_cmake_module/cmake)
-- Found PythonLibs: /home/piai/anaconda3/lib/libpython3.9.so (found suitable version "3.9.15", minimum required is "3.5") 
-- Using PYTHON_EXECUTABLE: /home/piai/anaconda3/bin/python3
-- Using PYTHON_INCLUDE_DIRS: /home/piai/anaconda3/include/python3.9
-- Using PYTHON_LIBRARIES: /home/piai/anaconda3/lib/libpython3.9.so
-- Found PythonExtra: .so  
-- Using numpy include directory: /home/piai/anaconda3/lib/python3.9/site-packages/numpy/core/include
-- Found ament_cmake_flake8: 0.7.12 (/opt/ros/dashing/share/ament_cmake_flake8/cmake)
-- Found ament_cmake_pep257: 0.7.12 (/opt/ros/dashing/share/ament_cmake_pep257/cmake)
-- Configuring done
-- Generating done
-- Build files have been written to: /home/piai/turtlebot3_ws/src/build/turtlebot3_msgs
[35m[1mScanning dependencies of target turtlebot3_msgs__cpp[0m
[  1%] [34m[1mGenerating C code for ROS interfaces[0m
[  2%] [34m[1mGenerating C++ code for ROS interfaces[0m
CMakeFiles/turtlebot3_msgs__rosidl_generator_c.dir/build.make:116: recipe for target 'rosidl_generator_c/turtlebot3_msgs/msg/sensor_state.h' failed
CMakeFiles/Makefile2:181: recipe for target 'CMakeFiles/turtlebot3_msgs__rosidl_generator_c.dir/all' failed
CMakeFiles/turtlebot3_msgs__cpp.dir/build.make:129: recipe for target 'rosidl_generator_cpp/turtlebot3_msgs/msg/sensor_state.hpp' failed
CMakeFiles/Makefile2:417: recipe for target 'CMakeFiles/turtlebot3_msgs__cpp.dir/all' failed
Makefile:140: recipe for target 'all' failed
