-- The C compiler identification is GNU 7.5.0
-- The CXX compiler identification is GNU 7.5.0
-- Check for working C compiler: /usr/bin/cc
-- Check for working C compiler: /usr/bin/cc -- works
-- Detecting C compiler ABI info
-- Detecting C compiler ABI info - done
-- Detecting C compile features
-- Detecting C compile features - done
-- Check for working CXX compiler: /usr/bin/c++
-- Check for working CXX compiler: /usr/bin/c++ -- works
-- Detecting CXX compiler ABI info
-- Detecting CXX compiler ABI info - done
-- Detecting CXX compile features
-- Detecting CXX compile features - done
-- Found ament_cmake: 0.7.6 (/opt/ros/dashing/share/ament_cmake/cmake)
-- Found PythonInterp: /home/piai/anaconda3/bin/python3 (found suitable version "3.9.15", minimum required is "3") 
-- Using PYTHON_EXECUTABLE: /home/piai/anaconda3/bin/python3
-- Override CMake install command with custom implementation using symlinks instead of copying resources
Traceback (most recent call last):
  File "/opt/ros/dashing/share/ament_cmake_core/cmake/core/package_xml_2_cmake.py", line 21, in <module>
    from catkin_pkg.package import parse_package_string
ModuleNotFoundError: No module named 'catkin_pkg'
CMake Error at /opt/ros/dashing/share/ament_cmake_core/cmake/core/ament_package_xml.cmake:94 (message):
  execute_process(/home/piai/anaconda3/bin/python3
  /opt/ros/dashing/share/ament_cmake_core/cmake/core/package_xml_2_cmake.py
  /home/piai/turtlebot3_ws/src/turtlebot3/turtlebot3_navigation2/package.xml
  /home/piai/turtlebot3_ws/src/build/turtlebot3_navigation2/ament_cmake_core/package.cmake)
  returned error code 1
Call Stack (most recent call first):
  /opt/ros/dashing/share/ament_cmake_core/cmake/core/ament_package_xml.cmake:49 (_ament_package_xml)
  /opt/ros/dashing/share/ament_cmake_core/cmake/core/ament_package.cmake:63 (ament_package_xml)
  CMakeLists.txt:23 (ament_package)


-- Configuring incomplete, errors occurred!
See also "/home/piai/turtlebot3_ws/src/build/turtlebot3_navigation2/CMakeFiles/CMakeOutput.log".
