[0.059s] Invoking command in '/home/piai/turtlebot3_ws/src/build/turtlebot3_navigation2': CMAKE_PREFIX_PATH=/opt/ros/dashing CONDA_PROMPT_MODIFIER=(base) /usr/bin/cmake /home/piai/turtlebot3_ws/src/turtlebot3/turtlebot3_navigation2 -DAMENT_CMAKE_SYMLINK_INSTALL=1 -DCMAKE_INSTALL_PREFIX=/home/piai/turtlebot3_ws/src/install/turtlebot3_navigation2
[0.140s] -- The C compiler identification is GNU 7.5.0
[0.231s] -- The CXX compiler identification is GNU 7.5.0
[0.236s] -- Check for working C compiler: /usr/bin/cc
[0.348s] -- Check for working C compiler: /usr/bin/cc -- works
[0.348s] -- Detecting C compiler ABI info
[0.441s] -- Detecting C compiler ABI info - done
[0.454s] -- Detecting C compile features
[0.789s] -- Detecting C compile features - done
[0.798s] -- Check for working CXX compiler: /usr/bin/c++
[0.925s] -- Check for working CXX compiler: /usr/bin/c++ -- works
[0.925s] -- Detecting CXX compiler ABI info
[1.043s] -- Detecting CXX compiler ABI info - done
[1.047s] -- Detecting CXX compile features
[1.600s] -- Detecting CXX compile features - done
[1.605s] -- Found ament_cmake: 0.7.6 (/opt/ros/dashing/share/ament_cmake/cmake)
[1.654s] -- Found PythonInterp: /home/piai/anaconda3/bin/python3 (found suitable version "3.9.15", minimum required is "3") 
[1.654s] -- Using PYTHON_EXECUTABLE: /home/piai/anaconda3/bin/python3
[1.952s] -- Override CMake install command with custom implementation using symlinks instead of copying resources
[2.032s] Traceback (most recent call last):
[2.032s]   File "/opt/ros/dashing/share/ament_cmake_core/cmake/core/package_xml_2_cmake.py", line 21, in <module>
[2.032s]     from catkin_pkg.package import parse_package_string
[2.033s] ModuleNotFoundError: No module named 'catkin_pkg'
[2.036s] CMake Error at /opt/ros/dashing/share/ament_cmake_core/cmake/core/ament_package_xml.cmake:94 (message):
[2.036s]   execute_process(/home/piai/anaconda3/bin/python3
[2.036s]   /opt/ros/dashing/share/ament_cmake_core/cmake/core/package_xml_2_cmake.py
[2.036s]   /home/piai/turtlebot3_ws/src/turtlebot3/turtlebot3_navigation2/package.xml
[2.036s]   /home/piai/turtlebot3_ws/src/build/turtlebot3_navigation2/ament_cmake_core/package.cmake)
[2.036s]   returned error code 1
[2.037s] Call Stack (most recent call first):
[2.037s]   /opt/ros/dashing/share/ament_cmake_core/cmake/core/ament_package_xml.cmake:49 (_ament_package_xml)
[2.037s]   /opt/ros/dashing/share/ament_cmake_core/cmake/core/ament_package.cmake:63 (ament_package_xml)
[2.037s]   CMakeLists.txt:23 (ament_package)
[2.037s] 
[2.037s] 
[2.037s] -- Configuring incomplete, errors occurred!
[2.038s] See also "/home/piai/turtlebot3_ws/src/build/turtlebot3_navigation2/CMakeFiles/CMakeOutput.log".
[2.042s] Invoked command in '/home/piai/turtlebot3_ws/src/build/turtlebot3_navigation2' returned '1': CMAKE_PREFIX_PATH=/opt/ros/dashing CONDA_PROMPT_MODIFIER=(base) /usr/bin/cmake /home/piai/turtlebot3_ws/src/turtlebot3/turtlebot3_navigation2 -DAMENT_CMAKE_SYMLINK_INSTALL=1 -DCMAKE_INSTALL_PREFIX=/home/piai/turtlebot3_ws/src/install/turtlebot3_navigation2
