[0.718s] Invoking command in '/home/piai/turtlebot3_ws/src/build/turtlebot3_teleop': CONDA_PROMPT_MODIFIER=(base) PYTHONPATH=/home/piai/turtlebot3_ws/src/build/turtlebot3_teleop/prefix_override:/home/piai/turtlebot3_ws/src/install/turtlebot3_teleop/lib/python3.6/site-packages:${PYTHONPATH} /usr/bin/python3 setup.py develop --editable --build-directory /home/piai/turtlebot3_ws/src/build/turtlebot3_teleop/build --no-deps install_data
[0.941s] running develop
[1.038s] running egg_info
[1.040s] creating turtlebot3_teleop.egg-info
[1.046s] writing turtlebot3_teleop.egg-info/PKG-INFO
[1.046s] writing dependency_links to turtlebot3_teleop.egg-info/dependency_links.txt
[1.048s] writing entry points to turtlebot3_teleop.egg-info/entry_points.txt
[1.049s] writing requirements to turtlebot3_teleop.egg-info/requires.txt
[1.050s] writing top-level names to turtlebot3_teleop.egg-info/top_level.txt
[1.050s] writing manifest file 'turtlebot3_teleop.egg-info/SOURCES.txt'
[1.071s] reading manifest file 'turtlebot3_teleop.egg-info/SOURCES.txt'
[1.072s] writing manifest file 'turtlebot3_teleop.egg-info/SOURCES.txt'
[1.074s] running build_ext
[1.074s] Creating /home/piai/turtlebot3_ws/src/install/turtlebot3_teleop/lib/python3.6/site-packages/site.py
[1.075s] Creating /home/piai/turtlebot3_ws/src/install/turtlebot3_teleop/lib/python3.6/site-packages/turtlebot3-teleop.egg-link (link to .)
[1.076s] Installing teleop_keyboard script to /home/piai/turtlebot3_ws/src/install/turtlebot3_teleop/lib/turtlebot3_teleop
[1.077s] 
[1.077s] Installed /home/piai/turtlebot3_ws/src/build/turtlebot3_teleop
[1.077s] running install_data
[1.078s] creating /home/piai/turtlebot3_ws/src/install/turtlebot3_teleop/share/ament_index
[1.078s] creating /home/piai/turtlebot3_ws/src/install/turtlebot3_teleop/share/ament_index/resource_index
[1.079s] creating /home/piai/turtlebot3_ws/src/install/turtlebot3_teleop/share/ament_index/resource_index/packages
[1.079s] copying resource/turtlebot3_teleop -> /home/piai/turtlebot3_ws/src/install/turtlebot3_teleop/share/ament_index/resource_index/packages
[1.080s] copying package.xml -> /home/piai/turtlebot3_ws/src/install/turtlebot3_teleop/share/turtlebot3_teleop
[1.138s] Invoked command in '/home/piai/turtlebot3_ws/src/build/turtlebot3_teleop' returned '0': CONDA_PROMPT_MODIFIER=(base) PYTHONPATH=/home/piai/turtlebot3_ws/src/build/turtlebot3_teleop/prefix_override:/home/piai/turtlebot3_ws/src/install/turtlebot3_teleop/lib/python3.6/site-packages:${PYTHONPATH} /usr/bin/python3 setup.py develop --editable --build-directory /home/piai/turtlebot3_ws/src/build/turtlebot3_teleop/build --no-deps install_data
